<?xml version="1.0" encoding="utf-8"?><testsuites><testsuite name="pytest" errors="0" failures="0" skipped="0" tests="4" time="0.637" timestamp="2023-04-21T14:10:40.644305" hostname="LAPTOP-EJNE6FTK"><testcase classname="testcase.debugApi.test_debug_api.TestDebugApi" name="test_add_user[case_info0]" time="0.418" /><testcase classname="testcase.debugApi.test_debug_api.TestDebugApi" name="test_update_user[case_info0]" time="0.019" /><testcase classname="testcase.debugApi.test_debug_api.TestDebugApi" name="test_delete_user[case_info0]" time="0.032" /><testcase classname="testcase.debugApi.test_debug_api.TestDebugApi" name="test_query_user[case_info0]" time="0.039" /></testsuite></testsuites>