INFO - 2023-04-13 10:06:51,343 - sendrequest.py:135 -[sendrequest:run_main] - 接口名称：用户登录
INFO - 2023-04-13 10:06:51,343 - sendrequest.py:136 -[sendrequest:run_main] - 请求地址：http://127.0.0.1:8787/dar/user/login
INFO - 2023-04-13 10:06:51,343 - sendrequest.py:137 -[sendrequest:run_main] - 请求方式：post
INFO - 2023-04-13 10:06:51,343 - sendrequest.py:138 -[sendrequest:run_main] - 测试用例名称：用户名和密码正确登录验证
INFO - 2023-04-13 10:06:51,343 - sendrequest.py:139 -[sendrequest:run_main] - 请求头：{'Content-Type': 'application/x-www-form-urlencoded;charset=UTF-8'}
INFO - 2023-04-13 10:06:51,343 - sendrequest.py:140 -[sendrequest:run_main] - Cookie：None
INFO - 2023-04-13 10:06:51,344 - sendrequest.py:144 -[sendrequest:run_main] - 请求参数：{'data': {'user_name': 'test01', 'passwd': 'admin123'}}
ERROR - 2023-04-13 10:06:53,383 - sendrequest.py:110 -[sendrequest:send_request] - ConnectionError--连接异常
INFO - 2023-04-13 10:07:36,000 - sendrequest.py:135 -[sendrequest:run_main] - 接口名称：用户登录
INFO - 2023-04-13 10:07:36,000 - sendrequest.py:136 -[sendrequest:run_main] - 请求地址：http://127.0.0.1:8787/dar/user/login
INFO - 2023-04-13 10:07:36,000 - sendrequest.py:137 -[sendrequest:run_main] - 请求方式：post
INFO - 2023-04-13 10:07:36,000 - sendrequest.py:138 -[sendrequest:run_main] - 测试用例名称：用户名和密码正确登录验证
INFO - 2023-04-13 10:07:36,000 - sendrequest.py:139 -[sendrequest:run_main] - 请求头：{'Content-Type': 'application/x-www-form-urlencoded;charset=UTF-8'}
INFO - 2023-04-13 10:07:36,000 - sendrequest.py:140 -[sendrequest:run_main] - Cookie：None
INFO - 2023-04-13 10:07:36,001 - sendrequest.py:144 -[sendrequest:run_main] - 请求参数：{'data': {'user_name': 'test01', 'passwd': 'admin123'}}
INFO - 2023-04-13 10:07:36,009 - sendrequest.py:108 -[sendrequest:send_request] - 接口返回信息：{
  "error_code": null,
  "msg": "登录成功",
  "msg_code": 200,
  "token": "4154236488911488365"
}

INFO - 2023-04-13 10:07:36,011 - apiutil.py:166 -[apiutil:extract_data] - json提取到参数：{'token': '4154236488911488365'}
INFO - 2023-04-13 10:07:36,012 - assertions.py:166 -[assertions:assert_result] - yaml文件预期结果：[{'contains': {'error_code': 'none'}}, {'eq': {'msg': '登录成功'}}]
INFO - 2023-04-13 10:07:36,012 - assertions.py:45 -[assertions:contains_assert] - 字符串包含断言成功：预期结果【None】,实际结果【[None]】
INFO - 2023-04-13 10:07:36,012 - assertions.py:70 -[assertions:equal_assert] - 相等断言成功：接口实际结果：{'msg': '登录成功'}，等于预期结果：{'msg': '登录成功'}
INFO - 2023-04-13 10:07:36,012 - assertions.py:189 -[assertions:assert_result] - 测试成功
INFO - 2023-04-13 10:07:36,013 - test_debug_api.py:14 -[test_debug_api:setup_class] - 环境初始化....
INFO - 2023-04-13 10:07:36,013 - conftest.py:20 -[conftest:start_test_and_end] - -------------接口测试开始--------------
INFO - 2023-04-13 10:07:36,020 - sendrequest.py:135 -[sendrequest:run_main] - 接口名称：新增用户
INFO - 2023-04-13 10:07:36,020 - sendrequest.py:136 -[sendrequest:run_main] - 请求地址：http://127.0.0.1:8787/dar/user/addUser
INFO - 2023-04-13 10:07:36,020 - sendrequest.py:137 -[sendrequest:run_main] - 请求方式：POST
INFO - 2023-04-13 10:07:36,020 - sendrequest.py:138 -[sendrequest:run_main] - 测试用例名称：正常新增用户
INFO - 2023-04-13 10:07:36,020 - sendrequest.py:139 -[sendrequest:run_main] - 请求头：{'Content-Type': 'application/x-www-form-urlencoded;charset=UTF-8'}
INFO - 2023-04-13 10:07:36,021 - sendrequest.py:140 -[sendrequest:run_main] - Cookie：None
INFO - 2023-04-13 10:07:36,021 - sendrequest.py:144 -[sendrequest:run_main] - 请求参数：{'data': {'username': 'testadduser', 'password': 'tset6789890', 'role_id': 123456789, 'dates': '2023-12-31', 'phone': 13800000000, 'token': '4154236488911488365'}}
INFO - 2023-04-13 10:07:36,035 - sendrequest.py:108 -[sendrequest:send_request] - 接口返回信息：{
  "error_code": null,
  "msg": "新增成功",
  "msg_code": 200
}

INFO - 2023-04-13 10:07:36,037 - assertions.py:166 -[assertions:assert_result] - yaml文件预期结果：[{'contains': {'status_code': 200}}, {'contains': {'msg': '新增成功'}}]
INFO - 2023-04-13 10:07:36,038 - assertions.py:45 -[assertions:contains_assert] - 字符串包含断言成功：预期结果【新增成功】,实际结果【新增成功】
INFO - 2023-04-13 10:07:36,038 - assertions.py:189 -[assertions:assert_result] - 测试成功
INFO - 2023-04-13 10:07:36,055 - conftest.py:22 -[conftest:start_test_and_end] - -------------接口测试结束--------------
INFO - 2023-04-13 10:07:36,059 - conftest.py:20 -[conftest:start_test_and_end] - -------------接口测试开始--------------
INFO - 2023-04-13 10:07:36,063 - sendrequest.py:135 -[sendrequest:run_main] - 接口名称：修改用户
INFO - 2023-04-13 10:07:36,063 - sendrequest.py:136 -[sendrequest:run_main] - 请求地址：http://127.0.0.1:8787/dar/user/updateUser
INFO - 2023-04-13 10:07:36,063 - sendrequest.py:137 -[sendrequest:run_main] - 请求方式：POST
INFO - 2023-04-13 10:07:36,063 - sendrequest.py:138 -[sendrequest:run_main] - 测试用例名称：正常修改用户信息
INFO - 2023-04-13 10:07:36,063 - sendrequest.py:139 -[sendrequest:run_main] - 请求头：{'Content-Type': 'application/x-www-form-urlencoded;charset=UTF-8'}
INFO - 2023-04-13 10:07:36,064 - sendrequest.py:140 -[sendrequest:run_main] - Cookie：None
INFO - 2023-04-13 10:07:36,064 - sendrequest.py:144 -[sendrequest:run_main] - 请求参数：{'data': {'username': 'testadduser', 'password': 'tset6789#$123', 'role_id': 89588181111112343, 'dates': '2023-12-31', 'phone': 13800000000}}
INFO - 2023-04-13 10:07:36,069 - sendrequest.py:108 -[sendrequest:send_request] - 接口返回信息：{
  "error_code": null,
  "msg": "更新成功",
  "msg_code": 200
}

INFO - 2023-04-13 10:07:36,071 - assertions.py:166 -[assertions:assert_result] - yaml文件预期结果：[{'contains': {'status_code': 200}}, {'contains': {'msg': '更新成功'}}]
INFO - 2023-04-13 10:07:36,071 - assertions.py:45 -[assertions:contains_assert] - 字符串包含断言成功：预期结果【更新成功】,实际结果【更新成功】
INFO - 2023-04-13 10:07:36,071 - assertions.py:189 -[assertions:assert_result] - 测试成功
INFO - 2023-04-13 10:07:36,095 - conftest.py:22 -[conftest:start_test_and_end] - -------------接口测试结束--------------
INFO - 2023-04-13 10:07:36,098 - conftest.py:20 -[conftest:start_test_and_end] - -------------接口测试开始--------------
INFO - 2023-04-13 10:07:36,104 - sendrequest.py:135 -[sendrequest:run_main] - 接口名称：删除用户
INFO - 2023-04-13 10:07:36,104 - sendrequest.py:136 -[sendrequest:run_main] - 请求地址：http://127.0.0.1:8787/dar/user/deleteUser
INFO - 2023-04-13 10:07:36,104 - sendrequest.py:137 -[sendrequest:run_main] - 请求方式：POST
INFO - 2023-04-13 10:07:36,104 - sendrequest.py:138 -[sendrequest:run_main] - 测试用例名称：有效删除用户
INFO - 2023-04-13 10:07:36,105 - sendrequest.py:139 -[sendrequest:run_main] - 请求头：{'Content-Type': 'application/x-www-form-urlencoded;charset=UTF-8'}
INFO - 2023-04-13 10:07:36,105 - sendrequest.py:140 -[sendrequest:run_main] - Cookie：None
INFO - 2023-04-13 10:07:36,105 - sendrequest.py:144 -[sendrequest:run_main] - 请求参数：{'data': {'user_id': 123839387391912}}
INFO - 2023-04-13 10:07:36,127 - sendrequest.py:108 -[sendrequest:send_request] - 接口返回信息：{
  "error_code": null,
  "msg": "删除成功!",
  "msg_code": 200
}

INFO - 2023-04-13 10:07:36,128 - assertions.py:166 -[assertions:assert_result] - yaml文件预期结果：[{'contains': {'msg': '删除成功'}}]
INFO - 2023-04-13 10:07:36,128 - assertions.py:45 -[assertions:contains_assert] - 字符串包含断言成功：预期结果【删除成功】,实际结果【删除成功!】
INFO - 2023-04-13 10:07:36,128 - assertions.py:189 -[assertions:assert_result] - 测试成功
INFO - 2023-04-13 10:07:36,142 - conftest.py:22 -[conftest:start_test_and_end] - -------------接口测试结束--------------
INFO - 2023-04-13 10:07:36,144 - conftest.py:20 -[conftest:start_test_and_end] - -------------接口测试开始--------------
INFO - 2023-04-13 10:07:36,149 - sendrequest.py:135 -[sendrequest:run_main] - 接口名称：用户查询
INFO - 2023-04-13 10:07:36,149 - sendrequest.py:136 -[sendrequest:run_main] - 请求地址：http://127.0.0.1:8787/dar/user/queryUser
INFO - 2023-04-13 10:07:36,149 - sendrequest.py:137 -[sendrequest:run_main] - 请求方式：POST
INFO - 2023-04-13 10:07:36,149 - sendrequest.py:138 -[sendrequest:run_main] - 测试用例名称：有效查询用户
INFO - 2023-04-13 10:07:36,149 - sendrequest.py:139 -[sendrequest:run_main] - 请求头：{'Content-Type': 'application/x-www-form-urlencoded;charset=UTF-8'}
INFO - 2023-04-13 10:07:36,149 - sendrequest.py:140 -[sendrequest:run_main] - Cookie：None
INFO - 2023-04-13 10:07:36,150 - sendrequest.py:144 -[sendrequest:run_main] - 请求参数：{'data': {'user_id': 123839387391912}}
INFO - 2023-04-13 10:07:36,173 - sendrequest.py:108 -[sendrequest:send_request] - 接口返回信息：{
  "error_code": null,
  "msg": "查询成功!",
  "msg_code": 200
}

INFO - 2023-04-13 10:07:36,175 - assertions.py:166 -[assertions:assert_result] - yaml文件预期结果：[{'contains': {'msg': '查询成功'}}, {'eq': {'msg_code': 200}}]
INFO - 2023-04-13 10:07:36,175 - assertions.py:45 -[assertions:contains_assert] - 字符串包含断言成功：预期结果【查询成功】,实际结果【查询成功!】
INFO - 2023-04-13 10:07:36,175 - assertions.py:70 -[assertions:equal_assert] - 相等断言成功：接口实际结果：{'msg_code': 200}，等于预期结果：{'msg_code': 200}
INFO - 2023-04-13 10:07:36,175 - assertions.py:189 -[assertions:assert_result] - 测试成功
INFO - 2023-04-13 10:07:36,188 - conftest.py:22 -[conftest:start_test_and_end] - -------------接口测试结束--------------
INFO - 2023-04-13 10:07:36,189 - test_debug_api.py:45 -[test_debug_api:teardown_class] - 正在清理测试数据....
INFO - 2023-04-13 16:13:37,893 - sendrequest.py:135 -[sendrequest:run_main] - 接口名称：用户登录
INFO - 2023-04-13 16:13:37,894 - sendrequest.py:136 -[sendrequest:run_main] - 请求地址：http://127.0.0.1:8787/dar/user/login
INFO - 2023-04-13 16:13:37,895 - sendrequest.py:137 -[sendrequest:run_main] - 请求方式：post
INFO - 2023-04-13 16:13:37,895 - sendrequest.py:138 -[sendrequest:run_main] - 测试用例名称：用户名和密码正确登录验证
INFO - 2023-04-13 16:13:37,895 - sendrequest.py:139 -[sendrequest:run_main] - 请求头：{'Content-Type': 'application/x-www-form-urlencoded;charset=UTF-8'}
INFO - 2023-04-13 16:13:37,895 - sendrequest.py:140 -[sendrequest:run_main] - Cookie：None
INFO - 2023-04-13 16:13:37,896 - sendrequest.py:144 -[sendrequest:run_main] - 请求参数：{'data': {'user_name': 'test01', 'passwd': 'admin123'}}
INFO - 2023-04-13 16:13:37,902 - sendrequest.py:108 -[sendrequest:send_request] - 接口返回信息：{
  "error_code": null,
  "msg": "登录成功",
  "msg_code": 200,
  "token": "4361331265241925218"
}

INFO - 2023-04-13 16:13:37,904 - apiutil.py:166 -[apiutil:extract_data] - json提取到参数：{'token': '4361331265241925218'}
INFO - 2023-04-13 16:13:37,905 - assertions.py:166 -[assertions:assert_result] - yaml文件预期结果：[{'contains': {'error_code': 'none'}}, {'eq': {'msg': '登录成功'}}]
INFO - 2023-04-13 16:13:37,905 - assertions.py:45 -[assertions:contains_assert] - 字符串包含断言成功：预期结果【None】,实际结果【[None]】
INFO - 2023-04-13 16:13:37,905 - assertions.py:70 -[assertions:equal_assert] - 相等断言成功：接口实际结果：{'msg': '登录成功'}，等于预期结果：{'msg': '登录成功'}
INFO - 2023-04-13 16:13:37,905 - assertions.py:189 -[assertions:assert_result] - 测试成功
INFO - 2023-04-13 16:13:37,906 - test_debug_api.py:14 -[test_debug_api:setup_class] - 环境初始化....
INFO - 2023-04-13 16:13:37,906 - conftest.py:20 -[conftest:start_test_and_end] - -------------接口测试开始--------------
INFO - 2023-04-13 16:13:39,867 - conftest.py:22 -[conftest:start_test_and_end] - -------------接口测试结束--------------
INFO - 2023-04-13 16:13:39,870 - conftest.py:20 -[conftest:start_test_and_end] - -------------接口测试开始--------------
INFO - 2023-04-13 16:13:39,874 - sendrequest.py:135 -[sendrequest:run_main] - 接口名称：修改用户
INFO - 2023-04-13 16:13:39,874 - sendrequest.py:136 -[sendrequest:run_main] - 请求地址：http://127.0.0.1:8787/dar/user/updateUser
INFO - 2023-04-13 16:13:39,874 - sendrequest.py:137 -[sendrequest:run_main] - 请求方式：POST
INFO - 2023-04-13 16:13:39,874 - sendrequest.py:138 -[sendrequest:run_main] - 测试用例名称：正常修改用户信息
INFO - 2023-04-13 16:13:39,874 - sendrequest.py:139 -[sendrequest:run_main] - 请求头：{'Content-Type': 'application/x-www-form-urlencoded;charset=UTF-8'}
INFO - 2023-04-13 16:13:39,874 - sendrequest.py:140 -[sendrequest:run_main] - Cookie：None
INFO - 2023-04-13 16:13:39,875 - sendrequest.py:144 -[sendrequest:run_main] - 请求参数：{'data': {'username': 'testadduser', 'password': 'tset6789#$123', 'role_id': 89588181111112343, 'dates': '2023-12-31', 'phone': 13800000000}}
INFO - 2023-04-13 16:13:39,892 - sendrequest.py:108 -[sendrequest:send_request] - 接口返回信息：{
  "error_code": null,
  "msg": "更新成功",
  "msg_code": 200
}

INFO - 2023-04-13 16:13:39,895 - assertions.py:166 -[assertions:assert_result] - yaml文件预期结果：[{'contains': {'status_code': 200}}, {'contains': {'msg': '更新成功'}}]
INFO - 2023-04-13 16:13:39,895 - assertions.py:45 -[assertions:contains_assert] - 字符串包含断言成功：预期结果【更新成功】,实际结果【更新成功】
INFO - 2023-04-13 16:13:39,895 - assertions.py:189 -[assertions:assert_result] - 测试成功
INFO - 2023-04-13 16:13:39,907 - conftest.py:22 -[conftest:start_test_and_end] - -------------接口测试结束--------------
INFO - 2023-04-13 16:13:39,911 - conftest.py:20 -[conftest:start_test_and_end] - -------------接口测试开始--------------
INFO - 2023-04-13 16:13:39,916 - sendrequest.py:135 -[sendrequest:run_main] - 接口名称：删除用户
INFO - 2023-04-13 16:13:39,916 - sendrequest.py:136 -[sendrequest:run_main] - 请求地址：http://127.0.0.1:8787/dar/user/deleteUser
INFO - 2023-04-13 16:13:39,916 - sendrequest.py:137 -[sendrequest:run_main] - 请求方式：POST
INFO - 2023-04-13 16:13:39,916 - sendrequest.py:138 -[sendrequest:run_main] - 测试用例名称：有效删除用户
INFO - 2023-04-13 16:13:39,916 - sendrequest.py:139 -[sendrequest:run_main] - 请求头：{'Content-Type': 'application/x-www-form-urlencoded;charset=UTF-8'}
INFO - 2023-04-13 16:13:39,916 - sendrequest.py:140 -[sendrequest:run_main] - Cookie：None
INFO - 2023-04-13 16:13:39,917 - sendrequest.py:144 -[sendrequest:run_main] - 请求参数：{'data': {'user_id': 123839387391912}}
INFO - 2023-04-13 16:13:39,939 - sendrequest.py:108 -[sendrequest:send_request] - 接口返回信息：{
  "error_code": null,
  "msg": "删除成功!",
  "msg_code": 200
}

INFO - 2023-04-13 16:13:39,940 - assertions.py:166 -[assertions:assert_result] - yaml文件预期结果：[{'contains': {'msg': '删除成功'}}]
INFO - 2023-04-13 16:13:39,940 - assertions.py:45 -[assertions:contains_assert] - 字符串包含断言成功：预期结果【删除成功】,实际结果【删除成功!】
INFO - 2023-04-13 16:13:39,941 - assertions.py:189 -[assertions:assert_result] - 测试成功
INFO - 2023-04-13 16:13:39,954 - conftest.py:22 -[conftest:start_test_and_end] - -------------接口测试结束--------------
INFO - 2023-04-13 16:13:39,957 - conftest.py:20 -[conftest:start_test_and_end] - -------------接口测试开始--------------
INFO - 2023-04-13 16:13:39,962 - sendrequest.py:135 -[sendrequest:run_main] - 接口名称：用户查询
INFO - 2023-04-13 16:13:39,962 - sendrequest.py:136 -[sendrequest:run_main] - 请求地址：http://127.0.0.1:8787/dar/user/queryUser
INFO - 2023-04-13 16:13:39,962 - sendrequest.py:137 -[sendrequest:run_main] - 请求方式：POST
INFO - 2023-04-13 16:13:39,962 - sendrequest.py:138 -[sendrequest:run_main] - 测试用例名称：有效查询用户
INFO - 2023-04-13 16:13:39,962 - sendrequest.py:139 -[sendrequest:run_main] - 请求头：{'Content-Type': 'application/x-www-form-urlencoded;charset=UTF-8'}
INFO - 2023-04-13 16:13:39,962 - sendrequest.py:140 -[sendrequest:run_main] - Cookie：None
INFO - 2023-04-13 16:13:39,963 - sendrequest.py:144 -[sendrequest:run_main] - 请求参数：{'data': {'user_id': 123839387391912}}
INFO - 2023-04-13 16:13:39,986 - sendrequest.py:108 -[sendrequest:send_request] - 接口返回信息：{
  "error_code": null,
  "msg": "查询成功!",
  "msg_code": 200
}

INFO - 2023-04-13 16:13:39,987 - assertions.py:166 -[assertions:assert_result] - yaml文件预期结果：[{'contains': {'msg': '查询成功'}}, {'eq': {'msg_code': 200}}]
INFO - 2023-04-13 16:13:39,987 - assertions.py:45 -[assertions:contains_assert] - 字符串包含断言成功：预期结果【查询成功】,实际结果【查询成功!】
INFO - 2023-04-13 16:13:39,987 - assertions.py:70 -[assertions:equal_assert] - 相等断言成功：接口实际结果：{'msg_code': 200}，等于预期结果：{'msg_code': 200}
INFO - 2023-04-13 16:13:39,988 - assertions.py:189 -[assertions:assert_result] - 测试成功
INFO - 2023-04-13 16:13:40,001 - conftest.py:22 -[conftest:start_test_and_end] - -------------接口测试结束--------------
INFO - 2023-04-13 16:13:40,002 - test_debug_api.py:46 -[test_debug_api:teardown_class] - 正在清理测试数据....
INFO - 2023-04-13 16:26:13,684 - sendrequest.py:135 -[sendrequest:run_main] - 接口名称：用户登录
INFO - 2023-04-13 16:26:13,684 - sendrequest.py:136 -[sendrequest:run_main] - 请求地址：http://127.0.0.1:8787/dar/user/login
INFO - 2023-04-13 16:26:13,684 - sendrequest.py:137 -[sendrequest:run_main] - 请求方式：post
INFO - 2023-04-13 16:26:13,684 - sendrequest.py:138 -[sendrequest:run_main] - 测试用例名称：用户名和密码正确登录验证
INFO - 2023-04-13 16:26:13,684 - sendrequest.py:139 -[sendrequest:run_main] - 请求头：{'Content-Type': 'application/x-www-form-urlencoded;charset=UTF-8'}
INFO - 2023-04-13 16:26:13,684 - sendrequest.py:140 -[sendrequest:run_main] - Cookie：None
INFO - 2023-04-13 16:26:13,685 - sendrequest.py:144 -[sendrequest:run_main] - 请求参数：{'data': {'user_name': 'test01', 'passwd': 'admin123'}}
INFO - 2023-04-13 16:26:13,691 - sendrequest.py:108 -[sendrequest:send_request] - 接口返回信息：{
  "error_code": null,
  "msg": "登录成功",
  "msg_code": 200,
  "token": "3387724125481387651"
}

INFO - 2023-04-13 16:26:13,693 - apiutil.py:166 -[apiutil:extract_data] - json提取到参数：{'token': '3387724125481387651'}
INFO - 2023-04-13 16:26:13,693 - assertions.py:166 -[assertions:assert_result] - yaml文件预期结果：[{'contains': {'error_code': 'none'}}, {'eq': {'msg': '登录成功'}}]
INFO - 2023-04-13 16:26:13,694 - assertions.py:45 -[assertions:contains_assert] - 字符串包含断言成功：预期结果【None】,实际结果【[None]】
INFO - 2023-04-13 16:26:13,694 - assertions.py:70 -[assertions:equal_assert] - 相等断言成功：接口实际结果：{'msg': '登录成功'}，等于预期结果：{'msg': '登录成功'}
INFO - 2023-04-13 16:26:13,694 - assertions.py:189 -[assertions:assert_result] - 测试成功
INFO - 2023-04-13 16:26:13,694 - test_debug_api.py:14 -[test_debug_api:setup_class] - 环境初始化....
INFO - 2023-04-13 16:26:13,694 - conftest.py:20 -[conftest:start_test_and_end] - -------------接口测试开始--------------
INFO - 2023-04-13 16:26:14,199 - conftest.py:22 -[conftest:start_test_and_end] - -------------接口测试结束--------------
INFO - 2023-04-13 16:26:14,201 - conftest.py:20 -[conftest:start_test_and_end] - -------------接口测试开始--------------
INFO - 2023-04-13 16:26:14,206 - sendrequest.py:135 -[sendrequest:run_main] - 接口名称：修改用户
INFO - 2023-04-13 16:26:14,206 - sendrequest.py:136 -[sendrequest:run_main] - 请求地址：http://127.0.0.1:8787/dar/user/updateUser
INFO - 2023-04-13 16:26:14,206 - sendrequest.py:137 -[sendrequest:run_main] - 请求方式：POST
INFO - 2023-04-13 16:26:14,206 - sendrequest.py:138 -[sendrequest:run_main] - 测试用例名称：正常修改用户信息
INFO - 2023-04-13 16:26:14,206 - sendrequest.py:139 -[sendrequest:run_main] - 请求头：{'Content-Type': 'application/x-www-form-urlencoded;charset=UTF-8'}
INFO - 2023-04-13 16:26:14,206 - sendrequest.py:140 -[sendrequest:run_main] - Cookie：None
INFO - 2023-04-13 16:26:14,207 - sendrequest.py:144 -[sendrequest:run_main] - 请求参数：{'data': {'username': 'testadduser', 'password': 'tset6789#$123', 'role_id': 89588181111112343, 'dates': '2023-12-31', 'phone': 13800000000}}
INFO - 2023-04-13 16:26:14,210 - sendrequest.py:108 -[sendrequest:send_request] - 接口返回信息：{
  "error_code": null,
  "msg": "更新成功",
  "msg_code": 200
}

INFO - 2023-04-13 16:26:14,212 - assertions.py:166 -[assertions:assert_result] - yaml文件预期结果：[{'contains': {'status_code': 200}}, {'contains': {'msg': '更新成功'}}]
INFO - 2023-04-13 16:26:14,212 - assertions.py:45 -[assertions:contains_assert] - 字符串包含断言成功：预期结果【更新成功】,实际结果【更新成功】
INFO - 2023-04-13 16:26:14,212 - assertions.py:189 -[assertions:assert_result] - 测试成功
INFO - 2023-04-13 16:26:14,225 - conftest.py:22 -[conftest:start_test_and_end] - -------------接口测试结束--------------
INFO - 2023-04-13 16:26:14,228 - conftest.py:20 -[conftest:start_test_and_end] - -------------接口测试开始--------------
INFO - 2023-04-13 16:26:14,232 - sendrequest.py:135 -[sendrequest:run_main] - 接口名称：删除用户
INFO - 2023-04-13 16:26:14,232 - sendrequest.py:136 -[sendrequest:run_main] - 请求地址：http://127.0.0.1:8787/dar/user/deleteUser
INFO - 2023-04-13 16:26:14,232 - sendrequest.py:137 -[sendrequest:run_main] - 请求方式：POST
INFO - 2023-04-13 16:26:14,232 - sendrequest.py:138 -[sendrequest:run_main] - 测试用例名称：有效删除用户
INFO - 2023-04-13 16:26:14,233 - sendrequest.py:139 -[sendrequest:run_main] - 请求头：{'Content-Type': 'application/x-www-form-urlencoded;charset=UTF-8'}
INFO - 2023-04-13 16:26:14,233 - sendrequest.py:140 -[sendrequest:run_main] - Cookie：None
INFO - 2023-04-13 16:26:14,233 - sendrequest.py:144 -[sendrequest:run_main] - 请求参数：{'data': {'user_id': 123839387391912}}
INFO - 2023-04-13 16:26:14,236 - sendrequest.py:108 -[sendrequest:send_request] - 接口返回信息：{
  "error_code": null,
  "msg": "删除成功!",
  "msg_code": 200
}

INFO - 2023-04-13 16:26:14,237 - assertions.py:166 -[assertions:assert_result] - yaml文件预期结果：[{'contains': {'msg': '删除成功'}}]
INFO - 2023-04-13 16:26:14,237 - assertions.py:45 -[assertions:contains_assert] - 字符串包含断言成功：预期结果【删除成功】,实际结果【删除成功!】
INFO - 2023-04-13 16:26:14,237 - assertions.py:189 -[assertions:assert_result] - 测试成功
INFO - 2023-04-13 16:26:14,256 - conftest.py:22 -[conftest:start_test_and_end] - -------------接口测试结束--------------
INFO - 2023-04-13 16:26:14,260 - conftest.py:20 -[conftest:start_test_and_end] - -------------接口测试开始--------------
INFO - 2023-04-13 16:26:14,265 - sendrequest.py:135 -[sendrequest:run_main] - 接口名称：用户查询
INFO - 2023-04-13 16:26:14,265 - sendrequest.py:136 -[sendrequest:run_main] - 请求地址：http://127.0.0.1:8787/dar/user/queryUser
INFO - 2023-04-13 16:26:14,265 - sendrequest.py:137 -[sendrequest:run_main] - 请求方式：POST
INFO - 2023-04-13 16:26:14,265 - sendrequest.py:138 -[sendrequest:run_main] - 测试用例名称：有效查询用户
INFO - 2023-04-13 16:26:14,265 - sendrequest.py:139 -[sendrequest:run_main] - 请求头：{'Content-Type': 'application/x-www-form-urlencoded;charset=UTF-8'}
INFO - 2023-04-13 16:26:14,265 - sendrequest.py:140 -[sendrequest:run_main] - Cookie：None
INFO - 2023-04-13 16:26:14,266 - sendrequest.py:144 -[sendrequest:run_main] - 请求参数：{'data': {'user_id': 123839387391912}}
INFO - 2023-04-13 16:26:14,288 - sendrequest.py:108 -[sendrequest:send_request] - 接口返回信息：{
  "error_code": null,
  "msg": "查询成功!",
  "msg_code": 200
}

INFO - 2023-04-13 16:26:14,289 - assertions.py:166 -[assertions:assert_result] - yaml文件预期结果：[{'contains': {'msg': '查询成功'}}, {'eq': {'msg_code': 200}}]
INFO - 2023-04-13 16:26:14,289 - assertions.py:45 -[assertions:contains_assert] - 字符串包含断言成功：预期结果【查询成功】,实际结果【查询成功!】
INFO - 2023-04-13 16:26:14,290 - assertions.py:70 -[assertions:equal_assert] - 相等断言成功：接口实际结果：{'msg_code': 200}，等于预期结果：{'msg_code': 200}
INFO - 2023-04-13 16:26:14,290 - assertions.py:189 -[assertions:assert_result] - 测试成功
INFO - 2023-04-13 16:26:14,303 - conftest.py:22 -[conftest:start_test_and_end] - -------------接口测试结束--------------
INFO - 2023-04-13 16:26:14,304 - test_debug_api.py:46 -[test_debug_api:teardown_class] - 正在清理测试数据....
INFO - 2023-04-13 16:26:48,856 - sendrequest.py:135 -[sendrequest:run_main] - 接口名称：用户登录
INFO - 2023-04-13 16:26:48,856 - sendrequest.py:136 -[sendrequest:run_main] - 请求地址：http://127.0.0.1:8787/dar/user/login
INFO - 2023-04-13 16:26:48,856 - sendrequest.py:137 -[sendrequest:run_main] - 请求方式：post
INFO - 2023-04-13 16:26:48,856 - sendrequest.py:138 -[sendrequest:run_main] - 测试用例名称：用户名和密码正确登录验证
INFO - 2023-04-13 16:26:48,856 - sendrequest.py:139 -[sendrequest:run_main] - 请求头：{'Content-Type': 'application/x-www-form-urlencoded;charset=UTF-8'}
INFO - 2023-04-13 16:26:48,856 - sendrequest.py:140 -[sendrequest:run_main] - Cookie：None
INFO - 2023-04-13 16:26:48,857 - sendrequest.py:144 -[sendrequest:run_main] - 请求参数：{'data': {'user_name': 'test01', 'passwd': 'admin123'}}
INFO - 2023-04-13 16:26:48,877 - sendrequest.py:108 -[sendrequest:send_request] - 接口返回信息：{
  "error_code": null,
  "msg": "登录成功",
  "msg_code": 200,
  "token": "5450039213638979535"
}

INFO - 2023-04-13 16:26:48,879 - apiutil.py:166 -[apiutil:extract_data] - json提取到参数：{'token': '5450039213638979535'}
INFO - 2023-04-13 16:26:48,880 - assertions.py:166 -[assertions:assert_result] - yaml文件预期结果：[{'contains': {'error_code': 'none'}}, {'eq': {'msg': '登录成功'}}]
INFO - 2023-04-13 16:26:48,880 - assertions.py:45 -[assertions:contains_assert] - 字符串包含断言成功：预期结果【None】,实际结果【[None]】
INFO - 2023-04-13 16:26:48,880 - assertions.py:70 -[assertions:equal_assert] - 相等断言成功：接口实际结果：{'msg': '登录成功'}，等于预期结果：{'msg': '登录成功'}
INFO - 2023-04-13 16:26:48,880 - assertions.py:189 -[assertions:assert_result] - 测试成功
INFO - 2023-04-13 16:26:48,880 - test_debug_api.py:14 -[test_debug_api:setup_class] - 环境初始化....
INFO - 2023-04-13 16:26:48,881 - conftest.py:20 -[conftest:start_test_and_end] - -------------接口测试开始--------------
INFO - 2023-04-13 16:26:48,887 - sendrequest.py:135 -[sendrequest:run_main] - 接口名称：新增用户
INFO - 2023-04-13 16:26:48,887 - sendrequest.py:136 -[sendrequest:run_main] - 请求地址：http://127.0.0.1:8787/dar/user/addUser
INFO - 2023-04-13 16:26:48,887 - sendrequest.py:137 -[sendrequest:run_main] - 请求方式：POST
INFO - 2023-04-13 16:26:48,887 - sendrequest.py:138 -[sendrequest:run_main] - 测试用例名称：正常新增用户
INFO - 2023-04-13 16:26:48,888 - sendrequest.py:139 -[sendrequest:run_main] - 请求头：{'Content-Type': 'application/x-www-form-urlencoded;charset=UTF-8'}
INFO - 2023-04-13 16:26:48,888 - sendrequest.py:140 -[sendrequest:run_main] - Cookie：None
INFO - 2023-04-13 16:26:48,888 - sendrequest.py:144 -[sendrequest:run_main] - 请求参数：{'data': {'username': 'testadduser', 'password': 'tset6789890', 'role_id': 123456789, 'dates': '2023-12-31', 'phone': 13800000000, 'token': '5450039213638979535'}}
INFO - 2023-04-13 16:26:48,892 - sendrequest.py:108 -[sendrequest:send_request] - 接口返回信息：{
  "error_code": null,
  "msg": "新增成功",
  "msg_code": 200
}

INFO - 2023-04-13 16:26:48,893 - assertions.py:166 -[assertions:assert_result] - yaml文件预期结果：[{'contains': {'status_code': 200}}, {'contains': {'msg': '新增成功'}}]
INFO - 2023-04-13 16:26:48,894 - assertions.py:45 -[assertions:contains_assert] - 字符串包含断言成功：预期结果【新增成功】,实际结果【新增成功】
INFO - 2023-04-13 16:26:48,894 - assertions.py:189 -[assertions:assert_result] - 测试成功
INFO - 2023-04-13 16:26:48,913 - conftest.py:22 -[conftest:start_test_and_end] - -------------接口测试结束--------------
INFO - 2023-04-13 16:26:48,916 - conftest.py:20 -[conftest:start_test_and_end] - -------------接口测试开始--------------
INFO - 2023-04-13 16:26:48,920 - sendrequest.py:135 -[sendrequest:run_main] - 接口名称：修改用户
INFO - 2023-04-13 16:26:48,920 - sendrequest.py:136 -[sendrequest:run_main] - 请求地址：http://127.0.0.1:8787/dar/user/updateUser
INFO - 2023-04-13 16:26:48,920 - sendrequest.py:137 -[sendrequest:run_main] - 请求方式：POST
INFO - 2023-04-13 16:26:48,920 - sendrequest.py:138 -[sendrequest:run_main] - 测试用例名称：正常修改用户信息
INFO - 2023-04-13 16:26:48,920 - sendrequest.py:139 -[sendrequest:run_main] - 请求头：{'Content-Type': 'application/x-www-form-urlencoded;charset=UTF-8'}
INFO - 2023-04-13 16:26:48,920 - sendrequest.py:140 -[sendrequest:run_main] - Cookie：None
INFO - 2023-04-13 16:26:48,921 - sendrequest.py:144 -[sendrequest:run_main] - 请求参数：{'data': {'username': 'testadduser', 'password': 'tset6789#$123', 'role_id': 89588181111112343, 'dates': '2023-12-31', 'phone': 13800000000}}
INFO - 2023-04-13 16:26:48,924 - sendrequest.py:108 -[sendrequest:send_request] - 接口返回信息：{
  "error_code": null,
  "msg": "更新成功",
  "msg_code": 200
}

INFO - 2023-04-13 16:26:48,925 - assertions.py:166 -[assertions:assert_result] - yaml文件预期结果：[{'contains': {'status_code': 200}}, {'contains': {'msg': '更新成功'}}]
INFO - 2023-04-13 16:26:48,925 - assertions.py:45 -[assertions:contains_assert] - 字符串包含断言成功：预期结果【更新成功】,实际结果【更新成功】
INFO - 2023-04-13 16:26:48,925 - assertions.py:189 -[assertions:assert_result] - 测试成功
INFO - 2023-04-13 16:26:48,938 - conftest.py:22 -[conftest:start_test_and_end] - -------------接口测试结束--------------
INFO - 2023-04-13 16:26:48,942 - conftest.py:20 -[conftest:start_test_and_end] - -------------接口测试开始--------------
INFO - 2023-04-13 16:26:48,946 - sendrequest.py:135 -[sendrequest:run_main] - 接口名称：删除用户
INFO - 2023-04-13 16:26:48,946 - sendrequest.py:136 -[sendrequest:run_main] - 请求地址：http://127.0.0.1:8787/dar/user/deleteUser
INFO - 2023-04-13 16:26:48,946 - sendrequest.py:137 -[sendrequest:run_main] - 请求方式：POST
INFO - 2023-04-13 16:26:48,946 - sendrequest.py:138 -[sendrequest:run_main] - 测试用例名称：有效删除用户
INFO - 2023-04-13 16:26:48,946 - sendrequest.py:139 -[sendrequest:run_main] - 请求头：{'Content-Type': 'application/x-www-form-urlencoded;charset=UTF-8'}
INFO - 2023-04-13 16:26:48,946 - sendrequest.py:140 -[sendrequest:run_main] - Cookie：None
INFO - 2023-04-13 16:26:48,947 - sendrequest.py:144 -[sendrequest:run_main] - 请求参数：{'data': {'user_id': 123839387391912}}
INFO - 2023-04-13 16:26:48,970 - sendrequest.py:108 -[sendrequest:send_request] - 接口返回信息：{
  "error_code": null,
  "msg": "删除成功!",
  "msg_code": 200
}

INFO - 2023-04-13 16:26:48,971 - assertions.py:166 -[assertions:assert_result] - yaml文件预期结果：[{'contains': {'msg': '删除成功'}}]
INFO - 2023-04-13 16:26:48,972 - assertions.py:45 -[assertions:contains_assert] - 字符串包含断言成功：预期结果【删除成功】,实际结果【删除成功!】
INFO - 2023-04-13 16:26:48,972 - assertions.py:189 -[assertions:assert_result] - 测试成功
INFO - 2023-04-13 16:26:48,984 - conftest.py:22 -[conftest:start_test_and_end] - -------------接口测试结束--------------
INFO - 2023-04-13 16:26:48,987 - conftest.py:20 -[conftest:start_test_and_end] - -------------接口测试开始--------------
INFO - 2023-04-13 16:26:48,991 - sendrequest.py:135 -[sendrequest:run_main] - 接口名称：用户查询
INFO - 2023-04-13 16:26:48,991 - sendrequest.py:136 -[sendrequest:run_main] - 请求地址：http://127.0.0.1:8787/dar/user/queryUser
INFO - 2023-04-13 16:26:48,991 - sendrequest.py:137 -[sendrequest:run_main] - 请求方式：POST
INFO - 2023-04-13 16:26:48,992 - sendrequest.py:138 -[sendrequest:run_main] - 测试用例名称：有效查询用户
INFO - 2023-04-13 16:26:48,992 - sendrequest.py:139 -[sendrequest:run_main] - 请求头：{'Content-Type': 'application/x-www-form-urlencoded;charset=UTF-8'}
INFO - 2023-04-13 16:26:48,992 - sendrequest.py:140 -[sendrequest:run_main] - Cookie：None
INFO - 2023-04-13 16:26:48,992 - sendrequest.py:144 -[sendrequest:run_main] - 请求参数：{'data': {'user_id': 123839387391912}}
INFO - 2023-04-13 16:26:49,016 - sendrequest.py:108 -[sendrequest:send_request] - 接口返回信息：{
  "error_code": null,
  "msg": "查询成功!",
  "msg_code": 200
}

INFO - 2023-04-13 16:26:49,017 - assertions.py:166 -[assertions:assert_result] - yaml文件预期结果：[{'contains': {'msg': '查询成功'}}, {'eq': {'msg_code': 200}}]
INFO - 2023-04-13 16:26:49,018 - assertions.py:45 -[assertions:contains_assert] - 字符串包含断言成功：预期结果【查询成功】,实际结果【查询成功!】
INFO - 2023-04-13 16:26:49,018 - assertions.py:70 -[assertions:equal_assert] - 相等断言成功：接口实际结果：{'msg_code': 200}，等于预期结果：{'msg_code': 200}
INFO - 2023-04-13 16:26:49,018 - assertions.py:189 -[assertions:assert_result] - 测试成功
INFO - 2023-04-13 16:26:49,031 - conftest.py:22 -[conftest:start_test_and_end] - -------------接口测试结束--------------
INFO - 2023-04-13 16:26:49,032 - test_debug_api.py:47 -[test_debug_api:teardown_class] - 正在清理测试数据....
INFO - 2023-04-13 16:30:24,382 - sendrequest.py:135 -[sendrequest:run_main] - 接口名称：用户登录
INFO - 2023-04-13 16:30:24,382 - sendrequest.py:136 -[sendrequest:run_main] - 请求地址：http://127.0.0.1:8787/dar/user/login
INFO - 2023-04-13 16:30:24,382 - sendrequest.py:137 -[sendrequest:run_main] - 请求方式：post
INFO - 2023-04-13 16:30:24,382 - sendrequest.py:138 -[sendrequest:run_main] - 测试用例名称：用户名和密码正确登录验证
INFO - 2023-04-13 16:30:24,382 - sendrequest.py:139 -[sendrequest:run_main] - 请求头：{'Content-Type': 'application/x-www-form-urlencoded;charset=UTF-8'}
INFO - 2023-04-13 16:30:24,382 - sendrequest.py:140 -[sendrequest:run_main] - Cookie：None
INFO - 2023-04-13 16:30:24,383 - sendrequest.py:144 -[sendrequest:run_main] - 请求参数：{'data': {'user_name': 'test01', 'passwd': 'admin123'}}
INFO - 2023-04-13 16:30:24,389 - sendrequest.py:108 -[sendrequest:send_request] - 接口返回信息：{
  "error_code": null,
  "msg": "登录成功",
  "msg_code": 200,
  "token": "3312539366572172291"
}

INFO - 2023-04-13 16:30:24,391 - apiutil.py:166 -[apiutil:extract_data] - json提取到参数：{'token': '3312539366572172291'}
INFO - 2023-04-13 16:30:24,392 - assertions.py:166 -[assertions:assert_result] - yaml文件预期结果：[{'contains': {'error_code': 'none'}}, {'eq': {'msg': '登录成功'}}]
INFO - 2023-04-13 16:30:24,393 - assertions.py:45 -[assertions:contains_assert] - 字符串包含断言成功：预期结果【None】,实际结果【[None]】
INFO - 2023-04-13 16:30:24,393 - assertions.py:70 -[assertions:equal_assert] - 相等断言成功：接口实际结果：{'msg': '登录成功'}，等于预期结果：{'msg': '登录成功'}
INFO - 2023-04-13 16:30:24,393 - assertions.py:189 -[assertions:assert_result] - 测试成功
INFO - 2023-04-13 16:30:24,393 - test_debug_api.py:14 -[test_debug_api:setup_class] - 环境初始化....
INFO - 2023-04-13 16:30:24,393 - conftest.py:20 -[conftest:start_test_and_end] - -------------接口测试开始--------------
INFO - 2023-04-13 16:30:24,399 - sendrequest.py:135 -[sendrequest:run_main] - 接口名称：新增用户
INFO - 2023-04-13 16:30:24,399 - sendrequest.py:136 -[sendrequest:run_main] - 请求地址：http://127.0.0.1:8787/dar/user/addUser
INFO - 2023-04-13 16:30:24,399 - sendrequest.py:137 -[sendrequest:run_main] - 请求方式：POST
INFO - 2023-04-13 16:30:24,399 - sendrequest.py:138 -[sendrequest:run_main] - 测试用例名称：正常新增用户
INFO - 2023-04-13 16:30:24,399 - sendrequest.py:139 -[sendrequest:run_main] - 请求头：{'Content-Type': 'application/x-www-form-urlencoded;charset=UTF-8'}
INFO - 2023-04-13 16:30:24,399 - sendrequest.py:140 -[sendrequest:run_main] - Cookie：None
INFO - 2023-04-13 16:30:24,400 - sendrequest.py:144 -[sendrequest:run_main] - 请求参数：{'data': {'username': 'testadduser', 'password': 'tset6789890', 'role_id': 123456789, 'dates': '2023-12-31', 'phone': 13800000000, 'token': '3312539366572172291'}}
INFO - 2023-04-13 16:30:24,422 - sendrequest.py:108 -[sendrequest:send_request] - 接口返回信息：{
  "error_code": null,
  "msg": "新增成功",
  "msg_code": 200
}

INFO - 2023-04-13 16:30:24,424 - assertions.py:166 -[assertions:assert_result] - yaml文件预期结果：[{'contains': {'status_code': 200}}, {'contains': {'msg': '新增成功'}}]
INFO - 2023-04-13 16:30:24,424 - assertions.py:45 -[assertions:contains_assert] - 字符串包含断言成功：预期结果【新增成功】,实际结果【新增成功】
INFO - 2023-04-13 16:30:24,424 - assertions.py:189 -[assertions:assert_result] - 测试成功
INFO - 2023-04-13 16:30:24,443 - conftest.py:22 -[conftest:start_test_and_end] - -------------接口测试结束--------------
INFO - 2023-04-13 16:30:24,447 - conftest.py:20 -[conftest:start_test_and_end] - -------------接口测试开始--------------
INFO - 2023-04-13 16:30:24,451 - sendrequest.py:135 -[sendrequest:run_main] - 接口名称：修改用户
INFO - 2023-04-13 16:30:24,451 - sendrequest.py:136 -[sendrequest:run_main] - 请求地址：http://127.0.0.1:8787/dar/user/updateUser
INFO - 2023-04-13 16:30:24,451 - sendrequest.py:137 -[sendrequest:run_main] - 请求方式：POST
INFO - 2023-04-13 16:30:24,452 - sendrequest.py:138 -[sendrequest:run_main] - 测试用例名称：正常修改用户信息
INFO - 2023-04-13 16:30:24,452 - sendrequest.py:139 -[sendrequest:run_main] - 请求头：{'Content-Type': 'application/x-www-form-urlencoded;charset=UTF-8'}
INFO - 2023-04-13 16:30:24,452 - sendrequest.py:140 -[sendrequest:run_main] - Cookie：None
INFO - 2023-04-13 16:30:24,452 - sendrequest.py:144 -[sendrequest:run_main] - 请求参数：{'data': {'username': 'testadduser', 'password': 'tset6789#$123', 'role_id': 89588181111112343, 'dates': '2023-12-31', 'phone': 13800000000}}
INFO - 2023-04-13 16:30:24,469 - sendrequest.py:108 -[sendrequest:send_request] - 接口返回信息：{
  "error_code": null,
  "msg": "更新成功",
  "msg_code": 200
}

INFO - 2023-04-13 16:30:24,470 - assertions.py:166 -[assertions:assert_result] - yaml文件预期结果：[{'contains': {'status_code': 200}}, {'contains': {'msg': '更新成功'}}]
INFO - 2023-04-13 16:30:24,471 - assertions.py:45 -[assertions:contains_assert] - 字符串包含断言成功：预期结果【更新成功】,实际结果【更新成功】
INFO - 2023-04-13 16:30:24,471 - assertions.py:189 -[assertions:assert_result] - 测试成功
INFO - 2023-04-13 16:30:24,485 - conftest.py:22 -[conftest:start_test_and_end] - -------------接口测试结束--------------
INFO - 2023-04-13 16:30:24,488 - conftest.py:20 -[conftest:start_test_and_end] - -------------接口测试开始--------------
INFO - 2023-04-13 16:30:24,493 - sendrequest.py:135 -[sendrequest:run_main] - 接口名称：删除用户
INFO - 2023-04-13 16:30:24,493 - sendrequest.py:136 -[sendrequest:run_main] - 请求地址：http://127.0.0.1:8787/dar/user/deleteUser
INFO - 2023-04-13 16:30:24,493 - sendrequest.py:137 -[sendrequest:run_main] - 请求方式：POST
INFO - 2023-04-13 16:30:24,493 - sendrequest.py:138 -[sendrequest:run_main] - 测试用例名称：有效删除用户
INFO - 2023-04-13 16:30:24,493 - sendrequest.py:139 -[sendrequest:run_main] - 请求头：{'Content-Type': 'application/x-www-form-urlencoded;charset=UTF-8'}
INFO - 2023-04-13 16:30:24,493 - sendrequest.py:140 -[sendrequest:run_main] - Cookie：None
INFO - 2023-04-13 16:30:24,494 - sendrequest.py:144 -[sendrequest:run_main] - 请求参数：{'data': {'user_id': 123839387391912}}
INFO - 2023-04-13 16:30:24,517 - sendrequest.py:108 -[sendrequest:send_request] - 接口返回信息：{
  "error_code": null,
  "msg": "删除成功!",
  "msg_code": 200
}

INFO - 2023-04-13 16:30:24,520 - assertions.py:166 -[assertions:assert_result] - yaml文件预期结果：[{'contains': {'msg': '删除成功'}}]
INFO - 2023-04-13 16:30:24,520 - assertions.py:45 -[assertions:contains_assert] - 字符串包含断言成功：预期结果【删除成功】,实际结果【删除成功!】
INFO - 2023-04-13 16:30:24,520 - assertions.py:189 -[assertions:assert_result] - 测试成功
INFO - 2023-04-13 16:30:24,548 - conftest.py:22 -[conftest:start_test_and_end] - -------------接口测试结束--------------
INFO - 2023-04-13 16:30:24,552 - conftest.py:20 -[conftest:start_test_and_end] - -------------接口测试开始--------------
INFO - 2023-04-13 16:30:24,560 - sendrequest.py:135 -[sendrequest:run_main] - 接口名称：用户查询
INFO - 2023-04-13 16:30:24,560 - sendrequest.py:136 -[sendrequest:run_main] - 请求地址：http://127.0.0.1:8787/dar/user/queryUser
INFO - 2023-04-13 16:30:24,560 - sendrequest.py:137 -[sendrequest:run_main] - 请求方式：POST
INFO - 2023-04-13 16:30:24,560 - sendrequest.py:138 -[sendrequest:run_main] - 测试用例名称：有效查询用户
INFO - 2023-04-13 16:30:24,560 - sendrequest.py:139 -[sendrequest:run_main] - 请求头：{'Content-Type': 'application/x-www-form-urlencoded;charset=UTF-8'}
INFO - 2023-04-13 16:30:24,560 - sendrequest.py:140 -[sendrequest:run_main] - Cookie：None
INFO - 2023-04-13 16:30:24,560 - sendrequest.py:144 -[sendrequest:run_main] - 请求参数：{'data': {'user_id': 123839387391912}}
INFO - 2023-04-13 16:30:24,565 - sendrequest.py:108 -[sendrequest:send_request] - 接口返回信息：{
  "error_code": null,
  "msg": "查询成功!",
  "msg_code": 200
}

INFO - 2023-04-13 16:30:24,566 - assertions.py:166 -[assertions:assert_result] - yaml文件预期结果：[{'contains': {'msg': '查询成功'}}, {'eq': {'msg_code': 200}}]
INFO - 2023-04-13 16:30:24,566 - assertions.py:45 -[assertions:contains_assert] - 字符串包含断言成功：预期结果【查询成功】,实际结果【查询成功!】
INFO - 2023-04-13 16:30:24,566 - assertions.py:70 -[assertions:equal_assert] - 相等断言成功：接口实际结果：{'msg_code': 200}，等于预期结果：{'msg_code': 200}
INFO - 2023-04-13 16:30:24,566 - assertions.py:189 -[assertions:assert_result] - 测试成功
INFO - 2023-04-13 16:30:24,592 - conftest.py:22 -[conftest:start_test_and_end] - -------------接口测试结束--------------
INFO - 2023-04-13 16:30:24,594 - test_debug_api.py:46 -[test_debug_api:teardown_class] - 正在清理测试数据....
INFO - 2023-04-13 16:43:58,389 - sendrequest.py:135 -[sendrequest:run_main] - 接口名称：用户登录
INFO - 2023-04-13 16:43:58,389 - sendrequest.py:136 -[sendrequest:run_main] - 请求地址：http://127.0.0.1:8787/dar/user/login
INFO - 2023-04-13 16:43:58,389 - sendrequest.py:137 -[sendrequest:run_main] - 请求方式：post
INFO - 2023-04-13 16:43:58,390 - sendrequest.py:138 -[sendrequest:run_main] - 测试用例名称：用户名和密码正确登录验证
INFO - 2023-04-13 16:43:58,390 - sendrequest.py:139 -[sendrequest:run_main] - 请求头：{'Content-Type': 'application/x-www-form-urlencoded;charset=UTF-8'}
INFO - 2023-04-13 16:43:58,390 - sendrequest.py:140 -[sendrequest:run_main] - Cookie：None
INFO - 2023-04-13 16:43:58,390 - sendrequest.py:144 -[sendrequest:run_main] - 请求参数：{'data': {'user_name': 'test01', 'passwd': 'admin123'}}
INFO - 2023-04-13 16:43:58,398 - sendrequest.py:108 -[sendrequest:send_request] - 接口返回信息：{
  "error_code": null,
  "msg": "登录成功",
  "msg_code": 200,
  "token": "2871277187982079875"
}

INFO - 2023-04-13 16:43:58,400 - apiutil.py:166 -[apiutil:extract_data] - json提取到参数：{'token': '2871277187982079875'}
INFO - 2023-04-13 16:43:58,400 - assertions.py:166 -[assertions:assert_result] - yaml文件预期结果：[{'contains': {'error_code': 'none'}}, {'eq': {'msg': '登录成功'}}]
INFO - 2023-04-13 16:43:58,401 - assertions.py:45 -[assertions:contains_assert] - 字符串包含断言成功：预期结果【None】,实际结果【[None]】
INFO - 2023-04-13 16:43:58,401 - assertions.py:70 -[assertions:equal_assert] - 相等断言成功：接口实际结果：{'msg': '登录成功'}，等于预期结果：{'msg': '登录成功'}
INFO - 2023-04-13 16:43:58,401 - assertions.py:189 -[assertions:assert_result] - 测试成功
INFO - 2023-04-13 16:43:58,401 - test_debug_api.py:14 -[test_debug_api:setup_class] - 环境初始化....
INFO - 2023-04-13 16:43:58,401 - conftest.py:20 -[conftest:start_test_and_end] - -------------接口测试开始--------------
INFO - 2023-04-13 16:43:58,407 - sendrequest.py:135 -[sendrequest:run_main] - 接口名称：新增用户
INFO - 2023-04-13 16:43:58,407 - sendrequest.py:136 -[sendrequest:run_main] - 请求地址：http://127.0.0.1:8787/dar/user/addUser
INFO - 2023-04-13 16:43:58,407 - sendrequest.py:137 -[sendrequest:run_main] - 请求方式：POST
INFO - 2023-04-13 16:43:58,407 - sendrequest.py:138 -[sendrequest:run_main] - 测试用例名称：正常新增用户
INFO - 2023-04-13 16:43:58,407 - sendrequest.py:139 -[sendrequest:run_main] - 请求头：{'Content-Type': 'application/x-www-form-urlencoded;charset=UTF-8'}
INFO - 2023-04-13 16:43:58,407 - sendrequest.py:140 -[sendrequest:run_main] - Cookie：None
INFO - 2023-04-13 16:43:58,407 - sendrequest.py:144 -[sendrequest:run_main] - 请求参数：{'data': {'username': 'testadduser', 'password': 'tset6789890', 'role_id': 123456789, 'dates': '2023-12-31', 'phone': 13800000000, 'token': '2871277187982079875'}}
INFO - 2023-04-13 16:43:58,411 - sendrequest.py:108 -[sendrequest:send_request] - 接口返回信息：{
  "error_code": null,
  "msg": "新增成功",
  "msg_code": 200
}

INFO - 2023-04-13 16:43:58,413 - assertions.py:166 -[assertions:assert_result] - yaml文件预期结果：[{'contains': {'status_code': 200}}, {'contains': '新增成功'}]
ERROR - 2023-04-13 16:43:58,414 - assertions.py:191 -[assertions:assert_result] - 测试失败
ERROR - 2023-04-13 16:43:58,414 - assertions.py:192 -[assertions:assert_result] - 请检查断言字段是否包含在接口的返回信息中!
ERROR - 2023-04-13 16:43:58,414 - assertions.py:193 -[assertions:assert_result] - 异常信息：'str' object has no attribute 'items'
INFO - 2023-04-13 16:43:58,444 - conftest.py:22 -[conftest:start_test_and_end] - -------------接口测试结束--------------
INFO - 2023-04-13 16:43:58,447 - conftest.py:20 -[conftest:start_test_and_end] - -------------接口测试开始--------------
INFO - 2023-04-13 16:43:58,451 - sendrequest.py:135 -[sendrequest:run_main] - 接口名称：修改用户
INFO - 2023-04-13 16:43:58,451 - sendrequest.py:136 -[sendrequest:run_main] - 请求地址：http://127.0.0.1:8787/dar/user/updateUser
INFO - 2023-04-13 16:43:58,452 - sendrequest.py:137 -[sendrequest:run_main] - 请求方式：POST
INFO - 2023-04-13 16:43:58,452 - sendrequest.py:138 -[sendrequest:run_main] - 测试用例名称：正常修改用户信息
INFO - 2023-04-13 16:43:58,452 - sendrequest.py:139 -[sendrequest:run_main] - 请求头：{'Content-Type': 'application/x-www-form-urlencoded;charset=UTF-8'}
INFO - 2023-04-13 16:43:58,452 - sendrequest.py:140 -[sendrequest:run_main] - Cookie：None
INFO - 2023-04-13 16:43:58,452 - sendrequest.py:144 -[sendrequest:run_main] - 请求参数：{'data': {'username': 'testadduser', 'password': 'tset6789#$123', 'role_id': 89588181111112343, 'dates': '2023-12-31', 'phone': 13800000000}}
INFO - 2023-04-13 16:43:58,475 - sendrequest.py:108 -[sendrequest:send_request] - 接口返回信息：{
  "error_code": null,
  "msg": "更新成功",
  "msg_code": 200
}

INFO - 2023-04-13 16:43:58,476 - assertions.py:166 -[assertions:assert_result] - yaml文件预期结果：[{'contains': {'status_code': 200}}, {'contains': {'msg': '更新成功'}}]
INFO - 2023-04-13 16:43:58,477 - assertions.py:45 -[assertions:contains_assert] - 字符串包含断言成功：预期结果【更新成功】,实际结果【更新成功】
INFO - 2023-04-13 16:43:58,477 - assertions.py:189 -[assertions:assert_result] - 测试成功
INFO - 2023-04-13 16:43:58,489 - conftest.py:22 -[conftest:start_test_and_end] - -------------接口测试结束--------------
INFO - 2023-04-13 16:43:58,492 - conftest.py:20 -[conftest:start_test_and_end] - -------------接口测试开始--------------
INFO - 2023-04-13 16:43:58,497 - sendrequest.py:135 -[sendrequest:run_main] - 接口名称：删除用户
INFO - 2023-04-13 16:43:58,497 - sendrequest.py:136 -[sendrequest:run_main] - 请求地址：http://127.0.0.1:8787/dar/user/deleteUser
INFO - 2023-04-13 16:43:58,497 - sendrequest.py:137 -[sendrequest:run_main] - 请求方式：POST
INFO - 2023-04-13 16:43:58,497 - sendrequest.py:138 -[sendrequest:run_main] - 测试用例名称：有效删除用户
INFO - 2023-04-13 16:43:58,497 - sendrequest.py:139 -[sendrequest:run_main] - 请求头：{'Content-Type': 'application/x-www-form-urlencoded;charset=UTF-8'}
INFO - 2023-04-13 16:43:58,497 - sendrequest.py:140 -[sendrequest:run_main] - Cookie：None
INFO - 2023-04-13 16:43:58,498 - sendrequest.py:144 -[sendrequest:run_main] - 请求参数：{'data': {'user_id': 123839387391912}}
INFO - 2023-04-13 16:43:58,520 - sendrequest.py:108 -[sendrequest:send_request] - 接口返回信息：{
  "error_code": null,
  "msg": "删除成功!",
  "msg_code": 200
}

INFO - 2023-04-13 16:43:58,523 - assertions.py:166 -[assertions:assert_result] - yaml文件预期结果：[{'contains': {'msg': '删除成功'}}]
INFO - 2023-04-13 16:43:58,523 - assertions.py:45 -[assertions:contains_assert] - 字符串包含断言成功：预期结果【删除成功】,实际结果【删除成功!】
INFO - 2023-04-13 16:43:58,523 - assertions.py:189 -[assertions:assert_result] - 测试成功
INFO - 2023-04-13 16:43:58,535 - conftest.py:22 -[conftest:start_test_and_end] - -------------接口测试结束--------------
INFO - 2023-04-13 16:43:58,539 - conftest.py:20 -[conftest:start_test_and_end] - -------------接口测试开始--------------
INFO - 2023-04-13 16:43:58,543 - sendrequest.py:135 -[sendrequest:run_main] - 接口名称：用户查询
INFO - 2023-04-13 16:43:58,543 - sendrequest.py:136 -[sendrequest:run_main] - 请求地址：http://127.0.0.1:8787/dar/user/queryUser
INFO - 2023-04-13 16:43:58,543 - sendrequest.py:137 -[sendrequest:run_main] - 请求方式：POST
INFO - 2023-04-13 16:43:58,543 - sendrequest.py:138 -[sendrequest:run_main] - 测试用例名称：有效查询用户
INFO - 2023-04-13 16:43:58,544 - sendrequest.py:139 -[sendrequest:run_main] - 请求头：{'Content-Type': 'application/x-www-form-urlencoded;charset=UTF-8'}
INFO - 2023-04-13 16:43:58,544 - sendrequest.py:140 -[sendrequest:run_main] - Cookie：None
INFO - 2023-04-13 16:43:58,544 - sendrequest.py:144 -[sendrequest:run_main] - 请求参数：{'data': {'user_id': 123839387391912}}
INFO - 2023-04-13 16:43:58,547 - sendrequest.py:108 -[sendrequest:send_request] - 接口返回信息：{
  "error_code": null,
  "msg": "查询成功!",
  "msg_code": 200
}

INFO - 2023-04-13 16:43:58,549 - assertions.py:166 -[assertions:assert_result] - yaml文件预期结果：[{'contains': {'msg': '查询成功'}}, {'eq': {'msg_code': 200}}]
INFO - 2023-04-13 16:43:58,549 - assertions.py:45 -[assertions:contains_assert] - 字符串包含断言成功：预期结果【查询成功】,实际结果【查询成功!】
INFO - 2023-04-13 16:43:58,549 - assertions.py:70 -[assertions:equal_assert] - 相等断言成功：接口实际结果：{'msg_code': 200}，等于预期结果：{'msg_code': 200}
INFO - 2023-04-13 16:43:58,550 - assertions.py:189 -[assertions:assert_result] - 测试成功
INFO - 2023-04-13 16:43:58,565 - conftest.py:22 -[conftest:start_test_and_end] - -------------接口测试结束--------------
INFO - 2023-04-13 16:43:58,566 - test_debug_api.py:45 -[test_debug_api:teardown_class] - 正在清理测试数据....
INFO - 2023-04-13 16:46:04,236 - sendrequest.py:135 -[sendrequest:run_main] - 接口名称：用户登录
INFO - 2023-04-13 16:46:04,237 - sendrequest.py:136 -[sendrequest:run_main] - 请求地址：http://127.0.0.1:8787/dar/user/login
INFO - 2023-04-13 16:46:04,237 - sendrequest.py:137 -[sendrequest:run_main] - 请求方式：post
INFO - 2023-04-13 16:46:04,237 - sendrequest.py:138 -[sendrequest:run_main] - 测试用例名称：用户名和密码正确登录验证
INFO - 2023-04-13 16:46:04,237 - sendrequest.py:139 -[sendrequest:run_main] - 请求头：{'Content-Type': 'application/x-www-form-urlencoded;charset=UTF-8'}
INFO - 2023-04-13 16:46:04,237 - sendrequest.py:140 -[sendrequest:run_main] - Cookie：None
INFO - 2023-04-13 16:46:04,237 - sendrequest.py:144 -[sendrequest:run_main] - 请求参数：{'data': {'user_name': 'test01', 'passwd': 'admin123'}}
INFO - 2023-04-13 16:46:04,242 - sendrequest.py:108 -[sendrequest:send_request] - 接口返回信息：{
  "error_code": null,
  "msg": "登录成功",
  "msg_code": 200,
  "token": "2147848775162409521"
}

INFO - 2023-04-13 16:46:04,244 - apiutil.py:166 -[apiutil:extract_data] - json提取到参数：{'token': '2147848775162409521'}
INFO - 2023-04-13 16:46:04,245 - assertions.py:166 -[assertions:assert_result] - yaml文件预期结果：[{'contains': {'error_code': 'none'}}, {'eq': {'msg': '登录成功'}}]
INFO - 2023-04-13 16:46:04,245 - assertions.py:45 -[assertions:contains_assert] - 字符串包含断言成功：预期结果【None】,实际结果【[None]】
INFO - 2023-04-13 16:46:04,245 - assertions.py:70 -[assertions:equal_assert] - 相等断言成功：接口实际结果：{'msg': '登录成功'}，等于预期结果：{'msg': '登录成功'}
INFO - 2023-04-13 16:46:04,245 - assertions.py:189 -[assertions:assert_result] - 测试成功
INFO - 2023-04-13 16:46:04,245 - test_debug_api.py:14 -[test_debug_api:setup_class] - 环境初始化....
INFO - 2023-04-13 16:46:04,245 - conftest.py:20 -[conftest:start_test_and_end] - -------------接口测试开始--------------
INFO - 2023-04-13 16:46:04,255 - sendrequest.py:135 -[sendrequest:run_main] - 接口名称：新增用户
INFO - 2023-04-13 16:46:04,255 - sendrequest.py:136 -[sendrequest:run_main] - 请求地址：http://127.0.0.1:8787/dar/user/addUser
INFO - 2023-04-13 16:46:04,255 - sendrequest.py:137 -[sendrequest:run_main] - 请求方式：POST
INFO - 2023-04-13 16:46:04,255 - sendrequest.py:138 -[sendrequest:run_main] - 测试用例名称：正常新增用户
INFO - 2023-04-13 16:46:04,255 - sendrequest.py:139 -[sendrequest:run_main] - 请求头：{'Content-Type': 'application/x-www-form-urlencoded;charset=UTF-8'}
INFO - 2023-04-13 16:46:04,255 - sendrequest.py:140 -[sendrequest:run_main] - Cookie：None
INFO - 2023-04-13 16:46:04,255 - sendrequest.py:144 -[sendrequest:run_main] - 请求参数：{'data': {'username': 'testadduser', 'password': 'tset6789890', 'role_id': 123456789, 'dates': '2023-12-31', 'phone': 13800000000, 'token': '2147848775162409521'}}
INFO - 2023-04-13 16:46:04,279 - sendrequest.py:108 -[sendrequest:send_request] - 接口返回信息：{
  "error_code": null,
  "msg": "新增成功",
  "msg_code": 200
}

INFO - 2023-04-13 16:46:04,280 - assertions.py:166 -[assertions:assert_result] - yaml文件预期结果：[{'contains': {'status_code': 200}}, {'contains': {'msg': '新增成功1'}}]
ERROR - 2023-04-13 16:46:04,281 - assertions.py:50 -[assertions:contains_assert] - 响应文本断言失败：预期结果为【新增成功1】,实际结果为【新增成功】
ERROR - 2023-04-13 16:46:04,281 - assertions.py:191 -[assertions:assert_result] - 测试失败
ERROR - 2023-04-13 16:46:04,281 - assertions.py:192 -[assertions:assert_result] - 请检查断言字段是否包含在接口的返回信息中!
ERROR - 2023-04-13 16:46:04,281 - assertions.py:193 -[assertions:assert_result] - 异常信息：
ERROR - 2023-04-13 16:46:04,284 - apiutil.py:135 -[apiutil:specification_yaml] - Traceback (most recent call last):
  File "F:\debugApi\pythonproject\common\assertions.py", line 188, in assert_result
    assert all_flag == 0
AssertionError

During handling of the above exception, another exception occurred:

Traceback (most recent call last):
  File "F:\debugApi\pythonproject\base\apiutil.py", line 130, in specification_yaml
    assert_res.assert_result(validation, res_json, status_code)
  File "F:\debugApi\pythonproject\common\assertions.py", line 194, in assert_result
    assert all_flag == 0
AssertionError

ERROR - 2023-04-13 16:46:04,284 - apiutil.py:138 -[apiutil:specification_yaml] - 
INFO - 2023-04-13 16:46:04,715 - conftest.py:22 -[conftest:start_test_and_end] - -------------接口测试结束--------------
INFO - 2023-04-13 16:46:04,718 - conftest.py:20 -[conftest:start_test_and_end] - -------------接口测试开始--------------
INFO - 2023-04-13 16:46:04,722 - sendrequest.py:135 -[sendrequest:run_main] - 接口名称：修改用户
INFO - 2023-04-13 16:46:04,723 - sendrequest.py:136 -[sendrequest:run_main] - 请求地址：http://127.0.0.1:8787/dar/user/updateUser
INFO - 2023-04-13 16:46:04,723 - sendrequest.py:137 -[sendrequest:run_main] - 请求方式：POST
INFO - 2023-04-13 16:46:04,723 - sendrequest.py:138 -[sendrequest:run_main] - 测试用例名称：正常修改用户信息
INFO - 2023-04-13 16:46:04,723 - sendrequest.py:139 -[sendrequest:run_main] - 请求头：{'Content-Type': 'application/x-www-form-urlencoded;charset=UTF-8'}
INFO - 2023-04-13 16:46:04,723 - sendrequest.py:140 -[sendrequest:run_main] - Cookie：None
INFO - 2023-04-13 16:46:04,724 - sendrequest.py:144 -[sendrequest:run_main] - 请求参数：{'data': {'username': 'testadduser', 'password': 'tset6789#$123', 'role_id': 89588181111112343, 'dates': '2023-12-31', 'phone': 13800000000}}
INFO - 2023-04-13 16:46:04,741 - sendrequest.py:108 -[sendrequest:send_request] - 接口返回信息：{
  "error_code": null,
  "msg": "更新成功",
  "msg_code": 200
}

INFO - 2023-04-13 16:46:04,744 - assertions.py:166 -[assertions:assert_result] - yaml文件预期结果：[{'contains': {'status_code': 200}}, {'contains': {'msg': '更新成功'}}]
INFO - 2023-04-13 16:46:04,744 - assertions.py:45 -[assertions:contains_assert] - 字符串包含断言成功：预期结果【更新成功】,实际结果【更新成功】
INFO - 2023-04-13 16:46:04,744 - assertions.py:189 -[assertions:assert_result] - 测试成功
INFO - 2023-04-13 16:46:04,756 - conftest.py:22 -[conftest:start_test_and_end] - -------------接口测试结束--------------
INFO - 2023-04-13 16:46:04,759 - conftest.py:20 -[conftest:start_test_and_end] - -------------接口测试开始--------------
INFO - 2023-04-13 16:46:04,763 - sendrequest.py:135 -[sendrequest:run_main] - 接口名称：删除用户
INFO - 2023-04-13 16:46:04,763 - sendrequest.py:136 -[sendrequest:run_main] - 请求地址：http://127.0.0.1:8787/dar/user/deleteUser
INFO - 2023-04-13 16:46:04,763 - sendrequest.py:137 -[sendrequest:run_main] - 请求方式：POST
INFO - 2023-04-13 16:46:04,763 - sendrequest.py:138 -[sendrequest:run_main] - 测试用例名称：有效删除用户
INFO - 2023-04-13 16:46:04,763 - sendrequest.py:139 -[sendrequest:run_main] - 请求头：{'Content-Type': 'application/x-www-form-urlencoded;charset=UTF-8'}
INFO - 2023-04-13 16:46:04,764 - sendrequest.py:140 -[sendrequest:run_main] - Cookie：None
INFO - 2023-04-13 16:46:04,764 - sendrequest.py:144 -[sendrequest:run_main] - 请求参数：{'data': {'user_id': 123839387391912}}
INFO - 2023-04-13 16:46:04,787 - sendrequest.py:108 -[sendrequest:send_request] - 接口返回信息：{
  "error_code": null,
  "msg": "删除成功!",
  "msg_code": 200
}

INFO - 2023-04-13 16:46:04,788 - assertions.py:166 -[assertions:assert_result] - yaml文件预期结果：[{'contains': {'msg': '删除成功'}}]
INFO - 2023-04-13 16:46:04,789 - assertions.py:45 -[assertions:contains_assert] - 字符串包含断言成功：预期结果【删除成功】,实际结果【删除成功!】
INFO - 2023-04-13 16:46:04,789 - assertions.py:189 -[assertions:assert_result] - 测试成功
INFO - 2023-04-13 16:46:04,803 - conftest.py:22 -[conftest:start_test_and_end] - -------------接口测试结束--------------
INFO - 2023-04-13 16:46:04,805 - conftest.py:20 -[conftest:start_test_and_end] - -------------接口测试开始--------------
INFO - 2023-04-13 16:46:04,810 - sendrequest.py:135 -[sendrequest:run_main] - 接口名称：用户查询
INFO - 2023-04-13 16:46:04,810 - sendrequest.py:136 -[sendrequest:run_main] - 请求地址：http://127.0.0.1:8787/dar/user/queryUser
INFO - 2023-04-13 16:46:04,810 - sendrequest.py:137 -[sendrequest:run_main] - 请求方式：POST
INFO - 2023-04-13 16:46:04,811 - sendrequest.py:138 -[sendrequest:run_main] - 测试用例名称：有效查询用户
INFO - 2023-04-13 16:46:04,811 - sendrequest.py:139 -[sendrequest:run_main] - 请求头：{'Content-Type': 'application/x-www-form-urlencoded;charset=UTF-8'}
INFO - 2023-04-13 16:46:04,811 - sendrequest.py:140 -[sendrequest:run_main] - Cookie：None
INFO - 2023-04-13 16:46:04,811 - sendrequest.py:144 -[sendrequest:run_main] - 请求参数：{'data': {'user_id': 123839387391912}}
INFO - 2023-04-13 16:46:04,841 - sendrequest.py:108 -[sendrequest:send_request] - 接口返回信息：{
  "error_code": null,
  "msg": "查询成功!",
  "msg_code": 200
}

INFO - 2023-04-13 16:46:04,842 - assertions.py:166 -[assertions:assert_result] - yaml文件预期结果：[{'contains': {'msg': '查询成功'}}, {'eq': {'msg_code': 200}}]
INFO - 2023-04-13 16:46:04,843 - assertions.py:45 -[assertions:contains_assert] - 字符串包含断言成功：预期结果【查询成功】,实际结果【查询成功!】
INFO - 2023-04-13 16:46:04,843 - assertions.py:70 -[assertions:equal_assert] - 相等断言成功：接口实际结果：{'msg_code': 200}，等于预期结果：{'msg_code': 200}
INFO - 2023-04-13 16:46:04,843 - assertions.py:189 -[assertions:assert_result] - 测试成功
INFO - 2023-04-13 16:46:04,865 - conftest.py:22 -[conftest:start_test_and_end] - -------------接口测试结束--------------
INFO - 2023-04-13 16:46:04,866 - test_debug_api.py:45 -[test_debug_api:teardown_class] - 正在清理测试数据....
INFO - 2023-04-13 16:47:08,401 - sendrequest.py:135 -[sendrequest:run_main] - 接口名称：用户登录
INFO - 2023-04-13 16:47:08,401 - sendrequest.py:136 -[sendrequest:run_main] - 请求地址：http://127.0.0.1:8787/dar/user/login
INFO - 2023-04-13 16:47:08,402 - sendrequest.py:137 -[sendrequest:run_main] - 请求方式：post
INFO - 2023-04-13 16:47:08,402 - sendrequest.py:138 -[sendrequest:run_main] - 测试用例名称：用户名和密码正确登录验证
INFO - 2023-04-13 16:47:08,402 - sendrequest.py:139 -[sendrequest:run_main] - 请求头：{'Content-Type': 'application/x-www-form-urlencoded;charset=UTF-8'}
INFO - 2023-04-13 16:47:08,402 - sendrequest.py:140 -[sendrequest:run_main] - Cookie：None
INFO - 2023-04-13 16:47:08,402 - sendrequest.py:144 -[sendrequest:run_main] - 请求参数：{'data': {'user_name': 'test01', 'passwd': 'admin123'}}
INFO - 2023-04-13 16:47:08,409 - sendrequest.py:108 -[sendrequest:send_request] - 接口返回信息：{
  "error_code": null,
  "msg": "登录成功",
  "msg_code": 200,
  "token": "9150033912827747455"
}

INFO - 2023-04-13 16:47:08,411 - apiutil.py:166 -[apiutil:extract_data] - json提取到参数：{'token': '9150033912827747455'}
INFO - 2023-04-13 16:47:08,412 - assertions.py:166 -[assertions:assert_result] - yaml文件预期结果：[{'contains': {'error_code': 'none'}}, {'eq': {'msg': '登录成功'}}]
INFO - 2023-04-13 16:47:08,412 - assertions.py:45 -[assertions:contains_assert] - 字符串包含断言成功：预期结果【None】,实际结果【[None]】
INFO - 2023-04-13 16:47:08,412 - assertions.py:70 -[assertions:equal_assert] - 相等断言成功：接口实际结果：{'msg': '登录成功'}，等于预期结果：{'msg': '登录成功'}
INFO - 2023-04-13 16:47:08,412 - assertions.py:189 -[assertions:assert_result] - 测试成功
INFO - 2023-04-13 16:47:08,412 - test_debug_api.py:14 -[test_debug_api:setup_class] - 环境初始化....
INFO - 2023-04-13 16:47:08,413 - conftest.py:20 -[conftest:start_test_and_end] - -------------接口测试开始--------------
INFO - 2023-04-13 16:47:08,419 - sendrequest.py:135 -[sendrequest:run_main] - 接口名称：新增用户
INFO - 2023-04-13 16:47:08,419 - sendrequest.py:136 -[sendrequest:run_main] - 请求地址：http://127.0.0.1:8787/dar/user/addUser
INFO - 2023-04-13 16:47:08,419 - sendrequest.py:137 -[sendrequest:run_main] - 请求方式：POST
INFO - 2023-04-13 16:47:08,419 - sendrequest.py:138 -[sendrequest:run_main] - 测试用例名称：正常新增用户
INFO - 2023-04-13 16:47:08,419 - sendrequest.py:139 -[sendrequest:run_main] - 请求头：{'Content-Type': 'application/x-www-form-urlencoded;charset=UTF-8'}
INFO - 2023-04-13 16:47:08,419 - sendrequest.py:140 -[sendrequest:run_main] - Cookie：None
INFO - 2023-04-13 16:47:08,420 - sendrequest.py:144 -[sendrequest:run_main] - 请求参数：{'data': {'username': 'testadduser', 'password': 'tset6789890', 'role_id': 123456789, 'dates': '2023-12-31', 'phone': 13800000000, 'token': '9150033912827747455'}}
INFO - 2023-04-13 16:47:08,446 - sendrequest.py:108 -[sendrequest:send_request] - 接口返回信息：{
  "error_code": null,
  "msg": "新增成功",
  "msg_code": 200
}

INFO - 2023-04-13 16:47:08,447 - assertions.py:166 -[assertions:assert_result] - yaml文件预期结果：[{'contains': {'status_code': 200}}, {'contains': '新增成功'}]
ERROR - 2023-04-13 16:47:08,447 - assertions.py:191 -[assertions:assert_result] - 测试失败
ERROR - 2023-04-13 16:47:08,447 - assertions.py:192 -[assertions:assert_result] - 请检查断言字段是否包含在接口的返回信息中!
ERROR - 2023-04-13 16:47:08,447 - assertions.py:193 -[assertions:assert_result] - 异常信息：'str' object has no attribute 'items'
ERROR - 2023-04-13 16:47:08,449 - apiutil.py:135 -[apiutil:specification_yaml] - Traceback (most recent call last):
  File "F:\debugApi\pythonproject\common\assertions.py", line 172, in assert_result
    flag = self.contains_assert(value, response, status_code)
  File "F:\debugApi\pythonproject\common\assertions.py", line 31, in contains_assert
    for assert_key, assert_value in value.items():
AttributeError: 'str' object has no attribute 'items'

During handling of the above exception, another exception occurred:

Traceback (most recent call last):
  File "F:\debugApi\pythonproject\base\apiutil.py", line 130, in specification_yaml
    assert_res.assert_result(validation, res_json, status_code)
  File "F:\debugApi\pythonproject\common\assertions.py", line 194, in assert_result
    assert all_flag == 1
AssertionError

ERROR - 2023-04-13 16:47:08,449 - apiutil.py:138 -[apiutil:specification_yaml] - 
INFO - 2023-04-13 16:47:08,869 - conftest.py:22 -[conftest:start_test_and_end] - -------------接口测试结束--------------
INFO - 2023-04-13 16:47:08,872 - conftest.py:20 -[conftest:start_test_and_end] - -------------接口测试开始--------------
INFO - 2023-04-13 16:47:08,877 - sendrequest.py:135 -[sendrequest:run_main] - 接口名称：修改用户
INFO - 2023-04-13 16:47:08,877 - sendrequest.py:136 -[sendrequest:run_main] - 请求地址：http://127.0.0.1:8787/dar/user/updateUser
INFO - 2023-04-13 16:47:08,877 - sendrequest.py:137 -[sendrequest:run_main] - 请求方式：POST
INFO - 2023-04-13 16:47:08,877 - sendrequest.py:138 -[sendrequest:run_main] - 测试用例名称：正常修改用户信息
INFO - 2023-04-13 16:47:08,877 - sendrequest.py:139 -[sendrequest:run_main] - 请求头：{'Content-Type': 'application/x-www-form-urlencoded;charset=UTF-8'}
INFO - 2023-04-13 16:47:08,877 - sendrequest.py:140 -[sendrequest:run_main] - Cookie：None
INFO - 2023-04-13 16:47:08,878 - sendrequest.py:144 -[sendrequest:run_main] - 请求参数：{'data': {'username': 'testadduser', 'password': 'tset6789#$123', 'role_id': 89588181111112343, 'dates': '2023-12-31', 'phone': 13800000000}}
INFO - 2023-04-13 16:47:08,893 - sendrequest.py:108 -[sendrequest:send_request] - 接口返回信息：{
  "error_code": null,
  "msg": "更新成功",
  "msg_code": 200
}

INFO - 2023-04-13 16:47:08,894 - assertions.py:166 -[assertions:assert_result] - yaml文件预期结果：[{'contains': {'status_code': 200}}, {'contains': {'msg': '更新成功'}}]
INFO - 2023-04-13 16:47:08,894 - assertions.py:45 -[assertions:contains_assert] - 字符串包含断言成功：预期结果【更新成功】,实际结果【更新成功】
INFO - 2023-04-13 16:47:08,895 - assertions.py:189 -[assertions:assert_result] - 测试成功
INFO - 2023-04-13 16:47:08,908 - conftest.py:22 -[conftest:start_test_and_end] - -------------接口测试结束--------------
INFO - 2023-04-13 16:47:08,911 - conftest.py:20 -[conftest:start_test_and_end] - -------------接口测试开始--------------
INFO - 2023-04-13 16:47:08,916 - sendrequest.py:135 -[sendrequest:run_main] - 接口名称：删除用户
INFO - 2023-04-13 16:47:08,916 - sendrequest.py:136 -[sendrequest:run_main] - 请求地址：http://127.0.0.1:8787/dar/user/deleteUser
INFO - 2023-04-13 16:47:08,916 - sendrequest.py:137 -[sendrequest:run_main] - 请求方式：POST
INFO - 2023-04-13 16:47:08,917 - sendrequest.py:138 -[sendrequest:run_main] - 测试用例名称：有效删除用户
INFO - 2023-04-13 16:47:08,917 - sendrequest.py:139 -[sendrequest:run_main] - 请求头：{'Content-Type': 'application/x-www-form-urlencoded;charset=UTF-8'}
INFO - 2023-04-13 16:47:08,917 - sendrequest.py:140 -[sendrequest:run_main] - Cookie：None
INFO - 2023-04-13 16:47:08,917 - sendrequest.py:144 -[sendrequest:run_main] - 请求参数：{'data': {'user_id': 123839387391912}}
INFO - 2023-04-13 16:47:08,939 - sendrequest.py:108 -[sendrequest:send_request] - 接口返回信息：{
  "error_code": null,
  "msg": "删除成功!",
  "msg_code": 200
}

INFO - 2023-04-13 16:47:08,940 - assertions.py:166 -[assertions:assert_result] - yaml文件预期结果：[{'contains': {'msg': '删除成功'}}]
INFO - 2023-04-13 16:47:08,940 - assertions.py:45 -[assertions:contains_assert] - 字符串包含断言成功：预期结果【删除成功】,实际结果【删除成功!】
INFO - 2023-04-13 16:47:08,940 - assertions.py:189 -[assertions:assert_result] - 测试成功
INFO - 2023-04-13 16:47:08,953 - conftest.py:22 -[conftest:start_test_and_end] - -------------接口测试结束--------------
INFO - 2023-04-13 16:47:08,956 - conftest.py:20 -[conftest:start_test_and_end] - -------------接口测试开始--------------
INFO - 2023-04-13 16:47:08,961 - sendrequest.py:135 -[sendrequest:run_main] - 接口名称：用户查询
INFO - 2023-04-13 16:47:08,961 - sendrequest.py:136 -[sendrequest:run_main] - 请求地址：http://127.0.0.1:8787/dar/user/queryUser
INFO - 2023-04-13 16:47:08,961 - sendrequest.py:137 -[sendrequest:run_main] - 请求方式：POST
INFO - 2023-04-13 16:47:08,961 - sendrequest.py:138 -[sendrequest:run_main] - 测试用例名称：有效查询用户
INFO - 2023-04-13 16:47:08,961 - sendrequest.py:139 -[sendrequest:run_main] - 请求头：{'Content-Type': 'application/x-www-form-urlencoded;charset=UTF-8'}
INFO - 2023-04-13 16:47:08,961 - sendrequest.py:140 -[sendrequest:run_main] - Cookie：None
INFO - 2023-04-13 16:47:08,962 - sendrequest.py:144 -[sendrequest:run_main] - 请求参数：{'data': {'user_id': 123839387391912}}
INFO - 2023-04-13 16:47:08,985 - sendrequest.py:108 -[sendrequest:send_request] - 接口返回信息：{
  "error_code": null,
  "msg": "查询成功!",
  "msg_code": 200
}

INFO - 2023-04-13 16:47:08,986 - assertions.py:166 -[assertions:assert_result] - yaml文件预期结果：[{'contains': {'msg': '查询成功'}}, {'eq': {'msg_code': 200}}]
INFO - 2023-04-13 16:47:08,986 - assertions.py:45 -[assertions:contains_assert] - 字符串包含断言成功：预期结果【查询成功】,实际结果【查询成功!】
INFO - 2023-04-13 16:47:08,986 - assertions.py:70 -[assertions:equal_assert] - 相等断言成功：接口实际结果：{'msg_code': 200}，等于预期结果：{'msg_code': 200}
INFO - 2023-04-13 16:47:08,986 - assertions.py:189 -[assertions:assert_result] - 测试成功
INFO - 2023-04-13 16:47:08,999 - conftest.py:22 -[conftest:start_test_and_end] - -------------接口测试结束--------------
INFO - 2023-04-13 16:47:09,001 - test_debug_api.py:45 -[test_debug_api:teardown_class] - 正在清理测试数据....
INFO - 2023-04-13 16:47:43,042 - sendrequest.py:135 -[sendrequest:run_main] - 接口名称：用户登录
INFO - 2023-04-13 16:47:43,042 - sendrequest.py:136 -[sendrequest:run_main] - 请求地址：http://127.0.0.1:8787/dar/user/login
INFO - 2023-04-13 16:47:43,042 - sendrequest.py:137 -[sendrequest:run_main] - 请求方式：post
INFO - 2023-04-13 16:47:43,042 - sendrequest.py:138 -[sendrequest:run_main] - 测试用例名称：用户名和密码正确登录验证
INFO - 2023-04-13 16:47:43,042 - sendrequest.py:139 -[sendrequest:run_main] - 请求头：{'Content-Type': 'application/x-www-form-urlencoded;charset=UTF-8'}
INFO - 2023-04-13 16:47:43,042 - sendrequest.py:140 -[sendrequest:run_main] - Cookie：None
INFO - 2023-04-13 16:47:43,043 - sendrequest.py:144 -[sendrequest:run_main] - 请求参数：{'data': {'user_name': 'test01', 'passwd': 'admin123'}}
INFO - 2023-04-13 16:47:43,049 - sendrequest.py:108 -[sendrequest:send_request] - 接口返回信息：{
  "error_code": null,
  "msg": "登录成功",
  "msg_code": 200,
  "token": "7093615921365148289"
}

INFO - 2023-04-13 16:47:43,051 - apiutil.py:166 -[apiutil:extract_data] - json提取到参数：{'token': '7093615921365148289'}
INFO - 2023-04-13 16:47:43,052 - assertions.py:166 -[assertions:assert_result] - yaml文件预期结果：[{'contains': {'error_code': 'none'}}, {'eq': {'msg': '登录成功'}}]
INFO - 2023-04-13 16:47:43,052 - assertions.py:45 -[assertions:contains_assert] - 字符串包含断言成功：预期结果【None】,实际结果【[None]】
INFO - 2023-04-13 16:47:43,052 - assertions.py:70 -[assertions:equal_assert] - 相等断言成功：接口实际结果：{'msg': '登录成功'}，等于预期结果：{'msg': '登录成功'}
INFO - 2023-04-13 16:47:43,052 - assertions.py:189 -[assertions:assert_result] - 测试成功
INFO - 2023-04-13 16:47:43,053 - test_debug_api.py:14 -[test_debug_api:setup_class] - 环境初始化....
INFO - 2023-04-13 16:47:43,053 - conftest.py:20 -[conftest:start_test_and_end] - -------------接口测试开始--------------
INFO - 2023-04-13 16:47:43,058 - sendrequest.py:135 -[sendrequest:run_main] - 接口名称：新增用户
INFO - 2023-04-13 16:47:43,058 - sendrequest.py:136 -[sendrequest:run_main] - 请求地址：http://127.0.0.1:8787/dar/user/addUser
INFO - 2023-04-13 16:47:43,058 - sendrequest.py:137 -[sendrequest:run_main] - 请求方式：POST
INFO - 2023-04-13 16:47:43,058 - sendrequest.py:138 -[sendrequest:run_main] - 测试用例名称：正常新增用户
INFO - 2023-04-13 16:47:43,058 - sendrequest.py:139 -[sendrequest:run_main] - 请求头：{'Content-Type': 'application/x-www-form-urlencoded;charset=UTF-8'}
INFO - 2023-04-13 16:47:43,059 - sendrequest.py:140 -[sendrequest:run_main] - Cookie：None
INFO - 2023-04-13 16:47:43,059 - sendrequest.py:144 -[sendrequest:run_main] - 请求参数：{'data': {'username': 'testadduser', 'password': 'tset6789890', 'role_id': 123456789, 'dates': '2023-12-31', 'phone': 13800000000, 'token': '7093615921365148289'}}
INFO - 2023-04-13 16:47:43,080 - sendrequest.py:108 -[sendrequest:send_request] - 接口返回信息：{
  "error_code": null,
  "msg": "新增成功",
  "msg_code": 200
}

INFO - 2023-04-13 16:47:43,082 - assertions.py:166 -[assertions:assert_result] - yaml文件预期结果：[{'contains': {'status_code': 200}}, {'contains': '新增成功'}]
ERROR - 2023-04-13 16:47:43,082 - assertions.py:191 -[assertions:assert_result] - 测试失败
ERROR - 2023-04-13 16:47:43,082 - assertions.py:192 -[assertions:assert_result] - 请检查断言字段是否包含在接口的返回信息中!
ERROR - 2023-04-13 16:47:43,082 - assertions.py:193 -[assertions:assert_result] - 异常信息：'str' object has no attribute 'items'
INFO - 2023-04-13 16:47:43,101 - conftest.py:22 -[conftest:start_test_and_end] - -------------接口测试结束--------------
INFO - 2023-04-13 16:47:43,104 - conftest.py:20 -[conftest:start_test_and_end] - -------------接口测试开始--------------
INFO - 2023-04-13 16:47:43,108 - sendrequest.py:135 -[sendrequest:run_main] - 接口名称：修改用户
INFO - 2023-04-13 16:47:43,108 - sendrequest.py:136 -[sendrequest:run_main] - 请求地址：http://127.0.0.1:8787/dar/user/updateUser
INFO - 2023-04-13 16:47:43,108 - sendrequest.py:137 -[sendrequest:run_main] - 请求方式：POST
INFO - 2023-04-13 16:47:43,108 - sendrequest.py:138 -[sendrequest:run_main] - 测试用例名称：正常修改用户信息
INFO - 2023-04-13 16:47:43,109 - sendrequest.py:139 -[sendrequest:run_main] - 请求头：{'Content-Type': 'application/x-www-form-urlencoded;charset=UTF-8'}
INFO - 2023-04-13 16:47:43,109 - sendrequest.py:140 -[sendrequest:run_main] - Cookie：None
INFO - 2023-04-13 16:47:43,110 - sendrequest.py:144 -[sendrequest:run_main] - 请求参数：{'data': {'username': 'testadduser', 'password': 'tset6789#$123', 'role_id': 89588181111112343, 'dates': '2023-12-31', 'phone': 13800000000}}
INFO - 2023-04-13 16:47:43,127 - sendrequest.py:108 -[sendrequest:send_request] - 接口返回信息：{
  "error_code": null,
  "msg": "更新成功",
  "msg_code": 200
}

INFO - 2023-04-13 16:47:43,128 - assertions.py:166 -[assertions:assert_result] - yaml文件预期结果：[{'contains': {'status_code': 200}}, {'contains': {'msg': '更新成功'}}]
INFO - 2023-04-13 16:47:43,129 - assertions.py:45 -[assertions:contains_assert] - 字符串包含断言成功：预期结果【更新成功】,实际结果【更新成功】
INFO - 2023-04-13 16:47:43,129 - assertions.py:189 -[assertions:assert_result] - 测试成功
INFO - 2023-04-13 16:47:43,142 - conftest.py:22 -[conftest:start_test_and_end] - -------------接口测试结束--------------
INFO - 2023-04-13 16:47:43,145 - conftest.py:20 -[conftest:start_test_and_end] - -------------接口测试开始--------------
INFO - 2023-04-13 16:47:43,149 - sendrequest.py:135 -[sendrequest:run_main] - 接口名称：删除用户
INFO - 2023-04-13 16:47:43,149 - sendrequest.py:136 -[sendrequest:run_main] - 请求地址：http://127.0.0.1:8787/dar/user/deleteUser
INFO - 2023-04-13 16:47:43,149 - sendrequest.py:137 -[sendrequest:run_main] - 请求方式：POST
INFO - 2023-04-13 16:47:43,149 - sendrequest.py:138 -[sendrequest:run_main] - 测试用例名称：有效删除用户
INFO - 2023-04-13 16:47:43,149 - sendrequest.py:139 -[sendrequest:run_main] - 请求头：{'Content-Type': 'application/x-www-form-urlencoded;charset=UTF-8'}
INFO - 2023-04-13 16:47:43,149 - sendrequest.py:140 -[sendrequest:run_main] - Cookie：None
INFO - 2023-04-13 16:47:43,150 - sendrequest.py:144 -[sendrequest:run_main] - 请求参数：{'data': {'user_id': 123839387391912}}
INFO - 2023-04-13 16:47:43,174 - sendrequest.py:108 -[sendrequest:send_request] - 接口返回信息：{
  "error_code": null,
  "msg": "删除成功!",
  "msg_code": 200
}

INFO - 2023-04-13 16:47:43,175 - assertions.py:166 -[assertions:assert_result] - yaml文件预期结果：[{'contains': {'msg': '删除成功'}}]
INFO - 2023-04-13 16:47:43,176 - assertions.py:45 -[assertions:contains_assert] - 字符串包含断言成功：预期结果【删除成功】,实际结果【删除成功!】
INFO - 2023-04-13 16:47:43,176 - assertions.py:189 -[assertions:assert_result] - 测试成功
INFO - 2023-04-13 16:47:43,189 - conftest.py:22 -[conftest:start_test_and_end] - -------------接口测试结束--------------
INFO - 2023-04-13 16:47:43,192 - conftest.py:20 -[conftest:start_test_and_end] - -------------接口测试开始--------------
INFO - 2023-04-13 16:47:43,196 - sendrequest.py:135 -[sendrequest:run_main] - 接口名称：用户查询
INFO - 2023-04-13 16:47:43,196 - sendrequest.py:136 -[sendrequest:run_main] - 请求地址：http://127.0.0.1:8787/dar/user/queryUser
INFO - 2023-04-13 16:47:43,196 - sendrequest.py:137 -[sendrequest:run_main] - 请求方式：POST
INFO - 2023-04-13 16:47:43,197 - sendrequest.py:138 -[sendrequest:run_main] - 测试用例名称：有效查询用户
INFO - 2023-04-13 16:47:43,197 - sendrequest.py:139 -[sendrequest:run_main] - 请求头：{'Content-Type': 'application/x-www-form-urlencoded;charset=UTF-8'}
INFO - 2023-04-13 16:47:43,197 - sendrequest.py:140 -[sendrequest:run_main] - Cookie：None
INFO - 2023-04-13 16:47:43,197 - sendrequest.py:144 -[sendrequest:run_main] - 请求参数：{'data': {'user_id': 123839387391912}}
INFO - 2023-04-13 16:47:43,220 - sendrequest.py:108 -[sendrequest:send_request] - 接口返回信息：{
  "error_code": null,
  "msg": "查询成功!",
  "msg_code": 200
}

INFO - 2023-04-13 16:47:43,221 - assertions.py:166 -[assertions:assert_result] - yaml文件预期结果：[{'contains': {'msg': '查询成功'}}, {'eq': {'msg_code': 200}}]
INFO - 2023-04-13 16:47:43,222 - assertions.py:45 -[assertions:contains_assert] - 字符串包含断言成功：预期结果【查询成功】,实际结果【查询成功!】
INFO - 2023-04-13 16:47:43,222 - assertions.py:70 -[assertions:equal_assert] - 相等断言成功：接口实际结果：{'msg_code': 200}，等于预期结果：{'msg_code': 200}
INFO - 2023-04-13 16:47:43,222 - assertions.py:189 -[assertions:assert_result] - 测试成功
INFO - 2023-04-13 16:47:43,235 - conftest.py:22 -[conftest:start_test_and_end] - -------------接口测试结束--------------
INFO - 2023-04-13 16:47:43,236 - test_debug_api.py:45 -[test_debug_api:teardown_class] - 正在清理测试数据....
INFO - 2023-04-13 16:48:19,822 - sendrequest.py:135 -[sendrequest:run_main] - 接口名称：用户登录
INFO - 2023-04-13 16:48:19,822 - sendrequest.py:136 -[sendrequest:run_main] - 请求地址：http://127.0.0.1:8787/dar/user/login
INFO - 2023-04-13 16:48:19,822 - sendrequest.py:137 -[sendrequest:run_main] - 请求方式：post
INFO - 2023-04-13 16:48:19,822 - sendrequest.py:138 -[sendrequest:run_main] - 测试用例名称：用户名和密码正确登录验证
INFO - 2023-04-13 16:48:19,822 - sendrequest.py:139 -[sendrequest:run_main] - 请求头：{'Content-Type': 'application/x-www-form-urlencoded;charset=UTF-8'}
INFO - 2023-04-13 16:48:19,822 - sendrequest.py:140 -[sendrequest:run_main] - Cookie：None
INFO - 2023-04-13 16:48:19,823 - sendrequest.py:144 -[sendrequest:run_main] - 请求参数：{'data': {'user_name': 'test01', 'passwd': 'admin123'}}
INFO - 2023-04-13 16:48:19,828 - sendrequest.py:108 -[sendrequest:send_request] - 接口返回信息：{
  "error_code": null,
  "msg": "登录成功",
  "msg_code": 200,
  "token": "7295537483822884070"
}

INFO - 2023-04-13 16:48:19,830 - apiutil.py:166 -[apiutil:extract_data] - json提取到参数：{'token': '7295537483822884070'}
INFO - 2023-04-13 16:48:19,831 - assertions.py:166 -[assertions:assert_result] - yaml文件预期结果：[{'contains': {'error_code': 'none'}}, {'eq': {'msg': '登录成功'}}]
INFO - 2023-04-13 16:48:19,831 - assertions.py:45 -[assertions:contains_assert] - 字符串包含断言成功：预期结果【None】,实际结果【[None]】
INFO - 2023-04-13 16:48:19,832 - assertions.py:70 -[assertions:equal_assert] - 相等断言成功：接口实际结果：{'msg': '登录成功'}，等于预期结果：{'msg': '登录成功'}
INFO - 2023-04-13 16:48:19,832 - assertions.py:189 -[assertions:assert_result] - 测试成功
INFO - 2023-04-13 16:48:19,832 - test_debug_api.py:14 -[test_debug_api:setup_class] - 环境初始化....
INFO - 2023-04-13 16:48:19,832 - conftest.py:20 -[conftest:start_test_and_end] - -------------接口测试开始--------------
INFO - 2023-04-13 16:48:19,837 - sendrequest.py:135 -[sendrequest:run_main] - 接口名称：新增用户
INFO - 2023-04-13 16:48:19,837 - sendrequest.py:136 -[sendrequest:run_main] - 请求地址：http://127.0.0.1:8787/dar/user/addUser
INFO - 2023-04-13 16:48:19,838 - sendrequest.py:137 -[sendrequest:run_main] - 请求方式：POST
INFO - 2023-04-13 16:48:19,838 - sendrequest.py:138 -[sendrequest:run_main] - 测试用例名称：正常新增用户
INFO - 2023-04-13 16:48:19,838 - sendrequest.py:139 -[sendrequest:run_main] - 请求头：{'Content-Type': 'application/x-www-form-urlencoded;charset=UTF-8'}
INFO - 2023-04-13 16:48:19,838 - sendrequest.py:140 -[sendrequest:run_main] - Cookie：None
INFO - 2023-04-13 16:48:19,838 - sendrequest.py:144 -[sendrequest:run_main] - 请求参数：{'data': {'username': 'testadduser', 'password': 'tset6789890', 'role_id': 123456789, 'dates': '2023-12-31', 'phone': 13800000000, 'token': '7295537483822884070'}}
INFO - 2023-04-13 16:48:19,861 - sendrequest.py:108 -[sendrequest:send_request] - 接口返回信息：{
  "error_code": null,
  "msg": "新增成功",
  "msg_code": 200
}

INFO - 2023-04-13 16:48:19,862 - assertions.py:166 -[assertions:assert_result] - yaml文件预期结果：[{'contains': {'status_code': 200}}, {'contains': '新增成功'}]
ERROR - 2023-04-13 16:48:19,862 - assertions.py:191 -[assertions:assert_result] - 测试失败
ERROR - 2023-04-13 16:48:19,863 - assertions.py:192 -[assertions:assert_result] - 请检查断言字段是否包含在接口的返回信息中!
ERROR - 2023-04-13 16:48:19,863 - assertions.py:193 -[assertions:assert_result] - 异常信息：'str' object has no attribute 'items'
INFO - 2023-04-13 16:48:19,882 - conftest.py:22 -[conftest:start_test_and_end] - -------------接口测试结束--------------
INFO - 2023-04-13 16:48:19,885 - conftest.py:20 -[conftest:start_test_and_end] - -------------接口测试开始--------------
INFO - 2023-04-13 16:48:19,890 - sendrequest.py:135 -[sendrequest:run_main] - 接口名称：修改用户
INFO - 2023-04-13 16:48:19,890 - sendrequest.py:136 -[sendrequest:run_main] - 请求地址：http://127.0.0.1:8787/dar/user/updateUser
INFO - 2023-04-13 16:48:19,890 - sendrequest.py:137 -[sendrequest:run_main] - 请求方式：POST
INFO - 2023-04-13 16:48:19,890 - sendrequest.py:138 -[sendrequest:run_main] - 测试用例名称：正常修改用户信息
INFO - 2023-04-13 16:48:19,890 - sendrequest.py:139 -[sendrequest:run_main] - 请求头：{'Content-Type': 'application/x-www-form-urlencoded;charset=UTF-8'}
INFO - 2023-04-13 16:48:19,890 - sendrequest.py:140 -[sendrequest:run_main] - Cookie：None
INFO - 2023-04-13 16:48:19,891 - sendrequest.py:144 -[sendrequest:run_main] - 请求参数：{'data': {'username': 'testadduser', 'password': 'tset6789#$123', 'role_id': 89588181111112343, 'dates': '2023-12-31', 'phone': 13800000000}}
INFO - 2023-04-13 16:48:19,909 - sendrequest.py:108 -[sendrequest:send_request] - 接口返回信息：{
  "error_code": null,
  "msg": "更新成功",
  "msg_code": 200
}

INFO - 2023-04-13 16:48:19,910 - assertions.py:166 -[assertions:assert_result] - yaml文件预期结果：[{'contains': {'status_code': 200}}, {'contains': {'msg': '更新成功'}}]
INFO - 2023-04-13 16:48:19,911 - assertions.py:45 -[assertions:contains_assert] - 字符串包含断言成功：预期结果【更新成功】,实际结果【更新成功】
INFO - 2023-04-13 16:48:19,911 - assertions.py:189 -[assertions:assert_result] - 测试成功
INFO - 2023-04-13 16:48:19,924 - conftest.py:22 -[conftest:start_test_and_end] - -------------接口测试结束--------------
INFO - 2023-04-13 16:48:19,928 - conftest.py:20 -[conftest:start_test_and_end] - -------------接口测试开始--------------
INFO - 2023-04-13 16:48:19,932 - sendrequest.py:135 -[sendrequest:run_main] - 接口名称：删除用户
INFO - 2023-04-13 16:48:19,932 - sendrequest.py:136 -[sendrequest:run_main] - 请求地址：http://127.0.0.1:8787/dar/user/deleteUser
INFO - 2023-04-13 16:48:19,932 - sendrequest.py:137 -[sendrequest:run_main] - 请求方式：POST
INFO - 2023-04-13 16:48:19,932 - sendrequest.py:138 -[sendrequest:run_main] - 测试用例名称：有效删除用户
INFO - 2023-04-13 16:48:19,932 - sendrequest.py:139 -[sendrequest:run_main] - 请求头：{'Content-Type': 'application/x-www-form-urlencoded;charset=UTF-8'}
INFO - 2023-04-13 16:48:19,932 - sendrequest.py:140 -[sendrequest:run_main] - Cookie：None
INFO - 2023-04-13 16:48:19,933 - sendrequest.py:144 -[sendrequest:run_main] - 请求参数：{'data': {'user_id': 123839387391912}}
INFO - 2023-04-13 16:48:19,956 - sendrequest.py:108 -[sendrequest:send_request] - 接口返回信息：{
  "error_code": null,
  "msg": "删除成功!",
  "msg_code": 200
}

INFO - 2023-04-13 16:48:19,957 - assertions.py:166 -[assertions:assert_result] - yaml文件预期结果：[{'contains': {'msg': '删除成功'}}]
INFO - 2023-04-13 16:48:19,957 - assertions.py:45 -[assertions:contains_assert] - 字符串包含断言成功：预期结果【删除成功】,实际结果【删除成功!】
INFO - 2023-04-13 16:48:19,958 - assertions.py:189 -[assertions:assert_result] - 测试成功
INFO - 2023-04-13 16:48:19,970 - conftest.py:22 -[conftest:start_test_and_end] - -------------接口测试结束--------------
INFO - 2023-04-13 16:48:19,973 - conftest.py:20 -[conftest:start_test_and_end] - -------------接口测试开始--------------
INFO - 2023-04-13 16:48:19,978 - sendrequest.py:135 -[sendrequest:run_main] - 接口名称：用户查询
INFO - 2023-04-13 16:48:19,978 - sendrequest.py:136 -[sendrequest:run_main] - 请求地址：http://127.0.0.1:8787/dar/user/queryUser
INFO - 2023-04-13 16:48:19,978 - sendrequest.py:137 -[sendrequest:run_main] - 请求方式：POST
INFO - 2023-04-13 16:48:19,978 - sendrequest.py:138 -[sendrequest:run_main] - 测试用例名称：有效查询用户
INFO - 2023-04-13 16:48:19,978 - sendrequest.py:139 -[sendrequest:run_main] - 请求头：{'Content-Type': 'application/x-www-form-urlencoded;charset=UTF-8'}
INFO - 2023-04-13 16:48:19,978 - sendrequest.py:140 -[sendrequest:run_main] - Cookie：None
INFO - 2023-04-13 16:48:19,979 - sendrequest.py:144 -[sendrequest:run_main] - 请求参数：{'data': {'user_id': 123839387391912}}
INFO - 2023-04-13 16:48:20,002 - sendrequest.py:108 -[sendrequest:send_request] - 接口返回信息：{
  "error_code": null,
  "msg": "查询成功!",
  "msg_code": 200
}

INFO - 2023-04-13 16:48:20,003 - assertions.py:166 -[assertions:assert_result] - yaml文件预期结果：[{'contains': {'msg': '查询成功'}}, {'eq': {'msg_code': 200}}]
INFO - 2023-04-13 16:48:20,004 - assertions.py:45 -[assertions:contains_assert] - 字符串包含断言成功：预期结果【查询成功】,实际结果【查询成功!】
INFO - 2023-04-13 16:48:20,004 - assertions.py:70 -[assertions:equal_assert] - 相等断言成功：接口实际结果：{'msg_code': 200}，等于预期结果：{'msg_code': 200}
INFO - 2023-04-13 16:48:20,004 - assertions.py:189 -[assertions:assert_result] - 测试成功
INFO - 2023-04-13 16:48:20,016 - conftest.py:22 -[conftest:start_test_and_end] - -------------接口测试结束--------------
INFO - 2023-04-13 16:48:20,017 - test_debug_api.py:45 -[test_debug_api:teardown_class] - 正在清理测试数据....
INFO - 2023-04-13 16:50:00,294 - sendrequest.py:135 -[sendrequest:run_main] - 接口名称：用户登录
INFO - 2023-04-13 16:50:00,294 - sendrequest.py:136 -[sendrequest:run_main] - 请求地址：http://127.0.0.1:8787/dar/user/login
INFO - 2023-04-13 16:50:00,294 - sendrequest.py:137 -[sendrequest:run_main] - 请求方式：post
INFO - 2023-04-13 16:50:00,294 - sendrequest.py:138 -[sendrequest:run_main] - 测试用例名称：用户名和密码正确登录验证
INFO - 2023-04-13 16:50:00,294 - sendrequest.py:139 -[sendrequest:run_main] - 请求头：{'Content-Type': 'application/x-www-form-urlencoded;charset=UTF-8'}
INFO - 2023-04-13 16:50:00,295 - sendrequest.py:140 -[sendrequest:run_main] - Cookie：None
INFO - 2023-04-13 16:50:00,295 - sendrequest.py:144 -[sendrequest:run_main] - 请求参数：{'data': {'user_name': 'test01', 'passwd': 'admin123'}}
INFO - 2023-04-13 16:50:00,302 - sendrequest.py:108 -[sendrequest:send_request] - 接口返回信息：{
  "error_code": null,
  "msg": "登录成功",
  "msg_code": 200,
  "token": "4346023777639731486"
}

INFO - 2023-04-13 16:50:00,303 - apiutil.py:166 -[apiutil:extract_data] - json提取到参数：{'token': '4346023777639731486'}
INFO - 2023-04-13 16:50:00,304 - assertions.py:166 -[assertions:assert_result] - yaml文件预期结果：[{'contains': {'error_code': 'none'}}, {'eq': {'msg': '登录成功'}}]
INFO - 2023-04-13 16:50:00,304 - assertions.py:45 -[assertions:contains_assert] - 字符串包含断言成功：预期结果【None】,实际结果【[None]】
INFO - 2023-04-13 16:50:00,304 - assertions.py:70 -[assertions:equal_assert] - 相等断言成功：接口实际结果：{'msg': '登录成功'}，等于预期结果：{'msg': '登录成功'}
INFO - 2023-04-13 16:50:00,304 - assertions.py:189 -[assertions:assert_result] - 测试成功
INFO - 2023-04-13 16:50:00,305 - test_debug_api.py:14 -[test_debug_api:setup_class] - 环境初始化....
INFO - 2023-04-13 16:50:00,305 - conftest.py:20 -[conftest:start_test_and_end] - -------------接口测试开始--------------
INFO - 2023-04-13 16:50:00,310 - sendrequest.py:135 -[sendrequest:run_main] - 接口名称：新增用户
INFO - 2023-04-13 16:50:00,311 - sendrequest.py:136 -[sendrequest:run_main] - 请求地址：http://127.0.0.1:8787/dar/user/addUser
INFO - 2023-04-13 16:50:00,311 - sendrequest.py:137 -[sendrequest:run_main] - 请求方式：POST
INFO - 2023-04-13 16:50:00,311 - sendrequest.py:138 -[sendrequest:run_main] - 测试用例名称：正常新增用户
INFO - 2023-04-13 16:50:00,311 - sendrequest.py:139 -[sendrequest:run_main] - 请求头：{'Content-Type': 'application/x-www-form-urlencoded;charset=UTF-8'}
INFO - 2023-04-13 16:50:00,311 - sendrequest.py:140 -[sendrequest:run_main] - Cookie：None
INFO - 2023-04-13 16:50:00,311 - sendrequest.py:144 -[sendrequest:run_main] - 请求参数：{'data': {'username': 'testadduser', 'password': 'tset6789890', 'role_id': 123456789, 'dates': '2023-12-31', 'phone': 13800000000, 'token': '4346023777639731486'}}
INFO - 2023-04-13 16:50:00,317 - sendrequest.py:108 -[sendrequest:send_request] - 接口返回信息：{
  "error_code": null,
  "msg": "新增成功",
  "msg_code": 200
}

INFO - 2023-04-13 16:50:00,318 - assertions.py:166 -[assertions:assert_result] - yaml文件预期结果：[{'contains': {'status_code': 200}}, {'contains': '新增成功'}]
ERROR - 2023-04-13 16:50:00,318 - assertions.py:191 -[assertions:assert_result] - 测试失败
ERROR - 2023-04-13 16:50:00,318 - assertions.py:192 -[assertions:assert_result] - 请检查断言字段是否包含在接口的返回信息中!
ERROR - 2023-04-13 16:50:00,318 - assertions.py:193 -[assertions:assert_result] - 异常信息：'str' object has no attribute 'items'
ERROR - 2023-04-13 16:50:00,319 - apiutil.py:135 -[apiutil:specification_yaml] - Traceback (most recent call last):
  File "F:\debugApi\pythonproject\common\assertions.py", line 172, in assert_result
    flag = self.contains_assert(value, response, status_code)
  File "F:\debugApi\pythonproject\common\assertions.py", line 31, in contains_assert
    for assert_key, assert_value in value.items():
AttributeError: 'str' object has no attribute 'items'

During handling of the above exception, another exception occurred:

Traceback (most recent call last):
  File "F:\debugApi\pythonproject\base\apiutil.py", line 130, in specification_yaml
    assert_res.assert_result(validation, res_json, status_code)
  File "F:\debugApi\pythonproject\common\assertions.py", line 194, in assert_result
    assert all_flag != 0
AssertionError

ERROR - 2023-04-13 16:50:00,319 - apiutil.py:138 -[apiutil:specification_yaml] - 
INFO - 2023-04-13 16:50:00,731 - conftest.py:22 -[conftest:start_test_and_end] - -------------接口测试结束--------------
INFO - 2023-04-13 16:50:00,735 - conftest.py:20 -[conftest:start_test_and_end] - -------------接口测试开始--------------
INFO - 2023-04-13 16:50:00,739 - sendrequest.py:135 -[sendrequest:run_main] - 接口名称：修改用户
INFO - 2023-04-13 16:50:00,740 - sendrequest.py:136 -[sendrequest:run_main] - 请求地址：http://127.0.0.1:8787/dar/user/updateUser
INFO - 2023-04-13 16:50:00,740 - sendrequest.py:137 -[sendrequest:run_main] - 请求方式：POST
INFO - 2023-04-13 16:50:00,740 - sendrequest.py:138 -[sendrequest:run_main] - 测试用例名称：正常修改用户信息
INFO - 2023-04-13 16:50:00,740 - sendrequest.py:139 -[sendrequest:run_main] - 请求头：{'Content-Type': 'application/x-www-form-urlencoded;charset=UTF-8'}
INFO - 2023-04-13 16:50:00,740 - sendrequest.py:140 -[sendrequest:run_main] - Cookie：None
INFO - 2023-04-13 16:50:00,740 - sendrequest.py:144 -[sendrequest:run_main] - 请求参数：{'data': {'username': 'testadduser', 'password': 'tset6789#$123', 'role_id': 89588181111112343, 'dates': '2023-12-31', 'phone': 13800000000}}
INFO - 2023-04-13 16:50:00,757 - sendrequest.py:108 -[sendrequest:send_request] - 接口返回信息：{
  "error_code": null,
  "msg": "更新成功",
  "msg_code": 200
}

INFO - 2023-04-13 16:50:00,759 - assertions.py:166 -[assertions:assert_result] - yaml文件预期结果：[{'contains': {'status_code': 200}}, {'contains': {'msg': '更新成功'}}]
INFO - 2023-04-13 16:50:00,759 - assertions.py:45 -[assertions:contains_assert] - 字符串包含断言成功：预期结果【更新成功】,实际结果【更新成功】
INFO - 2023-04-13 16:50:00,759 - assertions.py:189 -[assertions:assert_result] - 测试成功
INFO - 2023-04-13 16:50:00,772 - conftest.py:22 -[conftest:start_test_and_end] - -------------接口测试结束--------------
INFO - 2023-04-13 16:50:00,776 - conftest.py:20 -[conftest:start_test_and_end] - -------------接口测试开始--------------
INFO - 2023-04-13 16:50:00,781 - sendrequest.py:135 -[sendrequest:run_main] - 接口名称：删除用户
INFO - 2023-04-13 16:50:00,781 - sendrequest.py:136 -[sendrequest:run_main] - 请求地址：http://127.0.0.1:8787/dar/user/deleteUser
INFO - 2023-04-13 16:50:00,781 - sendrequest.py:137 -[sendrequest:run_main] - 请求方式：POST
INFO - 2023-04-13 16:50:00,781 - sendrequest.py:138 -[sendrequest:run_main] - 测试用例名称：有效删除用户
INFO - 2023-04-13 16:50:00,781 - sendrequest.py:139 -[sendrequest:run_main] - 请求头：{'Content-Type': 'application/x-www-form-urlencoded;charset=UTF-8'}
INFO - 2023-04-13 16:50:00,781 - sendrequest.py:140 -[sendrequest:run_main] - Cookie：None
INFO - 2023-04-13 16:50:00,782 - sendrequest.py:144 -[sendrequest:run_main] - 请求参数：{'data': {'user_id': 123839387391912}}
INFO - 2023-04-13 16:50:00,802 - sendrequest.py:108 -[sendrequest:send_request] - 接口返回信息：{
  "error_code": null,
  "msg": "删除成功!",
  "msg_code": 200
}

INFO - 2023-04-13 16:50:00,805 - assertions.py:166 -[assertions:assert_result] - yaml文件预期结果：[{'contains': {'msg': '删除成功'}}]
INFO - 2023-04-13 16:50:00,805 - assertions.py:45 -[assertions:contains_assert] - 字符串包含断言成功：预期结果【删除成功】,实际结果【删除成功!】
INFO - 2023-04-13 16:50:00,805 - assertions.py:189 -[assertions:assert_result] - 测试成功
INFO - 2023-04-13 16:50:00,817 - conftest.py:22 -[conftest:start_test_and_end] - -------------接口测试结束--------------
INFO - 2023-04-13 16:50:00,821 - conftest.py:20 -[conftest:start_test_and_end] - -------------接口测试开始--------------
INFO - 2023-04-13 16:50:00,825 - sendrequest.py:135 -[sendrequest:run_main] - 接口名称：用户查询
INFO - 2023-04-13 16:50:00,825 - sendrequest.py:136 -[sendrequest:run_main] - 请求地址：http://127.0.0.1:8787/dar/user/queryUser
INFO - 2023-04-13 16:50:00,825 - sendrequest.py:137 -[sendrequest:run_main] - 请求方式：POST
INFO - 2023-04-13 16:50:00,825 - sendrequest.py:138 -[sendrequest:run_main] - 测试用例名称：有效查询用户
INFO - 2023-04-13 16:50:00,825 - sendrequest.py:139 -[sendrequest:run_main] - 请求头：{'Content-Type': 'application/x-www-form-urlencoded;charset=UTF-8'}
INFO - 2023-04-13 16:50:00,825 - sendrequest.py:140 -[sendrequest:run_main] - Cookie：None
INFO - 2023-04-13 16:50:00,826 - sendrequest.py:144 -[sendrequest:run_main] - 请求参数：{'data': {'user_id': 123839387391912}}
INFO - 2023-04-13 16:50:00,848 - sendrequest.py:108 -[sendrequest:send_request] - 接口返回信息：{
  "error_code": null,
  "msg": "查询成功!",
  "msg_code": 200
}

INFO - 2023-04-13 16:50:00,850 - assertions.py:166 -[assertions:assert_result] - yaml文件预期结果：[{'contains': {'msg': '查询成功'}}, {'eq': {'msg_code': 200}}]
INFO - 2023-04-13 16:50:00,850 - assertions.py:45 -[assertions:contains_assert] - 字符串包含断言成功：预期结果【查询成功】,实际结果【查询成功!】
INFO - 2023-04-13 16:50:00,850 - assertions.py:70 -[assertions:equal_assert] - 相等断言成功：接口实际结果：{'msg_code': 200}，等于预期结果：{'msg_code': 200}
INFO - 2023-04-13 16:50:00,850 - assertions.py:189 -[assertions:assert_result] - 测试成功
INFO - 2023-04-13 16:50:00,864 - conftest.py:22 -[conftest:start_test_and_end] - -------------接口测试结束--------------
INFO - 2023-04-13 16:50:00,864 - test_debug_api.py:45 -[test_debug_api:teardown_class] - 正在清理测试数据....
INFO - 2023-04-13 16:50:51,434 - sendrequest.py:135 -[sendrequest:run_main] - 接口名称：用户登录
INFO - 2023-04-13 16:50:51,434 - sendrequest.py:136 -[sendrequest:run_main] - 请求地址：http://127.0.0.1:8787/dar/user/login
INFO - 2023-04-13 16:50:51,434 - sendrequest.py:137 -[sendrequest:run_main] - 请求方式：post
INFO - 2023-04-13 16:50:51,434 - sendrequest.py:138 -[sendrequest:run_main] - 测试用例名称：用户名和密码正确登录验证
INFO - 2023-04-13 16:50:51,434 - sendrequest.py:139 -[sendrequest:run_main] - 请求头：{'Content-Type': 'application/x-www-form-urlencoded;charset=UTF-8'}
INFO - 2023-04-13 16:50:51,434 - sendrequest.py:140 -[sendrequest:run_main] - Cookie：None
INFO - 2023-04-13 16:50:51,435 - sendrequest.py:144 -[sendrequest:run_main] - 请求参数：{'data': {'user_name': 'test01', 'passwd': 'admin123'}}
INFO - 2023-04-13 16:50:51,439 - sendrequest.py:108 -[sendrequest:send_request] - 接口返回信息：{
  "error_code": null,
  "msg": "登录成功",
  "msg_code": 200,
  "token": "7325380170300641074"
}

INFO - 2023-04-13 16:50:51,442 - apiutil.py:166 -[apiutil:extract_data] - json提取到参数：{'token': '7325380170300641074'}
INFO - 2023-04-13 16:50:51,443 - assertions.py:166 -[assertions:assert_result] - yaml文件预期结果：[{'contains': {'error_code': 'none'}}, {'eq': {'msg': '登录成功'}}]
INFO - 2023-04-13 16:50:51,443 - assertions.py:45 -[assertions:contains_assert] - 字符串包含断言成功：预期结果【None】,实际结果【[None]】
INFO - 2023-04-13 16:50:51,444 - assertions.py:70 -[assertions:equal_assert] - 相等断言成功：接口实际结果：{'msg': '登录成功'}，等于预期结果：{'msg': '登录成功'}
INFO - 2023-04-13 16:50:51,444 - assertions.py:189 -[assertions:assert_result] - 测试成功
INFO - 2023-04-13 16:50:51,444 - test_debug_api.py:14 -[test_debug_api:setup_class] - 环境初始化....
INFO - 2023-04-13 16:50:51,445 - conftest.py:20 -[conftest:start_test_and_end] - -------------接口测试开始--------------
INFO - 2023-04-13 16:50:51,452 - sendrequest.py:135 -[sendrequest:run_main] - 接口名称：新增用户
INFO - 2023-04-13 16:50:51,452 - sendrequest.py:136 -[sendrequest:run_main] - 请求地址：http://127.0.0.1:8787/dar/user/addUser
INFO - 2023-04-13 16:50:51,452 - sendrequest.py:137 -[sendrequest:run_main] - 请求方式：POST
INFO - 2023-04-13 16:50:51,452 - sendrequest.py:138 -[sendrequest:run_main] - 测试用例名称：正常新增用户
INFO - 2023-04-13 16:50:51,452 - sendrequest.py:139 -[sendrequest:run_main] - 请求头：{'Content-Type': 'application/x-www-form-urlencoded;charset=UTF-8'}
INFO - 2023-04-13 16:50:51,452 - sendrequest.py:140 -[sendrequest:run_main] - Cookie：None
INFO - 2023-04-13 16:50:51,453 - sendrequest.py:144 -[sendrequest:run_main] - 请求参数：{'data': {'username': 'testadduser', 'password': 'tset6789890', 'role_id': 123456789, 'dates': '2023-12-31', 'phone': 13800000000, 'token': '7325380170300641074'}}
INFO - 2023-04-13 16:50:51,474 - sendrequest.py:108 -[sendrequest:send_request] - 接口返回信息：{
  "error_code": null,
  "msg": "新增成功",
  "msg_code": 200
}

INFO - 2023-04-13 16:50:51,475 - assertions.py:166 -[assertions:assert_result] - yaml文件预期结果：[{'contains': {'status_code': 200}}, {'contains': {'msg': '新增成功1'}}]
ERROR - 2023-04-13 16:50:51,476 - assertions.py:50 -[assertions:contains_assert] - 响应文本断言失败：预期结果为【新增成功1】,实际结果为【新增成功】
ERROR - 2023-04-13 16:50:51,476 - assertions.py:191 -[assertions:assert_result] - 测试失败
ERROR - 2023-04-13 16:50:51,476 - assertions.py:192 -[assertions:assert_result] - 请检查断言字段是否包含在接口的返回信息中!
ERROR - 2023-04-13 16:50:51,476 - assertions.py:193 -[assertions:assert_result] - 异常信息：
INFO - 2023-04-13 16:50:51,494 - conftest.py:22 -[conftest:start_test_and_end] - -------------接口测试结束--------------
INFO - 2023-04-13 16:50:51,500 - conftest.py:20 -[conftest:start_test_and_end] - -------------接口测试开始--------------
INFO - 2023-04-13 16:50:51,505 - sendrequest.py:135 -[sendrequest:run_main] - 接口名称：修改用户
INFO - 2023-04-13 16:50:51,505 - sendrequest.py:136 -[sendrequest:run_main] - 请求地址：http://127.0.0.1:8787/dar/user/updateUser
INFO - 2023-04-13 16:50:51,505 - sendrequest.py:137 -[sendrequest:run_main] - 请求方式：POST
INFO - 2023-04-13 16:50:51,505 - sendrequest.py:138 -[sendrequest:run_main] - 测试用例名称：正常修改用户信息
INFO - 2023-04-13 16:50:51,505 - sendrequest.py:139 -[sendrequest:run_main] - 请求头：{'Content-Type': 'application/x-www-form-urlencoded;charset=UTF-8'}
INFO - 2023-04-13 16:50:51,505 - sendrequest.py:140 -[sendrequest:run_main] - Cookie：None
INFO - 2023-04-13 16:50:51,505 - sendrequest.py:144 -[sendrequest:run_main] - 请求参数：{'data': {'username': 'testadduser', 'password': 'tset6789#$123', 'role_id': 89588181111112343, 'dates': '2023-12-31', 'phone': 13800000000}}
INFO - 2023-04-13 16:50:51,520 - sendrequest.py:108 -[sendrequest:send_request] - 接口返回信息：{
  "error_code": null,
  "msg": "更新成功",
  "msg_code": 200
}

INFO - 2023-04-13 16:50:51,521 - assertions.py:166 -[assertions:assert_result] - yaml文件预期结果：[{'contains': {'status_code': 200}}, {'contains': {'msg': '更新成功'}}]
INFO - 2023-04-13 16:50:51,522 - assertions.py:45 -[assertions:contains_assert] - 字符串包含断言成功：预期结果【更新成功】,实际结果【更新成功】
INFO - 2023-04-13 16:50:51,522 - assertions.py:189 -[assertions:assert_result] - 测试成功
INFO - 2023-04-13 16:50:51,536 - conftest.py:22 -[conftest:start_test_and_end] - -------------接口测试结束--------------
INFO - 2023-04-13 16:50:51,539 - conftest.py:20 -[conftest:start_test_and_end] - -------------接口测试开始--------------
INFO - 2023-04-13 16:50:51,542 - sendrequest.py:135 -[sendrequest:run_main] - 接口名称：删除用户
INFO - 2023-04-13 16:50:51,543 - sendrequest.py:136 -[sendrequest:run_main] - 请求地址：http://127.0.0.1:8787/dar/user/deleteUser
INFO - 2023-04-13 16:50:51,543 - sendrequest.py:137 -[sendrequest:run_main] - 请求方式：POST
INFO - 2023-04-13 16:50:51,543 - sendrequest.py:138 -[sendrequest:run_main] - 测试用例名称：有效删除用户
INFO - 2023-04-13 16:50:51,543 - sendrequest.py:139 -[sendrequest:run_main] - 请求头：{'Content-Type': 'application/x-www-form-urlencoded;charset=UTF-8'}
INFO - 2023-04-13 16:50:51,543 - sendrequest.py:140 -[sendrequest:run_main] - Cookie：None
INFO - 2023-04-13 16:50:51,543 - sendrequest.py:144 -[sendrequest:run_main] - 请求参数：{'data': {'user_id': 123839387391912}}
INFO - 2023-04-13 16:50:51,567 - sendrequest.py:108 -[sendrequest:send_request] - 接口返回信息：{
  "error_code": null,
  "msg": "删除成功!",
  "msg_code": 200
}

INFO - 2023-04-13 16:50:51,568 - assertions.py:166 -[assertions:assert_result] - yaml文件预期结果：[{'contains': {'msg': '删除成功'}}]
INFO - 2023-04-13 16:50:51,568 - assertions.py:45 -[assertions:contains_assert] - 字符串包含断言成功：预期结果【删除成功】,实际结果【删除成功!】
INFO - 2023-04-13 16:50:51,569 - assertions.py:189 -[assertions:assert_result] - 测试成功
INFO - 2023-04-13 16:50:51,582 - conftest.py:22 -[conftest:start_test_and_end] - -------------接口测试结束--------------
INFO - 2023-04-13 16:50:51,584 - conftest.py:20 -[conftest:start_test_and_end] - -------------接口测试开始--------------
INFO - 2023-04-13 16:50:51,589 - sendrequest.py:135 -[sendrequest:run_main] - 接口名称：用户查询
INFO - 2023-04-13 16:50:51,589 - sendrequest.py:136 -[sendrequest:run_main] - 请求地址：http://127.0.0.1:8787/dar/user/queryUser
INFO - 2023-04-13 16:50:51,589 - sendrequest.py:137 -[sendrequest:run_main] - 请求方式：POST
INFO - 2023-04-13 16:50:51,589 - sendrequest.py:138 -[sendrequest:run_main] - 测试用例名称：有效查询用户
INFO - 2023-04-13 16:50:51,589 - sendrequest.py:139 -[sendrequest:run_main] - 请求头：{'Content-Type': 'application/x-www-form-urlencoded;charset=UTF-8'}
INFO - 2023-04-13 16:50:51,589 - sendrequest.py:140 -[sendrequest:run_main] - Cookie：None
INFO - 2023-04-13 16:50:51,590 - sendrequest.py:144 -[sendrequest:run_main] - 请求参数：{'data': {'user_id': 123839387391912}}
INFO - 2023-04-13 16:50:51,612 - sendrequest.py:108 -[sendrequest:send_request] - 接口返回信息：{
  "error_code": null,
  "msg": "查询成功!",
  "msg_code": 200
}

INFO - 2023-04-13 16:50:51,614 - assertions.py:166 -[assertions:assert_result] - yaml文件预期结果：[{'contains': {'msg': '查询成功'}}, {'eq': {'msg_code': 200}}]
INFO - 2023-04-13 16:50:51,614 - assertions.py:45 -[assertions:contains_assert] - 字符串包含断言成功：预期结果【查询成功】,实际结果【查询成功!】
INFO - 2023-04-13 16:50:51,614 - assertions.py:70 -[assertions:equal_assert] - 相等断言成功：接口实际结果：{'msg_code': 200}，等于预期结果：{'msg_code': 200}
INFO - 2023-04-13 16:50:51,614 - assertions.py:189 -[assertions:assert_result] - 测试成功
INFO - 2023-04-13 16:50:51,628 - conftest.py:22 -[conftest:start_test_and_end] - -------------接口测试结束--------------
INFO - 2023-04-13 16:50:51,629 - test_debug_api.py:45 -[test_debug_api:teardown_class] - 正在清理测试数据....
INFO - 2023-04-13 16:51:24,226 - sendrequest.py:135 -[sendrequest:run_main] - 接口名称：用户登录
INFO - 2023-04-13 16:51:24,226 - sendrequest.py:136 -[sendrequest:run_main] - 请求地址：http://127.0.0.1:8787/dar/user/login
INFO - 2023-04-13 16:51:24,226 - sendrequest.py:137 -[sendrequest:run_main] - 请求方式：post
INFO - 2023-04-13 16:51:24,226 - sendrequest.py:138 -[sendrequest:run_main] - 测试用例名称：用户名和密码正确登录验证
INFO - 2023-04-13 16:51:24,226 - sendrequest.py:139 -[sendrequest:run_main] - 请求头：{'Content-Type': 'application/x-www-form-urlencoded;charset=UTF-8'}
INFO - 2023-04-13 16:51:24,226 - sendrequest.py:140 -[sendrequest:run_main] - Cookie：None
INFO - 2023-04-13 16:51:24,227 - sendrequest.py:144 -[sendrequest:run_main] - 请求参数：{'data': {'user_name': 'test01', 'passwd': 'admin123'}}
INFO - 2023-04-13 16:51:24,232 - sendrequest.py:108 -[sendrequest:send_request] - 接口返回信息：{
  "error_code": null,
  "msg": "登录成功",
  "msg_code": 200,
  "token": "5930247065686609088"
}

INFO - 2023-04-13 16:51:24,234 - apiutil.py:166 -[apiutil:extract_data] - json提取到参数：{'token': '5930247065686609088'}
INFO - 2023-04-13 16:51:24,235 - assertions.py:166 -[assertions:assert_result] - yaml文件预期结果：[{'contains': {'error_code': 'none'}}, {'eq': {'msg': '登录成功'}}]
INFO - 2023-04-13 16:51:24,235 - assertions.py:45 -[assertions:contains_assert] - 字符串包含断言成功：预期结果【None】,实际结果【[None]】
INFO - 2023-04-13 16:51:24,235 - assertions.py:70 -[assertions:equal_assert] - 相等断言成功：接口实际结果：{'msg': '登录成功'}，等于预期结果：{'msg': '登录成功'}
INFO - 2023-04-13 16:51:24,235 - assertions.py:189 -[assertions:assert_result] - 测试成功
INFO - 2023-04-13 16:51:24,235 - test_debug_api.py:14 -[test_debug_api:setup_class] - 环境初始化....
INFO - 2023-04-13 16:51:24,236 - conftest.py:20 -[conftest:start_test_and_end] - -------------接口测试开始--------------
INFO - 2023-04-13 16:51:24,241 - sendrequest.py:135 -[sendrequest:run_main] - 接口名称：新增用户
INFO - 2023-04-13 16:51:24,241 - sendrequest.py:136 -[sendrequest:run_main] - 请求地址：http://127.0.0.1:8787/dar/user/addUser
INFO - 2023-04-13 16:51:24,241 - sendrequest.py:137 -[sendrequest:run_main] - 请求方式：POST
INFO - 2023-04-13 16:51:24,241 - sendrequest.py:138 -[sendrequest:run_main] - 测试用例名称：正常新增用户
INFO - 2023-04-13 16:51:24,242 - sendrequest.py:139 -[sendrequest:run_main] - 请求头：{'Content-Type': 'application/x-www-form-urlencoded;charset=UTF-8'}
INFO - 2023-04-13 16:51:24,242 - sendrequest.py:140 -[sendrequest:run_main] - Cookie：None
INFO - 2023-04-13 16:51:24,242 - sendrequest.py:144 -[sendrequest:run_main] - 请求参数：{'data': {'username': 'testadduser', 'password': 'tset6789890', 'role_id': 123456789, 'dates': '2023-12-31', 'phone': 13800000000, 'token': '5930247065686609088'}}
INFO - 2023-04-13 16:51:24,246 - sendrequest.py:108 -[sendrequest:send_request] - 接口返回信息：{
  "error_code": null,
  "msg": "新增成功",
  "msg_code": 200
}

INFO - 2023-04-13 16:51:24,248 - assertions.py:166 -[assertions:assert_result] - yaml文件预期结果：[{'contains': {'status_code': 200}}, {'contains': {'msg': '新增成功1'}}]
ERROR - 2023-04-13 16:51:24,248 - assertions.py:50 -[assertions:contains_assert] - 响应文本断言失败：预期结果为【新增成功1】,实际结果为【新增成功】
ERROR - 2023-04-13 16:51:24,248 - assertions.py:191 -[assertions:assert_result] - 测试失败
ERROR - 2023-04-13 16:51:24,248 - assertions.py:192 -[assertions:assert_result] - 请检查断言字段是否包含在接口的返回信息中!
ERROR - 2023-04-13 16:51:24,249 - assertions.py:193 -[assertions:assert_result] - 异常信息：
INFO - 2023-04-13 16:51:24,267 - conftest.py:22 -[conftest:start_test_and_end] - -------------接口测试结束--------------
INFO - 2023-04-13 16:51:24,270 - conftest.py:20 -[conftest:start_test_and_end] - -------------接口测试开始--------------
INFO - 2023-04-13 16:51:24,275 - sendrequest.py:135 -[sendrequest:run_main] - 接口名称：修改用户
INFO - 2023-04-13 16:51:24,275 - sendrequest.py:136 -[sendrequest:run_main] - 请求地址：http://127.0.0.1:8787/dar/user/updateUser
INFO - 2023-04-13 16:51:24,275 - sendrequest.py:137 -[sendrequest:run_main] - 请求方式：POST
INFO - 2023-04-13 16:51:24,275 - sendrequest.py:138 -[sendrequest:run_main] - 测试用例名称：正常修改用户信息
INFO - 2023-04-13 16:51:24,275 - sendrequest.py:139 -[sendrequest:run_main] - 请求头：{'Content-Type': 'application/x-www-form-urlencoded;charset=UTF-8'}
INFO - 2023-04-13 16:51:24,275 - sendrequest.py:140 -[sendrequest:run_main] - Cookie：None
INFO - 2023-04-13 16:51:24,276 - sendrequest.py:144 -[sendrequest:run_main] - 请求参数：{'data': {'username': 'testadduser', 'password': 'tset6789#$123', 'role_id': 89588181111112343, 'dates': '2023-12-31', 'phone': 13800000000}}
INFO - 2023-04-13 16:51:24,279 - sendrequest.py:108 -[sendrequest:send_request] - 接口返回信息：{
  "error_code": null,
  "msg": "更新成功",
  "msg_code": 200
}

INFO - 2023-04-13 16:51:24,280 - assertions.py:166 -[assertions:assert_result] - yaml文件预期结果：[{'contains': {'status_code': 200}}, {'contains': {'msg': '更新成功'}}]
INFO - 2023-04-13 16:51:24,280 - assertions.py:45 -[assertions:contains_assert] - 字符串包含断言成功：预期结果【更新成功】,实际结果【更新成功】
INFO - 2023-04-13 16:51:24,281 - assertions.py:189 -[assertions:assert_result] - 测试成功
INFO - 2023-04-13 16:51:24,293 - conftest.py:22 -[conftest:start_test_and_end] - -------------接口测试结束--------------
INFO - 2023-04-13 16:51:24,296 - conftest.py:20 -[conftest:start_test_and_end] - -------------接口测试开始--------------
INFO - 2023-04-13 16:51:24,301 - sendrequest.py:135 -[sendrequest:run_main] - 接口名称：删除用户
INFO - 2023-04-13 16:51:24,301 - sendrequest.py:136 -[sendrequest:run_main] - 请求地址：http://127.0.0.1:8787/dar/user/deleteUser
INFO - 2023-04-13 16:51:24,301 - sendrequest.py:137 -[sendrequest:run_main] - 请求方式：POST
INFO - 2023-04-13 16:51:24,301 - sendrequest.py:138 -[sendrequest:run_main] - 测试用例名称：有效删除用户
INFO - 2023-04-13 16:51:24,301 - sendrequest.py:139 -[sendrequest:run_main] - 请求头：{'Content-Type': 'application/x-www-form-urlencoded;charset=UTF-8'}
INFO - 2023-04-13 16:51:24,301 - sendrequest.py:140 -[sendrequest:run_main] - Cookie：None
INFO - 2023-04-13 16:51:24,302 - sendrequest.py:144 -[sendrequest:run_main] - 请求参数：{'data': {'user_id': 123839387391912}}
INFO - 2023-04-13 16:51:24,324 - sendrequest.py:108 -[sendrequest:send_request] - 接口返回信息：{
  "error_code": null,
  "msg": "删除成功!",
  "msg_code": 200
}

INFO - 2023-04-13 16:51:24,326 - assertions.py:166 -[assertions:assert_result] - yaml文件预期结果：[{'contains': {'msg': '删除成功'}}]
INFO - 2023-04-13 16:51:24,326 - assertions.py:45 -[assertions:contains_assert] - 字符串包含断言成功：预期结果【删除成功】,实际结果【删除成功!】
INFO - 2023-04-13 16:51:24,326 - assertions.py:189 -[assertions:assert_result] - 测试成功
INFO - 2023-04-13 16:51:24,339 - conftest.py:22 -[conftest:start_test_and_end] - -------------接口测试结束--------------
INFO - 2023-04-13 16:51:24,342 - conftest.py:20 -[conftest:start_test_and_end] - -------------接口测试开始--------------
INFO - 2023-04-13 16:51:24,346 - sendrequest.py:135 -[sendrequest:run_main] - 接口名称：用户查询
INFO - 2023-04-13 16:51:24,346 - sendrequest.py:136 -[sendrequest:run_main] - 请求地址：http://127.0.0.1:8787/dar/user/queryUser
INFO - 2023-04-13 16:51:24,346 - sendrequest.py:137 -[sendrequest:run_main] - 请求方式：POST
INFO - 2023-04-13 16:51:24,346 - sendrequest.py:138 -[sendrequest:run_main] - 测试用例名称：有效查询用户
INFO - 2023-04-13 16:51:24,346 - sendrequest.py:139 -[sendrequest:run_main] - 请求头：{'Content-Type': 'application/x-www-form-urlencoded;charset=UTF-8'}
INFO - 2023-04-13 16:51:24,346 - sendrequest.py:140 -[sendrequest:run_main] - Cookie：None
INFO - 2023-04-13 16:51:24,347 - sendrequest.py:144 -[sendrequest:run_main] - 请求参数：{'data': {'user_id': 123839387391912}}
INFO - 2023-04-13 16:51:24,370 - sendrequest.py:108 -[sendrequest:send_request] - 接口返回信息：{
  "error_code": null,
  "msg": "查询成功!",
  "msg_code": 200
}

INFO - 2023-04-13 16:51:24,372 - assertions.py:166 -[assertions:assert_result] - yaml文件预期结果：[{'contains': {'msg': '查询成功'}}, {'eq': {'msg_code': 200}}]
INFO - 2023-04-13 16:51:24,372 - assertions.py:45 -[assertions:contains_assert] - 字符串包含断言成功：预期结果【查询成功】,实际结果【查询成功!】
INFO - 2023-04-13 16:51:24,372 - assertions.py:70 -[assertions:equal_assert] - 相等断言成功：接口实际结果：{'msg_code': 200}，等于预期结果：{'msg_code': 200}
INFO - 2023-04-13 16:51:24,372 - assertions.py:189 -[assertions:assert_result] - 测试成功
INFO - 2023-04-13 16:51:24,386 - conftest.py:22 -[conftest:start_test_and_end] - -------------接口测试结束--------------
INFO - 2023-04-13 16:51:24,386 - test_debug_api.py:45 -[test_debug_api:teardown_class] - 正在清理测试数据....
INFO - 2023-04-13 16:52:54,712 - sendrequest.py:135 -[sendrequest:run_main] - 接口名称：用户登录
INFO - 2023-04-13 16:52:54,712 - sendrequest.py:136 -[sendrequest:run_main] - 请求地址：http://127.0.0.1:8787/dar/user/login
INFO - 2023-04-13 16:52:54,712 - sendrequest.py:137 -[sendrequest:run_main] - 请求方式：post
INFO - 2023-04-13 16:52:54,712 - sendrequest.py:138 -[sendrequest:run_main] - 测试用例名称：用户名和密码正确登录验证
INFO - 2023-04-13 16:52:54,712 - sendrequest.py:139 -[sendrequest:run_main] - 请求头：{'Content-Type': 'application/x-www-form-urlencoded;charset=UTF-8'}
INFO - 2023-04-13 16:52:54,712 - sendrequest.py:140 -[sendrequest:run_main] - Cookie：None
INFO - 2023-04-13 16:52:54,713 - sendrequest.py:144 -[sendrequest:run_main] - 请求参数：{'data': {'user_name': 'test01', 'passwd': 'admin123'}}
INFO - 2023-04-13 16:52:54,719 - sendrequest.py:108 -[sendrequest:send_request] - 接口返回信息：{
  "error_code": null,
  "msg": "登录成功",
  "msg_code": 200,
  "token": "7608265326639061548"
}

INFO - 2023-04-13 16:52:54,721 - apiutil.py:166 -[apiutil:extract_data] - json提取到参数：{'token': '7608265326639061548'}
INFO - 2023-04-13 16:52:54,722 - assertions.py:166 -[assertions:assert_result] - yaml文件预期结果：[{'contains': {'error_code': 'none'}}, {'eq': {'msg': '登录成功'}}]
INFO - 2023-04-13 16:52:54,722 - assertions.py:45 -[assertions:contains_assert] - 字符串包含断言成功：预期结果【None】,实际结果【[None]】
INFO - 2023-04-13 16:52:54,722 - assertions.py:70 -[assertions:equal_assert] - 相等断言成功：接口实际结果：{'msg': '登录成功'}，等于预期结果：{'msg': '登录成功'}
INFO - 2023-04-13 16:52:54,722 - assertions.py:189 -[assertions:assert_result] - 测试成功
INFO - 2023-04-13 16:52:54,722 - test_debug_api.py:14 -[test_debug_api:setup_class] - 环境初始化....
INFO - 2023-04-13 16:52:54,723 - conftest.py:20 -[conftest:start_test_and_end] - -------------接口测试开始--------------
INFO - 2023-04-13 16:52:54,729 - sendrequest.py:135 -[sendrequest:run_main] - 接口名称：新增用户
INFO - 2023-04-13 16:52:54,729 - sendrequest.py:136 -[sendrequest:run_main] - 请求地址：http://127.0.0.1:8787/dar/user/addUser
INFO - 2023-04-13 16:52:54,729 - sendrequest.py:137 -[sendrequest:run_main] - 请求方式：POST
INFO - 2023-04-13 16:52:54,729 - sendrequest.py:138 -[sendrequest:run_main] - 测试用例名称：正常新增用户
INFO - 2023-04-13 16:52:54,729 - sendrequest.py:139 -[sendrequest:run_main] - 请求头：{'Content-Type': 'application/x-www-form-urlencoded;charset=UTF-8'}
INFO - 2023-04-13 16:52:54,729 - sendrequest.py:140 -[sendrequest:run_main] - Cookie：None
INFO - 2023-04-13 16:52:54,730 - sendrequest.py:144 -[sendrequest:run_main] - 请求参数：{'data': {'username': 'testadduser', 'password': 'tset6789890', 'role_id': 123456789, 'dates': '2023-12-31', 'phone': 13800000000, 'token': '7608265326639061548'}}
INFO - 2023-04-13 16:52:54,743 - sendrequest.py:108 -[sendrequest:send_request] - 接口返回信息：{
  "error_code": null,
  "msg": "新增成功",
  "msg_code": 200
}

INFO - 2023-04-13 16:52:54,745 - assertions.py:166 -[assertions:assert_result] - yaml文件预期结果：[{'contains': {'status_code': 200}}, {'contains': {'msg': '新增成功1'}}]
ERROR - 2023-04-13 16:52:54,745 - assertions.py:50 -[assertions:contains_assert] - 响应文本断言失败：预期结果为【新增成功1】,实际结果为【新增成功】
ERROR - 2023-04-13 16:52:54,745 - assertions.py:191 -[assertions:assert_result] - 测试失败
ERROR - 2023-04-13 16:52:54,746 - assertions.py:192 -[assertions:assert_result] - 请检查断言字段是否包含在接口的返回信息中!
ERROR - 2023-04-13 16:52:54,746 - assertions.py:193 -[assertions:assert_result] - 异常信息：
ERROR - 2023-04-13 16:52:54,746 - apiutil.py:135 -[apiutil:specification_yaml] - Traceback (most recent call last):
  File "F:\debugApi\pythonproject\common\assertions.py", line 188, in assert_result
    assert all_flag == 0
AssertionError

During handling of the above exception, another exception occurred:

Traceback (most recent call last):
  File "F:\debugApi\pythonproject\base\apiutil.py", line 130, in specification_yaml
    assert_res.assert_result(validation, res_json, status_code)
  File "F:\debugApi\pythonproject\common\assertions.py", line 194, in assert_result
    assert all_flag == 0
AssertionError

ERROR - 2023-04-13 16:52:54,747 - apiutil.py:138 -[apiutil:specification_yaml] - 
INFO - 2023-04-13 16:52:55,218 - conftest.py:22 -[conftest:start_test_and_end] - -------------接口测试结束--------------
INFO - 2023-04-13 16:52:55,221 - conftest.py:20 -[conftest:start_test_and_end] - -------------接口测试开始--------------
INFO - 2023-04-13 16:52:55,227 - sendrequest.py:135 -[sendrequest:run_main] - 接口名称：修改用户
INFO - 2023-04-13 16:52:55,227 - sendrequest.py:136 -[sendrequest:run_main] - 请求地址：http://127.0.0.1:8787/dar/user/updateUser
INFO - 2023-04-13 16:52:55,227 - sendrequest.py:137 -[sendrequest:run_main] - 请求方式：POST
INFO - 2023-04-13 16:52:55,227 - sendrequest.py:138 -[sendrequest:run_main] - 测试用例名称：正常修改用户信息
INFO - 2023-04-13 16:52:55,227 - sendrequest.py:139 -[sendrequest:run_main] - 请求头：{'Content-Type': 'application/x-www-form-urlencoded;charset=UTF-8'}
INFO - 2023-04-13 16:52:55,227 - sendrequest.py:140 -[sendrequest:run_main] - Cookie：None
INFO - 2023-04-13 16:52:55,228 - sendrequest.py:144 -[sendrequest:run_main] - 请求参数：{'data': {'username': 'testadduser', 'password': 'tset6789#$123', 'role_id': 89588181111112343, 'dates': '2023-12-31', 'phone': 13800000000}}
INFO - 2023-04-13 16:52:55,242 - sendrequest.py:108 -[sendrequest:send_request] - 接口返回信息：{
  "error_code": null,
  "msg": "更新成功",
  "msg_code": 200
}

INFO - 2023-04-13 16:52:55,243 - assertions.py:166 -[assertions:assert_result] - yaml文件预期结果：[{'contains': {'status_code': 200}}, {'contains': {'msg': '更新成功'}}]
INFO - 2023-04-13 16:52:55,243 - assertions.py:45 -[assertions:contains_assert] - 字符串包含断言成功：预期结果【更新成功】,实际结果【更新成功】
INFO - 2023-04-13 16:52:55,243 - assertions.py:189 -[assertions:assert_result] - 测试成功
INFO - 2023-04-13 16:52:55,256 - conftest.py:22 -[conftest:start_test_and_end] - -------------接口测试结束--------------
INFO - 2023-04-13 16:52:55,259 - conftest.py:20 -[conftest:start_test_and_end] - -------------接口测试开始--------------
INFO - 2023-04-13 16:52:55,264 - sendrequest.py:135 -[sendrequest:run_main] - 接口名称：删除用户
INFO - 2023-04-13 16:52:55,264 - sendrequest.py:136 -[sendrequest:run_main] - 请求地址：http://127.0.0.1:8787/dar/user/deleteUser
INFO - 2023-04-13 16:52:55,264 - sendrequest.py:137 -[sendrequest:run_main] - 请求方式：POST
INFO - 2023-04-13 16:52:55,264 - sendrequest.py:138 -[sendrequest:run_main] - 测试用例名称：有效删除用户
INFO - 2023-04-13 16:52:55,264 - sendrequest.py:139 -[sendrequest:run_main] - 请求头：{'Content-Type': 'application/x-www-form-urlencoded;charset=UTF-8'}
INFO - 2023-04-13 16:52:55,264 - sendrequest.py:140 -[sendrequest:run_main] - Cookie：None
INFO - 2023-04-13 16:52:55,264 - sendrequest.py:144 -[sendrequest:run_main] - 请求参数：{'data': {'user_id': 123839387391912}}
INFO - 2023-04-13 16:52:55,288 - sendrequest.py:108 -[sendrequest:send_request] - 接口返回信息：{
  "error_code": null,
  "msg": "删除成功!",
  "msg_code": 200
}

INFO - 2023-04-13 16:52:55,289 - assertions.py:166 -[assertions:assert_result] - yaml文件预期结果：[{'contains': {'msg': '删除成功'}}]
INFO - 2023-04-13 16:52:55,289 - assertions.py:45 -[assertions:contains_assert] - 字符串包含断言成功：预期结果【删除成功】,实际结果【删除成功!】
INFO - 2023-04-13 16:52:55,289 - assertions.py:189 -[assertions:assert_result] - 测试成功
INFO - 2023-04-13 16:52:55,303 - conftest.py:22 -[conftest:start_test_and_end] - -------------接口测试结束--------------
INFO - 2023-04-13 16:52:55,306 - conftest.py:20 -[conftest:start_test_and_end] - -------------接口测试开始--------------
INFO - 2023-04-13 16:52:55,310 - sendrequest.py:135 -[sendrequest:run_main] - 接口名称：用户查询
INFO - 2023-04-13 16:52:55,311 - sendrequest.py:136 -[sendrequest:run_main] - 请求地址：http://127.0.0.1:8787/dar/user/queryUser
INFO - 2023-04-13 16:52:55,311 - sendrequest.py:137 -[sendrequest:run_main] - 请求方式：POST
INFO - 2023-04-13 16:52:55,311 - sendrequest.py:138 -[sendrequest:run_main] - 测试用例名称：有效查询用户
INFO - 2023-04-13 16:52:55,311 - sendrequest.py:139 -[sendrequest:run_main] - 请求头：{'Content-Type': 'application/x-www-form-urlencoded;charset=UTF-8'}
INFO - 2023-04-13 16:52:55,311 - sendrequest.py:140 -[sendrequest:run_main] - Cookie：None
INFO - 2023-04-13 16:52:55,312 - sendrequest.py:144 -[sendrequest:run_main] - 请求参数：{'data': {'user_id': 123839387391912}}
INFO - 2023-04-13 16:52:55,315 - sendrequest.py:108 -[sendrequest:send_request] - 接口返回信息：{
  "error_code": null,
  "msg": "查询成功!",
  "msg_code": 200
}

INFO - 2023-04-13 16:52:55,316 - assertions.py:166 -[assertions:assert_result] - yaml文件预期结果：[{'contains': {'msg': '查询成功'}}, {'eq': {'msg_code': 200}}]
INFO - 2023-04-13 16:52:55,317 - assertions.py:45 -[assertions:contains_assert] - 字符串包含断言成功：预期结果【查询成功】,实际结果【查询成功!】
INFO - 2023-04-13 16:52:55,317 - assertions.py:70 -[assertions:equal_assert] - 相等断言成功：接口实际结果：{'msg_code': 200}，等于预期结果：{'msg_code': 200}
INFO - 2023-04-13 16:52:55,317 - assertions.py:189 -[assertions:assert_result] - 测试成功
INFO - 2023-04-13 16:52:55,336 - conftest.py:22 -[conftest:start_test_and_end] - -------------接口测试结束--------------
INFO - 2023-04-13 16:52:55,337 - test_debug_api.py:45 -[test_debug_api:teardown_class] - 正在清理测试数据....
INFO - 2023-04-13 16:57:02,724 - sendrequest.py:135 -[sendrequest:run_main] - 接口名称：用户登录
INFO - 2023-04-13 16:57:02,724 - sendrequest.py:136 -[sendrequest:run_main] - 请求地址：http://127.0.0.1:8787/dar/user/login
INFO - 2023-04-13 16:57:02,724 - sendrequest.py:137 -[sendrequest:run_main] - 请求方式：post
INFO - 2023-04-13 16:57:02,724 - sendrequest.py:138 -[sendrequest:run_main] - 测试用例名称：用户名和密码正确登录验证
INFO - 2023-04-13 16:57:02,724 - sendrequest.py:139 -[sendrequest:run_main] - 请求头：{'Content-Type': 'application/x-www-form-urlencoded;charset=UTF-8'}
INFO - 2023-04-13 16:57:02,724 - sendrequest.py:140 -[sendrequest:run_main] - Cookie：None
INFO - 2023-04-13 16:57:02,725 - sendrequest.py:144 -[sendrequest:run_main] - 请求参数：{'data': {'user_name': 'test01', 'passwd': 'admin123'}}
INFO - 2023-04-13 16:57:02,731 - sendrequest.py:108 -[sendrequest:send_request] - 接口返回信息：{
  "error_code": null,
  "msg": "登录成功",
  "msg_code": 200,
  "token": "1030052748762344101"
}

INFO - 2023-04-13 16:57:02,733 - apiutil.py:166 -[apiutil:extract_data] - json提取到参数：{'token': '1030052748762344101'}
INFO - 2023-04-13 16:57:02,734 - assertions.py:169 -[assertions:assert_result] - yaml文件预期结果：[{'contains': {'error_code': 'none'}}, {'eq': {'msg': '登录成功'}}]
INFO - 2023-04-13 16:57:02,734 - assertions.py:46 -[assertions:contains_assert] - 字符串包含断言成功：预期结果【None】,实际结果【[None]】
INFO - 2023-04-13 16:57:02,734 - assertions.py:47 -[assertions:contains_assert] - 测试成功
INFO - 2023-04-13 16:57:02,734 - assertions.py:73 -[assertions:equal_assert] - 相等断言成功：接口实际结果：{'msg': '登录成功'}，等于预期结果：{'msg': '登录成功'}
INFO - 2023-04-13 16:57:02,734 - test_debug_api.py:14 -[test_debug_api:setup_class] - 环境初始化....
INFO - 2023-04-13 16:57:02,735 - conftest.py:20 -[conftest:start_test_and_end] - -------------接口测试开始--------------
INFO - 2023-04-13 16:57:02,740 - sendrequest.py:135 -[sendrequest:run_main] - 接口名称：新增用户
INFO - 2023-04-13 16:57:02,740 - sendrequest.py:136 -[sendrequest:run_main] - 请求地址：http://127.0.0.1:8787/dar/user/addUser
INFO - 2023-04-13 16:57:02,740 - sendrequest.py:137 -[sendrequest:run_main] - 请求方式：POST
INFO - 2023-04-13 16:57:02,740 - sendrequest.py:138 -[sendrequest:run_main] - 测试用例名称：正常新增用户
INFO - 2023-04-13 16:57:02,740 - sendrequest.py:139 -[sendrequest:run_main] - 请求头：{'Content-Type': 'application/x-www-form-urlencoded;charset=UTF-8'}
INFO - 2023-04-13 16:57:02,741 - sendrequest.py:140 -[sendrequest:run_main] - Cookie：None
INFO - 2023-04-13 16:57:02,741 - sendrequest.py:144 -[sendrequest:run_main] - 请求参数：{'data': {'username': 'testadduser', 'password': 'tset6789890', 'role_id': 123456789, 'dates': '2023-12-31', 'phone': 13800000000, 'token': '1030052748762344101'}}
INFO - 2023-04-13 16:57:02,757 - sendrequest.py:108 -[sendrequest:send_request] - 接口返回信息：{
  "error_code": null,
  "msg": "新增成功",
  "msg_code": 200
}

INFO - 2023-04-13 16:57:02,759 - assertions.py:169 -[assertions:assert_result] - yaml文件预期结果：[{'contains': {'status_code': 200}}, {'contains': {'msg': '新增成功1'}}]
ERROR - 2023-04-13 16:57:02,759 - assertions.py:52 -[assertions:contains_assert] - 响应文本断言失败：预期结果为【新增成功1】,实际结果为【新增成功】
INFO - 2023-04-13 16:57:02,760 - assertions.py:53 -[assertions:contains_assert] - 测试失败
ERROR - 2023-04-13 16:57:02,760 - assertions.py:194 -[assertions:assert_result] - 测试异常
ERROR - 2023-04-13 16:57:02,760 - assertions.py:195 -[assertions:assert_result] - 请检查断言字段是否包含在接口的返回信息中!
ERROR - 2023-04-13 16:57:02,760 - assertions.py:196 -[assertions:assert_result] - 异常信息：
ERROR - 2023-04-13 16:57:02,761 - apiutil.py:135 -[apiutil:specification_yaml] - Traceback (most recent call last):
  File "F:\debugApi\pythonproject\common\assertions.py", line 191, in assert_result
    assert all_flag == 0
AssertionError

During handling of the above exception, another exception occurred:

Traceback (most recent call last):
  File "F:\debugApi\pythonproject\base\apiutil.py", line 130, in specification_yaml
    assert_res.assert_result(validation, res_json, status_code)
  File "F:\debugApi\pythonproject\common\assertions.py", line 197, in assert_result
    assert all_flag == 0
AssertionError

ERROR - 2023-04-13 16:57:02,761 - apiutil.py:138 -[apiutil:specification_yaml] - 
INFO - 2023-04-13 16:57:03,256 - conftest.py:22 -[conftest:start_test_and_end] - -------------接口测试结束--------------
INFO - 2023-04-13 16:57:03,259 - conftest.py:20 -[conftest:start_test_and_end] - -------------接口测试开始--------------
INFO - 2023-04-13 16:57:03,264 - sendrequest.py:135 -[sendrequest:run_main] - 接口名称：修改用户
INFO - 2023-04-13 16:57:03,264 - sendrequest.py:136 -[sendrequest:run_main] - 请求地址：http://127.0.0.1:8787/dar/user/updateUser
INFO - 2023-04-13 16:57:03,264 - sendrequest.py:137 -[sendrequest:run_main] - 请求方式：POST
INFO - 2023-04-13 16:57:03,264 - sendrequest.py:138 -[sendrequest:run_main] - 测试用例名称：正常修改用户信息
INFO - 2023-04-13 16:57:03,264 - sendrequest.py:139 -[sendrequest:run_main] - 请求头：{'Content-Type': 'application/x-www-form-urlencoded;charset=UTF-8'}
INFO - 2023-04-13 16:57:03,264 - sendrequest.py:140 -[sendrequest:run_main] - Cookie：None
INFO - 2023-04-13 16:57:03,265 - sendrequest.py:144 -[sendrequest:run_main] - 请求参数：{'data': {'username': 'testadduser', 'password': 'tset6789#$123', 'role_id': 89588181111112343, 'dates': '2023-12-31', 'phone': 13800000000}}
INFO - 2023-04-13 16:57:03,268 - sendrequest.py:108 -[sendrequest:send_request] - 接口返回信息：{
  "error_code": null,
  "msg": "更新成功",
  "msg_code": 200
}

INFO - 2023-04-13 16:57:03,269 - assertions.py:169 -[assertions:assert_result] - yaml文件预期结果：[{'contains': {'status_code': 200}}, {'contains': {'msg': '更新成功'}}]
INFO - 2023-04-13 16:57:03,270 - assertions.py:46 -[assertions:contains_assert] - 字符串包含断言成功：预期结果【更新成功】,实际结果【更新成功】
INFO - 2023-04-13 16:57:03,270 - assertions.py:47 -[assertions:contains_assert] - 测试成功
INFO - 2023-04-13 16:57:03,296 - conftest.py:22 -[conftest:start_test_and_end] - -------------接口测试结束--------------
INFO - 2023-04-13 16:57:03,300 - conftest.py:20 -[conftest:start_test_and_end] - -------------接口测试开始--------------
INFO - 2023-04-13 16:57:03,305 - sendrequest.py:135 -[sendrequest:run_main] - 接口名称：删除用户
INFO - 2023-04-13 16:57:03,305 - sendrequest.py:136 -[sendrequest:run_main] - 请求地址：http://127.0.0.1:8787/dar/user/deleteUser
INFO - 2023-04-13 16:57:03,305 - sendrequest.py:137 -[sendrequest:run_main] - 请求方式：POST
INFO - 2023-04-13 16:57:03,305 - sendrequest.py:138 -[sendrequest:run_main] - 测试用例名称：有效删除用户
INFO - 2023-04-13 16:57:03,305 - sendrequest.py:139 -[sendrequest:run_main] - 请求头：{'Content-Type': 'application/x-www-form-urlencoded;charset=UTF-8'}
INFO - 2023-04-13 16:57:03,305 - sendrequest.py:140 -[sendrequest:run_main] - Cookie：None
INFO - 2023-04-13 16:57:03,305 - sendrequest.py:144 -[sendrequest:run_main] - 请求参数：{'data': {'user_id': 123839387391912}}
INFO - 2023-04-13 16:57:03,327 - sendrequest.py:108 -[sendrequest:send_request] - 接口返回信息：{
  "error_code": null,
  "msg": "删除成功!",
  "msg_code": 200
}

INFO - 2023-04-13 16:57:03,328 - assertions.py:169 -[assertions:assert_result] - yaml文件预期结果：[{'contains': {'msg': '删除成功'}}]
INFO - 2023-04-13 16:57:03,328 - assertions.py:46 -[assertions:contains_assert] - 字符串包含断言成功：预期结果【删除成功】,实际结果【删除成功!】
INFO - 2023-04-13 16:57:03,328 - assertions.py:47 -[assertions:contains_assert] - 测试成功
INFO - 2023-04-13 16:57:03,341 - conftest.py:22 -[conftest:start_test_and_end] - -------------接口测试结束--------------
INFO - 2023-04-13 16:57:03,344 - conftest.py:20 -[conftest:start_test_and_end] - -------------接口测试开始--------------
INFO - 2023-04-13 16:57:03,349 - sendrequest.py:135 -[sendrequest:run_main] - 接口名称：用户查询
INFO - 2023-04-13 16:57:03,349 - sendrequest.py:136 -[sendrequest:run_main] - 请求地址：http://127.0.0.1:8787/dar/user/queryUser
INFO - 2023-04-13 16:57:03,349 - sendrequest.py:137 -[sendrequest:run_main] - 请求方式：POST
INFO - 2023-04-13 16:57:03,349 - sendrequest.py:138 -[sendrequest:run_main] - 测试用例名称：有效查询用户
INFO - 2023-04-13 16:57:03,349 - sendrequest.py:139 -[sendrequest:run_main] - 请求头：{'Content-Type': 'application/x-www-form-urlencoded;charset=UTF-8'}
INFO - 2023-04-13 16:57:03,349 - sendrequest.py:140 -[sendrequest:run_main] - Cookie：None
INFO - 2023-04-13 16:57:03,350 - sendrequest.py:144 -[sendrequest:run_main] - 请求参数：{'data': {'user_id': 123839387391912}}
INFO - 2023-04-13 16:57:03,371 - sendrequest.py:108 -[sendrequest:send_request] - 接口返回信息：{
  "error_code": null,
  "msg": "查询成功!",
  "msg_code": 200
}

INFO - 2023-04-13 16:57:03,373 - assertions.py:169 -[assertions:assert_result] - yaml文件预期结果：[{'contains': {'msg': '查询成功'}}, {'eq': {'msg_code': 200}}]
INFO - 2023-04-13 16:57:03,373 - assertions.py:46 -[assertions:contains_assert] - 字符串包含断言成功：预期结果【查询成功】,实际结果【查询成功!】
INFO - 2023-04-13 16:57:03,373 - assertions.py:47 -[assertions:contains_assert] - 测试成功
INFO - 2023-04-13 16:57:03,373 - assertions.py:73 -[assertions:equal_assert] - 相等断言成功：接口实际结果：{'msg_code': 200}，等于预期结果：{'msg_code': 200}
INFO - 2023-04-13 16:57:03,388 - conftest.py:22 -[conftest:start_test_and_end] - -------------接口测试结束--------------
INFO - 2023-04-13 16:57:03,389 - test_debug_api.py:45 -[test_debug_api:teardown_class] - 正在清理测试数据....
INFO - 2023-04-13 16:58:41,812 - sendrequest.py:135 -[sendrequest:run_main] - 接口名称：用户登录
INFO - 2023-04-13 16:58:41,812 - sendrequest.py:136 -[sendrequest:run_main] - 请求地址：http://127.0.0.1:8787/dar/user/login
INFO - 2023-04-13 16:58:41,812 - sendrequest.py:137 -[sendrequest:run_main] - 请求方式：post
INFO - 2023-04-13 16:58:41,812 - sendrequest.py:138 -[sendrequest:run_main] - 测试用例名称：用户名和密码正确登录验证
INFO - 2023-04-13 16:58:41,813 - sendrequest.py:139 -[sendrequest:run_main] - 请求头：{'Content-Type': 'application/x-www-form-urlencoded;charset=UTF-8'}
INFO - 2023-04-13 16:58:41,813 - sendrequest.py:140 -[sendrequest:run_main] - Cookie：None
INFO - 2023-04-13 16:58:41,813 - sendrequest.py:144 -[sendrequest:run_main] - 请求参数：{'data': {'user_name': 'test01', 'passwd': 'admin123'}}
INFO - 2023-04-13 16:58:41,820 - sendrequest.py:108 -[sendrequest:send_request] - 接口返回信息：{
  "error_code": null,
  "msg": "登录成功",
  "msg_code": 200,
  "token": "2182995664067699814"
}

INFO - 2023-04-13 16:58:41,822 - apiutil.py:166 -[apiutil:extract_data] - json提取到参数：{'token': '2182995664067699814'}
INFO - 2023-04-13 16:58:41,822 - assertions.py:169 -[assertions:assert_result] - yaml文件预期结果：[{'contains': {'error_code': 'none'}}, {'eq': {'msg': '登录成功'}}]
INFO - 2023-04-13 16:58:41,823 - assertions.py:46 -[assertions:contains_assert] - 字符串包含断言成功：预期结果【None】,实际结果【[None]】
INFO - 2023-04-13 16:58:41,823 - assertions.py:47 -[assertions:contains_assert] - 测试成功
INFO - 2023-04-13 16:58:41,823 - assertions.py:73 -[assertions:equal_assert] - 相等断言成功：接口实际结果：{'msg': '登录成功'}，等于预期结果：{'msg': '登录成功'}
INFO - 2023-04-13 16:58:41,823 - test_debug_api.py:14 -[test_debug_api:setup_class] - 环境初始化....
INFO - 2023-04-13 16:58:41,823 - conftest.py:20 -[conftest:start_test_and_end] - -------------接口测试开始--------------
INFO - 2023-04-13 16:58:41,829 - sendrequest.py:135 -[sendrequest:run_main] - 接口名称：新增用户
INFO - 2023-04-13 16:58:41,829 - sendrequest.py:136 -[sendrequest:run_main] - 请求地址：http://127.0.0.1:8787/dar/user/addUser
INFO - 2023-04-13 16:58:41,829 - sendrequest.py:137 -[sendrequest:run_main] - 请求方式：POST
INFO - 2023-04-13 16:58:41,829 - sendrequest.py:138 -[sendrequest:run_main] - 测试用例名称：正常新增用户
INFO - 2023-04-13 16:58:41,829 - sendrequest.py:139 -[sendrequest:run_main] - 请求头：{'Content-Type': 'application/x-www-form-urlencoded;charset=UTF-8'}
INFO - 2023-04-13 16:58:41,829 - sendrequest.py:140 -[sendrequest:run_main] - Cookie：None
INFO - 2023-04-13 16:58:41,830 - sendrequest.py:144 -[sendrequest:run_main] - 请求参数：{'data': {'username': 'testadduser', 'password': 'tset6789890', 'role_id': 123456789, 'dates': '2023-12-31', 'phone': 13800000000, 'token': '2182995664067699814'}}
INFO - 2023-04-13 16:58:41,849 - sendrequest.py:108 -[sendrequest:send_request] - 接口返回信息：{
  "error_code": null,
  "msg": "新增成功",
  "msg_code": 200
}

INFO - 2023-04-13 16:58:41,850 - assertions.py:169 -[assertions:assert_result] - yaml文件预期结果：[{'contains': {'status_code': 200}}, {'contains': {'msg': '新增成功1'}}]
ERROR - 2023-04-13 16:58:41,851 - assertions.py:52 -[assertions:contains_assert] - 响应文本断言失败：预期结果为【新增成功1】,实际结果为【新增成功】
ERROR - 2023-04-13 16:58:41,851 - assertions.py:194 -[assertions:assert_result] - 测试异常
ERROR - 2023-04-13 16:58:41,851 - assertions.py:195 -[assertions:assert_result] - 请检查断言字段是否包含在接口的返回信息中!
ERROR - 2023-04-13 16:58:41,851 - assertions.py:196 -[assertions:assert_result] - 异常信息：
ERROR - 2023-04-13 16:58:41,852 - apiutil.py:135 -[apiutil:specification_yaml] - Traceback (most recent call last):
  File "F:\debugApi\pythonproject\common\assertions.py", line 191, in assert_result
    assert all_flag == 0
AssertionError

During handling of the above exception, another exception occurred:

Traceback (most recent call last):
  File "F:\debugApi\pythonproject\base\apiutil.py", line 130, in specification_yaml
    assert_res.assert_result(validation, res_json, status_code)
  File "F:\debugApi\pythonproject\common\assertions.py", line 197, in assert_result
    assert all_flag == 0
AssertionError

ERROR - 2023-04-13 16:58:41,852 - apiutil.py:138 -[apiutil:specification_yaml] - 
INFO - 2023-04-13 16:58:42,280 - conftest.py:22 -[conftest:start_test_and_end] - -------------接口测试结束--------------
INFO - 2023-04-13 16:58:42,284 - conftest.py:20 -[conftest:start_test_and_end] - -------------接口测试开始--------------
INFO - 2023-04-13 16:58:42,288 - sendrequest.py:135 -[sendrequest:run_main] - 接口名称：修改用户
INFO - 2023-04-13 16:58:42,288 - sendrequest.py:136 -[sendrequest:run_main] - 请求地址：http://127.0.0.1:8787/dar/user/updateUser
INFO - 2023-04-13 16:58:42,289 - sendrequest.py:137 -[sendrequest:run_main] - 请求方式：POST
INFO - 2023-04-13 16:58:42,289 - sendrequest.py:138 -[sendrequest:run_main] - 测试用例名称：正常修改用户信息
INFO - 2023-04-13 16:58:42,289 - sendrequest.py:139 -[sendrequest:run_main] - 请求头：{'Content-Type': 'application/x-www-form-urlencoded;charset=UTF-8'}
INFO - 2023-04-13 16:58:42,289 - sendrequest.py:140 -[sendrequest:run_main] - Cookie：None
INFO - 2023-04-13 16:58:42,290 - sendrequest.py:144 -[sendrequest:run_main] - 请求参数：{'data': {'username': 'testadduser', 'password': 'tset6789#$123', 'role_id': 89588181111112343, 'dates': '2023-12-31', 'phone': 13800000000}}
INFO - 2023-04-13 16:58:42,304 - sendrequest.py:108 -[sendrequest:send_request] - 接口返回信息：{
  "error_code": null,
  "msg": "更新成功",
  "msg_code": 200
}

INFO - 2023-04-13 16:58:42,306 - assertions.py:169 -[assertions:assert_result] - yaml文件预期结果：[{'contains': {'status_code': 200}}, {'contains': {'msg': '更新成功'}}]
INFO - 2023-04-13 16:58:42,306 - assertions.py:46 -[assertions:contains_assert] - 字符串包含断言成功：预期结果【更新成功】,实际结果【更新成功】
INFO - 2023-04-13 16:58:42,306 - assertions.py:47 -[assertions:contains_assert] - 测试成功
INFO - 2023-04-13 16:58:42,320 - conftest.py:22 -[conftest:start_test_and_end] - -------------接口测试结束--------------
INFO - 2023-04-13 16:58:42,324 - conftest.py:20 -[conftest:start_test_and_end] - -------------接口测试开始--------------
INFO - 2023-04-13 16:58:42,329 - sendrequest.py:135 -[sendrequest:run_main] - 接口名称：删除用户
INFO - 2023-04-13 16:58:42,329 - sendrequest.py:136 -[sendrequest:run_main] - 请求地址：http://127.0.0.1:8787/dar/user/deleteUser
INFO - 2023-04-13 16:58:42,329 - sendrequest.py:137 -[sendrequest:run_main] - 请求方式：POST
INFO - 2023-04-13 16:58:42,329 - sendrequest.py:138 -[sendrequest:run_main] - 测试用例名称：有效删除用户
INFO - 2023-04-13 16:58:42,329 - sendrequest.py:139 -[sendrequest:run_main] - 请求头：{'Content-Type': 'application/x-www-form-urlencoded;charset=UTF-8'}
INFO - 2023-04-13 16:58:42,329 - sendrequest.py:140 -[sendrequest:run_main] - Cookie：None
INFO - 2023-04-13 16:58:42,330 - sendrequest.py:144 -[sendrequest:run_main] - 请求参数：{'data': {'user_id': 123839387391912}}
INFO - 2023-04-13 16:58:42,353 - sendrequest.py:108 -[sendrequest:send_request] - 接口返回信息：{
  "error_code": null,
  "msg": "删除成功!",
  "msg_code": 200
}

INFO - 2023-04-13 16:58:42,354 - assertions.py:169 -[assertions:assert_result] - yaml文件预期结果：[{'contains': {'msg': '删除成功'}}]
INFO - 2023-04-13 16:58:42,354 - assertions.py:46 -[assertions:contains_assert] - 字符串包含断言成功：预期结果【删除成功】,实际结果【删除成功!】
INFO - 2023-04-13 16:58:42,354 - assertions.py:47 -[assertions:contains_assert] - 测试成功
INFO - 2023-04-13 16:58:42,367 - conftest.py:22 -[conftest:start_test_and_end] - -------------接口测试结束--------------
INFO - 2023-04-13 16:58:42,370 - conftest.py:20 -[conftest:start_test_and_end] - -------------接口测试开始--------------
INFO - 2023-04-13 16:58:42,374 - sendrequest.py:135 -[sendrequest:run_main] - 接口名称：用户查询
INFO - 2023-04-13 16:58:42,374 - sendrequest.py:136 -[sendrequest:run_main] - 请求地址：http://127.0.0.1:8787/dar/user/queryUser
INFO - 2023-04-13 16:58:42,374 - sendrequest.py:137 -[sendrequest:run_main] - 请求方式：POST
INFO - 2023-04-13 16:58:42,375 - sendrequest.py:138 -[sendrequest:run_main] - 测试用例名称：有效查询用户
INFO - 2023-04-13 16:58:42,375 - sendrequest.py:139 -[sendrequest:run_main] - 请求头：{'Content-Type': 'application/x-www-form-urlencoded;charset=UTF-8'}
INFO - 2023-04-13 16:58:42,375 - sendrequest.py:140 -[sendrequest:run_main] - Cookie：None
INFO - 2023-04-13 16:58:42,375 - sendrequest.py:144 -[sendrequest:run_main] - 请求参数：{'data': {'user_id': 123839387391912}}
INFO - 2023-04-13 16:58:42,397 - sendrequest.py:108 -[sendrequest:send_request] - 接口返回信息：{
  "error_code": null,
  "msg": "查询成功!",
  "msg_code": 200
}

INFO - 2023-04-13 16:58:42,399 - assertions.py:169 -[assertions:assert_result] - yaml文件预期结果：[{'contains': {'msg': '查询成功'}}, {'eq': {'msg_code': 200}}]
INFO - 2023-04-13 16:58:42,399 - assertions.py:46 -[assertions:contains_assert] - 字符串包含断言成功：预期结果【查询成功】,实际结果【查询成功!】
INFO - 2023-04-13 16:58:42,399 - assertions.py:47 -[assertions:contains_assert] - 测试成功
INFO - 2023-04-13 16:58:42,399 - assertions.py:73 -[assertions:equal_assert] - 相等断言成功：接口实际结果：{'msg_code': 200}，等于预期结果：{'msg_code': 200}
INFO - 2023-04-13 16:58:42,413 - conftest.py:22 -[conftest:start_test_and_end] - -------------接口测试结束--------------
INFO - 2023-04-13 16:58:42,414 - test_debug_api.py:45 -[test_debug_api:teardown_class] - 正在清理测试数据....
INFO - 2023-04-13 17:00:50,338 - sendrequest.py:135 -[sendrequest:run_main] - 接口名称：用户登录
INFO - 2023-04-13 17:00:50,338 - sendrequest.py:136 -[sendrequest:run_main] - 请求地址：http://127.0.0.1:8787/dar/user/login
INFO - 2023-04-13 17:00:50,338 - sendrequest.py:137 -[sendrequest:run_main] - 请求方式：post
INFO - 2023-04-13 17:00:50,338 - sendrequest.py:138 -[sendrequest:run_main] - 测试用例名称：用户名和密码正确登录验证
INFO - 2023-04-13 17:00:50,338 - sendrequest.py:139 -[sendrequest:run_main] - 请求头：{'Content-Type': 'application/x-www-form-urlencoded;charset=UTF-8'}
INFO - 2023-04-13 17:00:50,338 - sendrequest.py:140 -[sendrequest:run_main] - Cookie：None
INFO - 2023-04-13 17:00:50,339 - sendrequest.py:144 -[sendrequest:run_main] - 请求参数：{'data': {'user_name': 'test01', 'passwd': 'admin123'}}
INFO - 2023-04-13 17:00:50,344 - sendrequest.py:108 -[sendrequest:send_request] - 接口返回信息：{
  "error_code": null,
  "msg": "登录成功",
  "msg_code": 200,
  "token": "4412256071821057060"
}

INFO - 2023-04-13 17:00:50,346 - apiutil.py:166 -[apiutil:extract_data] - json提取到参数：{'token': '4412256071821057060'}
INFO - 2023-04-13 17:00:50,347 - assertions.py:166 -[assertions:assert_result] - yaml文件预期结果：[{'contains': {'error_code': 'none'}}, {'eq': {'msg': '登录成功'}}]
INFO - 2023-04-13 17:00:50,347 - assertions.py:45 -[assertions:contains_assert] - 字符串包含断言成功：预期结果【None】,实际结果【[None]】
INFO - 2023-04-13 17:00:50,347 - assertions.py:70 -[assertions:equal_assert] - 相等断言成功：接口实际结果：{'msg': '登录成功'}，等于预期结果：{'msg': '登录成功'}
INFO - 2023-04-13 17:00:50,347 - assertions.py:189 -[assertions:assert_result] - 测试成功
INFO - 2023-04-13 17:00:50,348 - test_debug_api.py:14 -[test_debug_api:setup_class] - 环境初始化....
INFO - 2023-04-13 17:00:50,348 - conftest.py:20 -[conftest:start_test_and_end] - -------------接口测试开始--------------
INFO - 2023-04-13 17:00:50,354 - sendrequest.py:135 -[sendrequest:run_main] - 接口名称：新增用户
INFO - 2023-04-13 17:00:50,354 - sendrequest.py:136 -[sendrequest:run_main] - 请求地址：http://127.0.0.1:8787/dar/user/addUser
INFO - 2023-04-13 17:00:50,354 - sendrequest.py:137 -[sendrequest:run_main] - 请求方式：POST
INFO - 2023-04-13 17:00:50,354 - sendrequest.py:138 -[sendrequest:run_main] - 测试用例名称：正常新增用户
INFO - 2023-04-13 17:00:50,354 - sendrequest.py:139 -[sendrequest:run_main] - 请求头：{'Content-Type': 'application/x-www-form-urlencoded;charset=UTF-8'}
INFO - 2023-04-13 17:00:50,354 - sendrequest.py:140 -[sendrequest:run_main] - Cookie：None
INFO - 2023-04-13 17:00:50,354 - sendrequest.py:144 -[sendrequest:run_main] - 请求参数：{'data': {'username': 'testadduser', 'password': 'tset6789890', 'role_id': 123456789, 'dates': '2023-12-31', 'phone': 13800000000, 'token': '4412256071821057060'}}
INFO - 2023-04-13 17:00:50,380 - sendrequest.py:108 -[sendrequest:send_request] - 接口返回信息：{
  "error_code": null,
  "msg": "新增成功",
  "msg_code": 200
}

INFO - 2023-04-13 17:00:50,382 - assertions.py:166 -[assertions:assert_result] - yaml文件预期结果：[{'contains': {'status_code': 200}}, {'contains': {'msg': '新增成功1'}}]
ERROR - 2023-04-13 17:00:50,383 - assertions.py:50 -[assertions:contains_assert] - 响应文本断言失败：预期结果为【新增成功1】,实际结果为【新增成功】
ERROR - 2023-04-13 17:00:50,383 - assertions.py:191 -[assertions:assert_result] - 测试失败
ERROR - 2023-04-13 17:00:50,383 - assertions.py:192 -[assertions:assert_result] - 请检查断言字段是否包含在接口的返回信息中!
ERROR - 2023-04-13 17:00:50,383 - assertions.py:193 -[assertions:assert_result] - 异常信息：
ERROR - 2023-04-13 17:00:50,384 - apiutil.py:135 -[apiutil:specification_yaml] - Traceback (most recent call last):
  File "F:\debugApi\pythonproject\common\assertions.py", line 188, in assert_result
    assert all_flag == 0
AssertionError

During handling of the above exception, another exception occurred:

Traceback (most recent call last):
  File "F:\debugApi\pythonproject\base\apiutil.py", line 130, in specification_yaml
    assert_res.assert_result(validation, res_json, status_code)
  File "F:\debugApi\pythonproject\common\assertions.py", line 194, in assert_result
    assert all_flag == 0
AssertionError

ERROR - 2023-04-13 17:00:50,384 - apiutil.py:138 -[apiutil:specification_yaml] - 
INFO - 2023-04-13 17:00:50,927 - conftest.py:22 -[conftest:start_test_and_end] - -------------接口测试结束--------------
INFO - 2023-04-13 17:00:50,930 - conftest.py:20 -[conftest:start_test_and_end] - -------------接口测试开始--------------
INFO - 2023-04-13 17:00:50,937 - sendrequest.py:135 -[sendrequest:run_main] - 接口名称：修改用户
INFO - 2023-04-13 17:00:50,937 - sendrequest.py:136 -[sendrequest:run_main] - 请求地址：http://127.0.0.1:8787/dar/user/updateUser
INFO - 2023-04-13 17:00:50,937 - sendrequest.py:137 -[sendrequest:run_main] - 请求方式：POST
INFO - 2023-04-13 17:00:50,938 - sendrequest.py:138 -[sendrequest:run_main] - 测试用例名称：正常修改用户信息
INFO - 2023-04-13 17:00:50,938 - sendrequest.py:139 -[sendrequest:run_main] - 请求头：{'Content-Type': 'application/x-www-form-urlencoded;charset=UTF-8'}
INFO - 2023-04-13 17:00:50,938 - sendrequest.py:140 -[sendrequest:run_main] - Cookie：None
INFO - 2023-04-13 17:00:50,939 - sendrequest.py:144 -[sendrequest:run_main] - 请求参数：{'data': {'username': 'testadduser', 'password': 'tset6789#$123', 'role_id': 89588181111112343, 'dates': '2023-12-31', 'phone': 13800000000}}
INFO - 2023-04-13 17:00:50,968 - sendrequest.py:108 -[sendrequest:send_request] - 接口返回信息：{
  "error_code": null,
  "msg": "更新成功",
  "msg_code": 200
}

INFO - 2023-04-13 17:00:50,970 - assertions.py:166 -[assertions:assert_result] - yaml文件预期结果：[{'contains': {'status_code': 200}}, {'contains': {'msg': '更新成功'}}]
INFO - 2023-04-13 17:00:50,970 - assertions.py:45 -[assertions:contains_assert] - 字符串包含断言成功：预期结果【更新成功】,实际结果【更新成功】
INFO - 2023-04-13 17:00:50,970 - assertions.py:189 -[assertions:assert_result] - 测试成功
INFO - 2023-04-13 17:00:50,982 - conftest.py:22 -[conftest:start_test_and_end] - -------------接口测试结束--------------
INFO - 2023-04-13 17:00:50,986 - conftest.py:20 -[conftest:start_test_and_end] - -------------接口测试开始--------------
INFO - 2023-04-13 17:00:50,990 - sendrequest.py:135 -[sendrequest:run_main] - 接口名称：删除用户
INFO - 2023-04-13 17:00:50,990 - sendrequest.py:136 -[sendrequest:run_main] - 请求地址：http://127.0.0.1:8787/dar/user/deleteUser
INFO - 2023-04-13 17:00:50,990 - sendrequest.py:137 -[sendrequest:run_main] - 请求方式：POST
INFO - 2023-04-13 17:00:50,990 - sendrequest.py:138 -[sendrequest:run_main] - 测试用例名称：有效删除用户
INFO - 2023-04-13 17:00:50,990 - sendrequest.py:139 -[sendrequest:run_main] - 请求头：{'Content-Type': 'application/x-www-form-urlencoded;charset=UTF-8'}
INFO - 2023-04-13 17:00:50,991 - sendrequest.py:140 -[sendrequest:run_main] - Cookie：None
INFO - 2023-04-13 17:00:50,992 - sendrequest.py:144 -[sendrequest:run_main] - 请求参数：{'data': {'user_id': 123839387391912}}
INFO - 2023-04-13 17:00:50,995 - sendrequest.py:108 -[sendrequest:send_request] - 接口返回信息：{
  "error_code": null,
  "msg": "删除成功!",
  "msg_code": 200
}

INFO - 2023-04-13 17:00:50,996 - assertions.py:166 -[assertions:assert_result] - yaml文件预期结果：[{'contains': {'msg': '删除成功'}}]
INFO - 2023-04-13 17:00:50,997 - assertions.py:45 -[assertions:contains_assert] - 字符串包含断言成功：预期结果【删除成功】,实际结果【删除成功!】
INFO - 2023-04-13 17:00:50,997 - assertions.py:189 -[assertions:assert_result] - 测试成功
INFO - 2023-04-13 17:00:51,014 - conftest.py:22 -[conftest:start_test_and_end] - -------------接口测试结束--------------
INFO - 2023-04-13 17:00:51,018 - conftest.py:20 -[conftest:start_test_and_end] - -------------接口测试开始--------------
INFO - 2023-04-13 17:00:51,022 - sendrequest.py:135 -[sendrequest:run_main] - 接口名称：用户查询
INFO - 2023-04-13 17:00:51,022 - sendrequest.py:136 -[sendrequest:run_main] - 请求地址：http://127.0.0.1:8787/dar/user/queryUser
INFO - 2023-04-13 17:00:51,022 - sendrequest.py:137 -[sendrequest:run_main] - 请求方式：POST
INFO - 2023-04-13 17:00:51,022 - sendrequest.py:138 -[sendrequest:run_main] - 测试用例名称：有效查询用户
INFO - 2023-04-13 17:00:51,022 - sendrequest.py:139 -[sendrequest:run_main] - 请求头：{'Content-Type': 'application/x-www-form-urlencoded;charset=UTF-8'}
INFO - 2023-04-13 17:00:51,022 - sendrequest.py:140 -[sendrequest:run_main] - Cookie：None
INFO - 2023-04-13 17:00:51,023 - sendrequest.py:144 -[sendrequest:run_main] - 请求参数：{'data': {'user_id': 123839387391912}}
INFO - 2023-04-13 17:00:51,044 - sendrequest.py:108 -[sendrequest:send_request] - 接口返回信息：{
  "error_code": null,
  "msg": "查询成功!",
  "msg_code": 200
}

INFO - 2023-04-13 17:00:51,046 - assertions.py:166 -[assertions:assert_result] - yaml文件预期结果：[{'contains': {'msg': '查询成功'}}, {'eq': {'msg_code': 200}}]
INFO - 2023-04-13 17:00:51,046 - assertions.py:45 -[assertions:contains_assert] - 字符串包含断言成功：预期结果【查询成功】,实际结果【查询成功!】
INFO - 2023-04-13 17:00:51,046 - assertions.py:70 -[assertions:equal_assert] - 相等断言成功：接口实际结果：{'msg_code': 200}，等于预期结果：{'msg_code': 200}
INFO - 2023-04-13 17:00:51,046 - assertions.py:189 -[assertions:assert_result] - 测试成功
INFO - 2023-04-13 17:00:51,060 - conftest.py:22 -[conftest:start_test_and_end] - -------------接口测试结束--------------
INFO - 2023-04-13 17:00:51,061 - test_debug_api.py:45 -[test_debug_api:teardown_class] - 正在清理测试数据....
INFO - 2023-04-13 17:01:27,922 - sendrequest.py:135 -[sendrequest:run_main] - 接口名称：用户登录
INFO - 2023-04-13 17:01:27,922 - sendrequest.py:136 -[sendrequest:run_main] - 请求地址：http://127.0.0.1:8787/dar/user/login
INFO - 2023-04-13 17:01:27,922 - sendrequest.py:137 -[sendrequest:run_main] - 请求方式：post
INFO - 2023-04-13 17:01:27,922 - sendrequest.py:138 -[sendrequest:run_main] - 测试用例名称：用户名和密码正确登录验证
INFO - 2023-04-13 17:01:27,922 - sendrequest.py:139 -[sendrequest:run_main] - 请求头：{'Content-Type': 'application/x-www-form-urlencoded;charset=UTF-8'}
INFO - 2023-04-13 17:01:27,922 - sendrequest.py:140 -[sendrequest:run_main] - Cookie：None
INFO - 2023-04-13 17:01:27,923 - sendrequest.py:144 -[sendrequest:run_main] - 请求参数：{'data': {'user_name': 'test01', 'passwd': 'admin123'}}
INFO - 2023-04-13 17:01:27,928 - sendrequest.py:108 -[sendrequest:send_request] - 接口返回信息：{
  "error_code": null,
  "msg": "登录成功",
  "msg_code": 200,
  "token": "3102228833798872322"
}

INFO - 2023-04-13 17:01:27,929 - apiutil.py:166 -[apiutil:extract_data] - json提取到参数：{'token': '3102228833798872322'}
INFO - 2023-04-13 17:01:27,930 - assertions.py:166 -[assertions:assert_result] - yaml文件预期结果：[{'contains': {'error_code': 'none'}}, {'eq': {'msg': '登录成功'}}]
INFO - 2023-04-13 17:01:27,931 - assertions.py:45 -[assertions:contains_assert] - 字符串包含断言成功：预期结果【None】,实际结果【[None]】
INFO - 2023-04-13 17:01:27,931 - assertions.py:70 -[assertions:equal_assert] - 相等断言成功：接口实际结果：{'msg': '登录成功'}，等于预期结果：{'msg': '登录成功'}
INFO - 2023-04-13 17:01:27,931 - assertions.py:189 -[assertions:assert_result] - 测试成功
INFO - 2023-04-13 17:01:27,931 - test_debug_api.py:14 -[test_debug_api:setup_class] - 环境初始化....
INFO - 2023-04-13 17:01:27,931 - conftest.py:20 -[conftest:start_test_and_end] - -------------接口测试开始--------------
INFO - 2023-04-13 17:01:27,937 - sendrequest.py:135 -[sendrequest:run_main] - 接口名称：新增用户
INFO - 2023-04-13 17:01:27,937 - sendrequest.py:136 -[sendrequest:run_main] - 请求地址：http://127.0.0.1:8787/dar/user/addUser
INFO - 2023-04-13 17:01:27,937 - sendrequest.py:137 -[sendrequest:run_main] - 请求方式：POST
INFO - 2023-04-13 17:01:27,937 - sendrequest.py:138 -[sendrequest:run_main] - 测试用例名称：正常新增用户
INFO - 2023-04-13 17:01:27,937 - sendrequest.py:139 -[sendrequest:run_main] - 请求头：{'Content-Type': 'application/x-www-form-urlencoded;charset=UTF-8'}
INFO - 2023-04-13 17:01:27,937 - sendrequest.py:140 -[sendrequest:run_main] - Cookie：None
INFO - 2023-04-13 17:01:27,938 - sendrequest.py:144 -[sendrequest:run_main] - 请求参数：{'data': {'username': 'testadduser', 'password': 'tset6789890', 'role_id': 123456789, 'dates': '2023-12-31', 'phone': 13800000000, 'token': '3102228833798872322'}}
INFO - 2023-04-13 17:01:27,963 - sendrequest.py:108 -[sendrequest:send_request] - 接口返回信息：{
  "error_code": null,
  "msg": "新增成功",
  "msg_code": 200
}

INFO - 2023-04-13 17:01:27,964 - assertions.py:166 -[assertions:assert_result] - yaml文件预期结果：[{'contains': {'status_code': 200}}, {'contains': {'msg': '新增成功'}}]
INFO - 2023-04-13 17:01:27,964 - assertions.py:45 -[assertions:contains_assert] - 字符串包含断言成功：预期结果【新增成功】,实际结果【新增成功】
INFO - 2023-04-13 17:01:27,965 - assertions.py:189 -[assertions:assert_result] - 测试成功
INFO - 2023-04-13 17:01:27,984 - conftest.py:22 -[conftest:start_test_and_end] - -------------接口测试结束--------------
INFO - 2023-04-13 17:01:27,987 - conftest.py:20 -[conftest:start_test_and_end] - -------------接口测试开始--------------
INFO - 2023-04-13 17:01:27,991 - sendrequest.py:135 -[sendrequest:run_main] - 接口名称：修改用户
INFO - 2023-04-13 17:01:27,991 - sendrequest.py:136 -[sendrequest:run_main] - 请求地址：http://127.0.0.1:8787/dar/user/updateUser
INFO - 2023-04-13 17:01:27,991 - sendrequest.py:137 -[sendrequest:run_main] - 请求方式：POST
INFO - 2023-04-13 17:01:27,991 - sendrequest.py:138 -[sendrequest:run_main] - 测试用例名称：正常修改用户信息
INFO - 2023-04-13 17:01:27,991 - sendrequest.py:139 -[sendrequest:run_main] - 请求头：{'Content-Type': 'application/x-www-form-urlencoded;charset=UTF-8'}
INFO - 2023-04-13 17:01:27,991 - sendrequest.py:140 -[sendrequest:run_main] - Cookie：None
INFO - 2023-04-13 17:01:27,992 - sendrequest.py:144 -[sendrequest:run_main] - 请求参数：{'data': {'username': 'testadduser', 'password': 'tset6789#$123', 'role_id': 89588181111112343, 'dates': '2023-12-31', 'phone': 13800000000}}
INFO - 2023-04-13 17:01:28,010 - sendrequest.py:108 -[sendrequest:send_request] - 接口返回信息：{
  "error_code": null,
  "msg": "更新成功",
  "msg_code": 200
}

INFO - 2023-04-13 17:01:28,011 - assertions.py:166 -[assertions:assert_result] - yaml文件预期结果：[{'contains': {'status_code': 200}}, {'contains': {'msg': '更新成功'}}]
INFO - 2023-04-13 17:01:28,011 - assertions.py:45 -[assertions:contains_assert] - 字符串包含断言成功：预期结果【更新成功】,实际结果【更新成功】
INFO - 2023-04-13 17:01:28,011 - assertions.py:189 -[assertions:assert_result] - 测试成功
INFO - 2023-04-13 17:01:28,024 - conftest.py:22 -[conftest:start_test_and_end] - -------------接口测试结束--------------
INFO - 2023-04-13 17:01:28,027 - conftest.py:20 -[conftest:start_test_and_end] - -------------接口测试开始--------------
INFO - 2023-04-13 17:01:28,032 - sendrequest.py:135 -[sendrequest:run_main] - 接口名称：删除用户
INFO - 2023-04-13 17:01:28,032 - sendrequest.py:136 -[sendrequest:run_main] - 请求地址：http://127.0.0.1:8787/dar/user/deleteUser
INFO - 2023-04-13 17:01:28,032 - sendrequest.py:137 -[sendrequest:run_main] - 请求方式：POST
INFO - 2023-04-13 17:01:28,032 - sendrequest.py:138 -[sendrequest:run_main] - 测试用例名称：有效删除用户
INFO - 2023-04-13 17:01:28,032 - sendrequest.py:139 -[sendrequest:run_main] - 请求头：{'Content-Type': 'application/x-www-form-urlencoded;charset=UTF-8'}
INFO - 2023-04-13 17:01:28,032 - sendrequest.py:140 -[sendrequest:run_main] - Cookie：None
INFO - 2023-04-13 17:01:28,033 - sendrequest.py:144 -[sendrequest:run_main] - 请求参数：{'data': {'user_id': 123839387391912}}
INFO - 2023-04-13 17:01:28,056 - sendrequest.py:108 -[sendrequest:send_request] - 接口返回信息：{
  "error_code": null,
  "msg": "删除成功!",
  "msg_code": 200
}

INFO - 2023-04-13 17:01:28,057 - assertions.py:166 -[assertions:assert_result] - yaml文件预期结果：[{'contains': {'msg': '删除成功'}}]
INFO - 2023-04-13 17:01:28,058 - assertions.py:45 -[assertions:contains_assert] - 字符串包含断言成功：预期结果【删除成功】,实际结果【删除成功!】
INFO - 2023-04-13 17:01:28,058 - assertions.py:189 -[assertions:assert_result] - 测试成功
INFO - 2023-04-13 17:01:28,071 - conftest.py:22 -[conftest:start_test_and_end] - -------------接口测试结束--------------
INFO - 2023-04-13 17:01:28,074 - conftest.py:20 -[conftest:start_test_and_end] - -------------接口测试开始--------------
INFO - 2023-04-13 17:01:28,078 - sendrequest.py:135 -[sendrequest:run_main] - 接口名称：用户查询
INFO - 2023-04-13 17:01:28,079 - sendrequest.py:136 -[sendrequest:run_main] - 请求地址：http://127.0.0.1:8787/dar/user/queryUser
INFO - 2023-04-13 17:01:28,079 - sendrequest.py:137 -[sendrequest:run_main] - 请求方式：POST
INFO - 2023-04-13 17:01:28,079 - sendrequest.py:138 -[sendrequest:run_main] - 测试用例名称：有效查询用户
INFO - 2023-04-13 17:01:28,079 - sendrequest.py:139 -[sendrequest:run_main] - 请求头：{'Content-Type': 'application/x-www-form-urlencoded;charset=UTF-8'}
INFO - 2023-04-13 17:01:28,079 - sendrequest.py:140 -[sendrequest:run_main] - Cookie：None
INFO - 2023-04-13 17:01:28,079 - sendrequest.py:144 -[sendrequest:run_main] - 请求参数：{'data': {'user_id': 123839387391912}}
INFO - 2023-04-13 17:01:28,102 - sendrequest.py:108 -[sendrequest:send_request] - 接口返回信息：{
  "error_code": null,
  "msg": "查询成功!",
  "msg_code": 200
}

INFO - 2023-04-13 17:01:28,103 - assertions.py:166 -[assertions:assert_result] - yaml文件预期结果：[{'contains': {'msg': '查询成功'}}, {'eq': {'msg_code': 200}}]
INFO - 2023-04-13 17:01:28,103 - assertions.py:45 -[assertions:contains_assert] - 字符串包含断言成功：预期结果【查询成功】,实际结果【查询成功!】
INFO - 2023-04-13 17:01:28,103 - assertions.py:70 -[assertions:equal_assert] - 相等断言成功：接口实际结果：{'msg_code': 200}，等于预期结果：{'msg_code': 200}
INFO - 2023-04-13 17:01:28,103 - assertions.py:189 -[assertions:assert_result] - 测试成功
INFO - 2023-04-13 17:01:28,117 - conftest.py:22 -[conftest:start_test_and_end] - -------------接口测试结束--------------
INFO - 2023-04-13 17:01:28,118 - test_debug_api.py:45 -[test_debug_api:teardown_class] - 正在清理测试数据....
